

================================================================
== Vitis HLS Report for 'getinstream'
================================================================
* Date:           Sun May 12 10:10:21 2024

* Version:        2022.1 (Build 3526262 on Mon Apr 18 15:47:01 MDT 2022)
* Project:        hls_userdma.prj
* Solution:       solution1 (Vivado IP Flow Target)
* Product family: zynq
* Target device:  xc7z020-clg400-1


================================================================
== Performance Estimates
================================================================
+ Timing: 
    * Summary: 
    +--------+----------+----------+------------+
    |  Clock |  Target  | Estimated| Uncertainty|
    +--------+----------+----------+------------+
    |ap_clk  |  10.00 ns|  6.613 ns|     2.70 ns|
    +--------+----------+----------+------------+

+ Latency: 
    * Summary: 
    +---------+---------+----------+----------+-----+-----+---------+
    |  Latency (cycles) |  Latency (absolute) |  Interval | Pipeline|
    |   min   |   max   |    min   |    max   | min | max |   Type  |
    +---------+---------+----------+----------+-----+-----+---------+
    |        ?|        ?|         ?|         ?|    ?|    ?|       no|
    +---------+---------+----------+----------+-----+-----+---------+

    + Detail: 
        * Instance: 
        N/A

        * Loop: 
        N/A

============================================================
+ Verbose Summary: Synthesis Manager
============================================================
InlineROM: 1
ExposeGlobal: 0
============================================================
+ Verbose Summary: CDFG Model
============================================================
IsTopModel: 0
ResetActiveHigh: 1
IsCombinational: 2
IsDatapathOnly: 0
HasWiredReturn: 1
HasMFsm: 0
HasVarLatency: 1
IsPipeline: 0
IsRtlPipelined: 0
IsInstanceOverlapped: 0
IsDontTouch: 0
HasImplIP: 0
IsGatedGlobalClock: 0


============================================================
+ Verbose Summary: Schedule
============================================================
* Number of FSM states : 3
* Pipeline : 0
* Dataflow Pipeline: 0

* FSM state transitions: 
1 --> 2 3 
2 --> 3 
3 --> 

* FSM state operations: 

State 1 <SV = 0> <Delay = 5.72>
ST_1 : Operation 4 [1/1] (0.00ns)   --->   "%in_s2m_len_read = read i32 @_ssdm_op_Read.ap_auto.i32, i32 %in_s2m_len"   --->   Operation 4 'read' 'in_s2m_len_read' <Predicate = true> <Delay = 0.00>
ST_1 : Operation 5 [1/1] (0.00ns)   --->   "%in_en_clrsts_read = read i1 @_ssdm_op_Read.ap_auto.i1, i1 %in_en_clrsts"   --->   Operation 5 'read' 'in_en_clrsts_read' <Predicate = true> <Delay = 0.00>
ST_1 : Operation 6 [1/1] (0.00ns)   --->   "%tmp_last_V_loc = alloca i64 1"   --->   Operation 6 'alloca' 'tmp_last_V_loc' <Predicate = true> <Delay = 0.00>
ST_1 : Operation 7 [1/1] (0.00ns)   --->   "%specinterface_ln0 = specinterface void @_ssdm_op_SpecInterface, i1 %s2m_enb_clrsts_c, void @ap_fifo_str, i32 0, i32 0, void @p_str, i32 0, i32 0, void @p_str, void @p_str, void @p_str, i32 2, i32 2, i32 16, i32 16, void @p_str, void @ScalarProp_str, i32 4294967295, i32 0"   --->   Operation 7 'specinterface' 'specinterface_ln0' <Predicate = true> <Delay = 0.00>
ST_1 : Operation 8 [1/1] (3.63ns)   --->   "%write_ln0 = write void @_ssdm_op_Write.ap_fifo.i1P0A, i1 %s2m_enb_clrsts_c, i1 %in_en_clrsts_read"   --->   Operation 8 'write' 'write_ln0' <Predicate = true> <Delay = 3.63> <CoreInst = "FIFO_SRL">   --->   Core 81 'FIFO_SRL' <Latency = 0> <II = 1> <Delay = 3.63> <Storage> <Opcode : 'read' 'write' 'nbread' 'nbwrite'> <Ports = 0> <Width = 1> <Depth = 2> <FIFO>
ST_1 : Operation 9 [1/1] (0.00ns)   --->   "%specinterface_ln0 = specinterface void @_ssdm_op_SpecInterface, i32 %s2m_len_c, void @ap_fifo_str, i32 0, i32 0, void @p_str, i32 0, i32 0, void @p_str, void @p_str, void @p_str, i32 2, i32 2, i32 16, i32 16, void @p_str, void @ScalarProp_str, i32 4294967295, i32 0"   --->   Operation 9 'specinterface' 'specinterface_ln0' <Predicate = true> <Delay = 0.00>
ST_1 : Operation 10 [1/1] (3.63ns)   --->   "%write_ln0 = write void @_ssdm_op_Write.ap_fifo.i32P0A, i32 %s2m_len_c, i32 %in_s2m_len_read"   --->   Operation 10 'write' 'write_ln0' <Predicate = true> <Delay = 3.63> <CoreInst = "FIFO_SRL">   --->   Core 81 'FIFO_SRL' <Latency = 0> <II = 1> <Delay = 3.63> <Storage> <Opcode : 'read' 'write' 'nbread' 'nbwrite'> <Ports = 0> <Width = 32> <Depth = 2> <FIFO>
ST_1 : Operation 11 [1/1] (0.00ns)   --->   "%specinterface_ln0 = specinterface void @_ssdm_op_SpecInterface, i32 %incount43, void @empty_18, i32 0, i32 0, void @empty_26, i32 0, i32 0, void @empty_26, void @empty_26, void @empty_26, i32 0, i32 0, i32 0, i32 0, void @empty_26, void @empty_26, i32 4294967295, i32 0"   --->   Operation 11 'specinterface' 'specinterface_ln0' <Predicate = true> <Delay = 0.00>
ST_1 : Operation 12 [1/1] (0.00ns)   --->   "%specinterface_ln0 = specinterface void @_ssdm_op_SpecInterface, i33 %inbuf, void @empty_18, i32 0, i32 0, void @empty_26, i32 0, i32 0, void @empty_26, void @empty_26, void @empty_26, i32 0, i32 0, i32 0, i32 0, void @empty_26, void @empty_26, i32 4294967295, i32 0"   --->   Operation 12 'specinterface' 'specinterface_ln0' <Predicate = true> <Delay = 0.00>
ST_1 : Operation 13 [1/1] (0.00ns)   --->   "%specinterface_ln0 = specinterface void @_ssdm_op_SpecInterface, i1 %inStreamTop_V_last_V, i7 %inStreamTop_V_user_V, i4 %inStreamTop_V_strb_V, i4 %inStreamTop_V_keep_V, i32 %inStreamTop_V_data_V, void @empty_16, i32 1, i32 1, void @empty_3, i32 0, i32 0, void @empty_26, void @empty_26, void @empty_26, i32 0, i32 0, i32 0, i32 0, void @empty_26, void @empty_26, i32 4294967295, i32 0"   --->   Operation 13 'specinterface' 'specinterface_ln0' <Predicate = true> <Delay = 0.00>
ST_1 : Operation 14 [1/1] (0.00ns)   --->   "%br_ln51 = br i1 %in_en_clrsts_read, void %VITIS_LOOP_52_1, void %if.else" [userdma.cpp:51]   --->   Operation 14 'br' 'br_ln51' <Predicate = true> <Delay = 0.00>
ST_1 : Operation 15 [1/1] (0.00ns)   --->   "%in_len_V_load = load i32 %in_len_V"   --->   Operation 15 'load' 'in_len_V_load' <Predicate = (!in_en_clrsts_read)> <Delay = 0.00>
ST_1 : Operation 16 [1/1] (2.55ns)   --->   "%add_ln52 = add i32 %in_len_V_load, i32 1" [userdma.cpp:52]   --->   Operation 16 'add' 'add_ln52' <Predicate = (!in_en_clrsts_read)> <Delay = 2.55> <CoreInst = "Adder">   --->   Core 1 'Adder' <Latency = 0> <II = 1> <Delay = 2.55> <FuncUnit> <Opcode : 'add' 'sub'> <InPorts = 2> <OutPorts = 1>
ST_1 : Operation 17 [1/1] (2.47ns)   --->   "%empty = icmp_ult  i32 %add_ln52, i32 %in_s2m_len_read" [userdma.cpp:52]   --->   Operation 17 'icmp' 'empty' <Predicate = (!in_en_clrsts_read)> <Delay = 2.47> <CoreInst = "Cmp">   --->   Core 9 'Cmp' <Latency = 0> <II = 1> <Delay = 2.47> <FuncUnit> <Opcode : 'icmp'> <InPorts = 2> <OutPorts = 1>
ST_1 : Operation 18 [1/1] (0.69ns)   --->   "%umax = select i1 %empty, i32 %in_s2m_len_read, i32 %add_ln52" [userdma.cpp:52]   --->   Operation 18 'select' 'umax' <Predicate = (!in_en_clrsts_read)> <Delay = 0.69> <CoreInst = "Sel">   --->   Core 73 'Sel' <Latency = 0> <II = 1> <Delay = 0.69> <FuncUnit> <Opcode : 'select'> <InPorts = 3> <OutPorts = 1>
ST_1 : Operation 19 [1/1] (0.00ns)   --->   "%empty_60 = wait i32 @_ssdm_op_Wait"   --->   Operation 19 'wait' 'empty_60' <Predicate = (!in_en_clrsts_read)> <Delay = 0.00>
ST_1 : Operation 20 [2/2] (3.50ns)   --->   "%call_ln886 = call void @getinstream_Pipeline_VITIS_LOOP_52_1, i32 %in_len_V_load, i32 %inStreamTop_V_data_V, i4 %inStreamTop_V_keep_V, i4 %inStreamTop_V_strb_V, i7 %inStreamTop_V_user_V, i1 %inStreamTop_V_last_V, i33 %inbuf, i32 %in_s2m_len_read, i32 %incount43, i1 %tmp_last_V_loc"   --->   Operation 20 'call' 'call_ln886' <Predicate = (!in_en_clrsts_read)> <Delay = 3.50> <CoreType = "Generic">   --->   Core 0 '' <Latency = 0> <II = 1> <Delay = 1.00> <Generic> <Opcode : >
ST_1 : Operation 21 [1/1] (1.58ns)   --->   "%store_ln74 = store i32 0, i32 %in_len_V" [userdma.cpp:74]   --->   Operation 21 'store' 'store_ln74' <Predicate = (in_en_clrsts_read)> <Delay = 1.58>
ST_1 : Operation 22 [1/1] (0.00ns)   --->   "%write_ln75 = write void @_ssdm_op_Write.ap_auto.i2P0A, i2 %s2m_err, i2 0" [userdma.cpp:75]   --->   Operation 22 'write' 'write_ln75' <Predicate = (in_en_clrsts_read)> <Delay = 0.00>
ST_1 : Operation 23 [1/1] (0.00ns)   --->   "%br_ln0 = br void %if.end23"   --->   Operation 23 'br' 'br_ln0' <Predicate = (in_en_clrsts_read)> <Delay = 0.00>

State 2 <SV = 1> <Delay = 5.03>
ST_2 : Operation 24 [1/1] (2.55ns)   --->   "%add_ln52_1 = add i32 %umax, i32 4294967295" [userdma.cpp:52]   --->   Operation 24 'add' 'add_ln52_1' <Predicate = true> <Delay = 2.55> <CoreInst = "Adder">   --->   Core 1 'Adder' <Latency = 0> <II = 1> <Delay = 2.55> <FuncUnit> <Opcode : 'add' 'sub'> <InPorts = 2> <OutPorts = 1>
ST_2 : Operation 25 [1/2] (0.00ns)   --->   "%call_ln886 = call void @getinstream_Pipeline_VITIS_LOOP_52_1, i32 %in_len_V_load, i32 %inStreamTop_V_data_V, i4 %inStreamTop_V_keep_V, i4 %inStreamTop_V_strb_V, i7 %inStreamTop_V_user_V, i1 %inStreamTop_V_last_V, i33 %inbuf, i32 %in_s2m_len_read, i32 %incount43, i1 %tmp_last_V_loc"   --->   Operation 25 'call' 'call_ln886' <Predicate = true> <Delay = 0.00> <CoreType = "Generic">   --->   Core 0 '' <Latency = 0> <II = 1> <Delay = 1.00> <Generic> <Opcode : >
ST_2 : Operation 26 [1/1] (0.00ns)   --->   "%in_s2m_len_cast = zext i32 %in_s2m_len_read"   --->   Operation 26 'zext' 'in_s2m_len_cast' <Predicate = true> <Delay = 0.00>
ST_2 : Operation 27 [1/1] (2.55ns)   --->   "%sub_i_i51 = add i33 %in_s2m_len_cast, i33 8589934591"   --->   Operation 27 'add' 'sub_i_i51' <Predicate = true> <Delay = 2.55> <CoreInst = "Adder">   --->   Core 1 'Adder' <Latency = 0> <II = 1> <Delay = 2.55> <FuncUnit> <Opcode : 'add' 'sub'> <InPorts = 2> <OutPorts = 1>
ST_2 : Operation 28 [1/1] (0.00ns)   --->   "%zext_ln1073 = zext i32 %add_ln52_1"   --->   Operation 28 'zext' 'zext_ln1073' <Predicate = true> <Delay = 0.00>
ST_2 : Operation 29 [1/1] (2.48ns)   --->   "%icmp_ln1073 = icmp_slt  i33 %zext_ln1073, i33 %sub_i_i51"   --->   Operation 29 'icmp' 'icmp_ln1073' <Predicate = true> <Delay = 2.48> <CoreInst = "Cmp">   --->   Core 9 'Cmp' <Latency = 0> <II = 1> <Delay = 2.48> <FuncUnit> <Opcode : 'icmp'> <InPorts = 2> <OutPorts = 1>
ST_2 : Operation 30 [1/1] (2.48ns)   --->   "%icmp_ln1065 = icmp_eq  i33 %zext_ln1073, i33 %sub_i_i51"   --->   Operation 30 'icmp' 'icmp_ln1065' <Predicate = true> <Delay = 2.48> <CoreInst = "Cmp">   --->   Core 9 'Cmp' <Latency = 0> <II = 1> <Delay = 2.48> <FuncUnit> <Opcode : 'icmp'> <InPorts = 2> <OutPorts = 1>
ST_2 : Operation 31 [1/1] (1.58ns)   --->   "%store_ln886 = store i32 %umax, i32 %in_len_V"   --->   Operation 31 'store' 'store_ln886' <Predicate = true> <Delay = 1.58>

State 3 <SV = 2> <Delay = 0.99>
ST_3 : Operation 32 [1/1] (0.00ns)   --->   "%tmp_last_V_loc_load = load i1 %tmp_last_V_loc"   --->   Operation 32 'load' 'tmp_last_V_loc_load' <Predicate = (!in_en_clrsts_read)> <Delay = 0.00>
ST_3 : Operation 33 [1/1] (0.00ns) (grouped into LUT with out node select_ln63)   --->   "%and_ln60 = and i1 %tmp_last_V_loc_load, i1 %icmp_ln1073" [userdma.cpp:60]   --->   Operation 33 'and' 'and_ln60' <Predicate = (!in_en_clrsts_read)> <Delay = 0.00> <CoreInst = "LogicGate">   --->   Core 74 'LogicGate' <Latency = 0> <II = 1> <Delay = 0.97> <FuncUnit> <Opcode : 'and' 'or' 'xor'> <InPorts = 2> <OutPorts = 1>
ST_3 : Operation 34 [1/1] (0.00ns) (grouped into LUT with out node select_ln63)   --->   "%zext_ln60 = zext i1 %and_ln60" [userdma.cpp:60]   --->   Operation 34 'zext' 'zext_ln60' <Predicate = (!in_en_clrsts_read)> <Delay = 0.00>
ST_3 : Operation 35 [1/1] (0.00ns) (grouped into LUT with out node select_ln63)   --->   "%xor_ln1069 = xor i1 %tmp_last_V_loc_load, i1 1"   --->   Operation 35 'xor' 'xor_ln1069' <Predicate = (!in_en_clrsts_read)> <Delay = 0.00> <CoreInst = "LogicGate">   --->   Core 74 'LogicGate' <Latency = 0> <II = 1> <Delay = 0.97> <FuncUnit> <Opcode : 'and' 'or' 'xor'> <InPorts = 2> <OutPorts = 1>
ST_3 : Operation 36 [1/1] (0.00ns) (grouped into LUT with out node select_ln63)   --->   "%and_ln63 = and i1 %icmp_ln1065, i1 %xor_ln1069" [userdma.cpp:63]   --->   Operation 36 'and' 'and_ln63' <Predicate = (!in_en_clrsts_read)> <Delay = 0.00> <CoreInst = "LogicGate">   --->   Core 74 'LogicGate' <Latency = 0> <II = 1> <Delay = 0.97> <FuncUnit> <Opcode : 'and' 'or' 'xor'> <InPorts = 2> <OutPorts = 1>
ST_3 : Operation 37 [1/1] (0.99ns) (out node of the LUT)   --->   "%select_ln63 = select i1 %and_ln63, i2 2, i2 %zext_ln60" [userdma.cpp:63]   --->   Operation 37 'select' 'select_ln63' <Predicate = (!in_en_clrsts_read)> <Delay = 0.99> <CoreInst = "Sel">   --->   Core 73 'Sel' <Latency = 0> <II = 1> <Delay = 0.99> <FuncUnit> <Opcode : 'select'> <InPorts = 3> <OutPorts = 1>
ST_3 : Operation 38 [1/1] (0.00ns)   --->   "%write_ln58 = write void @_ssdm_op_Write.ap_auto.i2P0A, i2 %s2m_err, i2 %select_ln63" [userdma.cpp:58]   --->   Operation 38 'write' 'write_ln58' <Predicate = (!in_en_clrsts_read)> <Delay = 0.00>
ST_3 : Operation 39 [1/1] (0.00ns)   --->   "%br_ln73 = br void %if.end23" [userdma.cpp:73]   --->   Operation 39 'br' 'br_ln73' <Predicate = (!in_en_clrsts_read)> <Delay = 0.00>
ST_3 : Operation 40 [1/1] (0.00ns)   --->   "%ret_ln77 = ret" [userdma.cpp:77]   --->   Operation 40 'ret' 'ret_ln77' <Predicate = true> <Delay = 0.00>


============================================================
+ Verbose Summary: Timing violations
============================================================
Target clock period: 10ns, clock uncertainty: 2.7ns.

 <State 1>: 5.72ns
The critical path consists of the following:
	'load' operation ('in_len_V_load') on static variable 'in_len_V' [26]  (0 ns)
	'add' operation ('add_ln52', userdma.cpp:52) [27]  (2.55 ns)
	'icmp' operation ('empty', userdma.cpp:52) [28]  (2.47 ns)
	'select' operation ('umax', userdma.cpp:52) [29]  (0.698 ns)

 <State 2>: 5.03ns
The critical path consists of the following:
	'add' operation ('add_ln52_1', userdma.cpp:52) [30]  (2.55 ns)
	'icmp' operation ('icmp_ln1073') [37]  (2.48 ns)

 <State 3>: 0.993ns
The critical path consists of the following:
	'load' operation ('tmp_last_V_loc_load') on local variable 'tmp_last_V_loc' [33]  (0 ns)
	'and' operation ('and_ln60', userdma.cpp:60) [38]  (0 ns)
	'select' operation ('select_ln63', userdma.cpp:63) [43]  (0.993 ns)


============================================================
+ Verbose Summary: Binding
============================================================
N/A
* FSMD analyzer results:
  - Output states:
 - Input state : 
  - Chain level:
	State 1
	State 2
	State 3


============================================================
+ Verbose Summary: Datapath Resource usage 
============================================================
N/A
