

================================================================
== Vitis HLS Report for 'getinstream'
================================================================
* Date:           Sun May 12 10:10:23 2024

* Version:        2022.1 (Build 3526262 on Mon Apr 18 15:47:01 MDT 2022)
* Project:        hls_userdma.prj
* Solution:       solution1 (Vivado IP Flow Target)
* Product family: zynq
* Target device:  xc7z020-clg400-1


================================================================
== Performance Estimates
================================================================
+ Timing: 
    * Summary: 
    +--------+----------+----------+------------+
    |  Clock |  Target  | Estimated| Uncertainty|
    +--------+----------+----------+------------+
    |ap_clk  |  10.00 ns|  6.613 ns|     2.70 ns|
    +--------+----------+----------+------------+

+ Latency: 
    * Summary: 
    +---------+---------+----------+----------+-----+-----+---------+
    |  Latency (cycles) |  Latency (absolute) |  Interval | Pipeline|
    |   min   |   max   |    min   |    max   | min | max |   Type  |
    +---------+---------+----------+----------+-----+-----+---------+
    |        ?|        ?|         ?|         ?|    ?|    ?|       no|
    +---------+---------+----------+----------+-----+-----+---------+

    + Detail: 
        * Instance: 
        +-------------------------------------------------+--------------------------------------+---------+---------+----------+----------+-----+-----+---------+
        |                                                 |                                      |  Latency (cycles) |  Latency (absolute) |  Interval | Pipeline|
        |                     Instance                    |                Module                |   min   |   max   |    min   |    max   | min | max |   Type  |
        +-------------------------------------------------+--------------------------------------+---------+---------+----------+----------+-----+-----+---------+
        |grp_getinstream_Pipeline_VITIS_LOOP_52_1_fu_116  |getinstream_Pipeline_VITIS_LOOP_52_1  |        ?|        ?|         ?|         ?|    ?|    ?|       no|
        +-------------------------------------------------+--------------------------------------+---------+---------+----------+----------+-----+-----+---------+

        * Loop: 
        N/A



================================================================
== Utilization Estimates
================================================================
* Summary: 
+-----------------+---------+-----+--------+-------+-----+
|       Name      | BRAM_18K| DSP |   FF   |  LUT  | URAM|
+-----------------+---------+-----+--------+-------+-----+
|DSP              |        -|    -|       -|      -|    -|
|Expression       |        -|    -|       0|    215|    -|
|FIFO             |        -|    -|       -|      -|    -|
|Instance         |        -|    -|     104|    192|    -|
|Memory           |        -|    -|       -|      -|    -|
|Multiplexer      |        -|    -|       -|    106|    -|
|Register         |        -|    -|      73|      -|    -|
+-----------------+---------+-----+--------+-------+-----+
|Total            |        0|    0|     177|    513|    0|
+-----------------+---------+-----+--------+-------+-----+
|Available        |      280|  220|  106400|  53200|    0|
+-----------------+---------+-----+--------+-------+-----+
|Utilization (%)  |        0|    0|      ~0|     ~0|    0|
+-----------------+---------+-----+--------+-------+-----+

+ Detail: 
    * Instance: 
    +-------------------------------------------------+--------------------------------------+---------+----+-----+-----+-----+
    |                     Instance                    |                Module                | BRAM_18K| DSP|  FF | LUT | URAM|
    +-------------------------------------------------+--------------------------------------+---------+----+-----+-----+-----+
    |grp_getinstream_Pipeline_VITIS_LOOP_52_1_fu_116  |getinstream_Pipeline_VITIS_LOOP_52_1  |        0|   0|  104|  192|    0|
    +-------------------------------------------------+--------------------------------------+---------+----+-----+-----+-----+
    |Total                                            |                                      |        0|   0|  104|  192|    0|
    +-------------------------------------------------+--------------------------------------+---------+----+-----+-----+-----+

    * DSP: 
    N/A

    * Memory: 
    N/A

    * FIFO: 
    N/A

    * Expression: 
    +-----------------------+----------+----+---+----+------------+------------+
    |     Variable Name     | Operation| DSP| FF| LUT| Bitwidth P0| Bitwidth P1|
    +-----------------------+----------+----+---+----+------------+------------+
    |add_ln52_1_fu_169_p2   |         +|   0|  0|  39|          32|           2|
    |add_ln52_fu_143_p2     |         +|   0|  0|  39|          32|           1|
    |sub_i_i51_fu_177_p2    |         +|   0|  0|  40|          33|           2|
    |and_ln60_fu_207_p2     |       and|   0|  0|   2|           1|           1|
    |and_ln63_fu_222_p2     |       and|   0|  0|   2|           1|           1|
    |empty_fu_149_p2        |      icmp|   0|  0|  18|          32|          32|
    |icmp_ln1065_fu_193_p2  |      icmp|   0|  0|  18|          33|          33|
    |icmp_ln1073_fu_187_p2  |      icmp|   0|  0|  18|          33|          33|
    |ap_block_state1        |        or|   0|  0|   2|           1|           1|
    |select_ln63_fu_227_p3  |    select|   0|  0|   3|           1|           3|
    |umax_fu_155_p3         |    select|   0|  0|  32|           1|          32|
    |xor_ln1069_fu_216_p2   |       xor|   0|  0|   2|           1|           2|
    +-----------------------+----------+----+---+----+------------+------------+
    |Total                  |          |   0|  0| 215|         201|         143|
    +-----------------------+----------+----+---+----+------------+------------+

    * Multiplexer: 
    +---------------------------------+----+-----------+-----+-----------+
    |               Name              | LUT| Input Size| Bits| Total Bits|
    +---------------------------------+----+-----------+-----+-----------+
    |ap_NS_fsm                        |  20|          4|    1|          4|
    |ap_done                          |   9|          2|    1|          2|
    |inStreamTop_TREADY_int_regslice  |   9|          2|    1|          2|
    |in_len_V                         |   9|          2|   32|         64|
    |inbuf_write                      |   9|          2|    1|          2|
    |incount43_write                  |   9|          2|    1|          2|
    |s2m_enb_clrsts_c_blk_n           |   9|          2|    1|          2|
    |s2m_err                          |  14|          3|    2|          6|
    |s2m_err_preg                     |   9|          2|    2|          4|
    |s2m_len_c_blk_n                  |   9|          2|    1|          2|
    +---------------------------------+----+-----------+-----+-----------+
    |Total                            | 106|         23|   43|         90|
    +---------------------------------+----+-----------+-----+-----------+

    * Register: 
    +--------------------------------------------------------------+----+----+-----+-----------+
    |                             Name                             | FF | LUT| Bits| Const Bits|
    +--------------------------------------------------------------+----+----+-----+-----------+
    |ap_CS_fsm                                                     |   3|   0|    3|          0|
    |ap_done_reg                                                   |   1|   0|    1|          0|
    |grp_getinstream_Pipeline_VITIS_LOOP_52_1_fu_116_ap_start_reg  |   1|   0|    1|          0|
    |icmp_ln1065_reg_268                                           |   1|   0|    1|          0|
    |icmp_ln1073_reg_263                                           |   1|   0|    1|          0|
    |in_len_V                                                      |  32|   0|   32|          0|
    |s2m_err_preg                                                  |   2|   0|    2|          0|
    |umax_reg_257                                                  |  32|   0|   32|          0|
    +--------------------------------------------------------------+----+----+-----+-----------+
    |Total                                                         |  73|   0|   73|          0|
    +--------------------------------------------------------------+----+----+-----+-----------+



================================================================
== Interface
================================================================
* Summary: 
+---------------------------------+-----+-----+------------+----------------------+--------------+
|            RTL Ports            | Dir | Bits|  Protocol  |     Source Object    |    C Type    |
+---------------------------------+-----+-----+------------+----------------------+--------------+
|ap_clk                           |   in|    1|  ap_ctrl_hs|           getinstream|  return value|
|ap_rst                           |   in|    1|  ap_ctrl_hs|           getinstream|  return value|
|ap_start                         |   in|    1|  ap_ctrl_hs|           getinstream|  return value|
|ap_done                          |  out|    1|  ap_ctrl_hs|           getinstream|  return value|
|ap_continue                      |   in|    1|  ap_ctrl_hs|           getinstream|  return value|
|ap_idle                          |  out|    1|  ap_ctrl_hs|           getinstream|  return value|
|ap_ready                         |  out|    1|  ap_ctrl_hs|           getinstream|  return value|
|inStreamTop_TDATA                |   in|   32|        axis|  inStreamTop_V_data_V|       pointer|
|inStreamTop_TVALID               |   in|    1|        axis|  inStreamTop_V_last_V|       pointer|
|inStreamTop_TREADY               |  out|    1|        axis|  inStreamTop_V_last_V|       pointer|
|inStreamTop_TLAST                |   in|    1|        axis|  inStreamTop_V_last_V|       pointer|
|inStreamTop_TKEEP                |   in|    4|        axis|  inStreamTop_V_keep_V|       pointer|
|inStreamTop_TSTRB                |   in|    4|        axis|  inStreamTop_V_strb_V|       pointer|
|inStreamTop_TUSER                |   in|    7|        axis|  inStreamTop_V_user_V|       pointer|
|in_en_clrsts                     |   in|    1|     ap_none|          in_en_clrsts|        scalar|
|in_s2m_len                       |   in|   32|     ap_none|            in_s2m_len|        scalar|
|s2m_err                          |  out|    2|      ap_vld|               s2m_err|       pointer|
|s2m_err_ap_vld                   |  out|    1|      ap_vld|               s2m_err|       pointer|
|inbuf_din                        |  out|   33|     ap_fifo|                 inbuf|       pointer|
|inbuf_num_data_valid             |   in|   11|     ap_fifo|                 inbuf|       pointer|
|inbuf_fifo_cap                   |   in|   11|     ap_fifo|                 inbuf|       pointer|
|inbuf_full_n                     |   in|    1|     ap_fifo|                 inbuf|       pointer|
|inbuf_write                      |  out|    1|     ap_fifo|                 inbuf|       pointer|
|incount43_din                    |  out|   32|     ap_fifo|             incount43|       pointer|
|incount43_num_data_valid         |   in|    7|     ap_fifo|             incount43|       pointer|
|incount43_fifo_cap               |   in|    7|     ap_fifo|             incount43|       pointer|
|incount43_full_n                 |   in|    1|     ap_fifo|             incount43|       pointer|
|incount43_write                  |  out|    1|     ap_fifo|             incount43|       pointer|
|s2m_len_c_din                    |  out|   32|     ap_fifo|             s2m_len_c|       pointer|
|s2m_len_c_num_data_valid         |   in|    2|     ap_fifo|             s2m_len_c|       pointer|
|s2m_len_c_fifo_cap               |   in|    2|     ap_fifo|             s2m_len_c|       pointer|
|s2m_len_c_full_n                 |   in|    1|     ap_fifo|             s2m_len_c|       pointer|
|s2m_len_c_write                  |  out|    1|     ap_fifo|             s2m_len_c|       pointer|
|s2m_enb_clrsts_c_din             |  out|    1|     ap_fifo|      s2m_enb_clrsts_c|       pointer|
|s2m_enb_clrsts_c_num_data_valid  |   in|    2|     ap_fifo|      s2m_enb_clrsts_c|       pointer|
|s2m_enb_clrsts_c_fifo_cap        |   in|    2|     ap_fifo|      s2m_enb_clrsts_c|       pointer|
|s2m_enb_clrsts_c_full_n          |   in|    1|     ap_fifo|      s2m_enb_clrsts_c|       pointer|
|s2m_enb_clrsts_c_write           |  out|    1|     ap_fifo|      s2m_enb_clrsts_c|       pointer|
+---------------------------------+-----+-----+------------+----------------------+--------------+

============================================================
+ Verbose Summary: Synthesis Manager
============================================================
InlineROM: 1
ExposeGlobal: 0
============================================================
+ Verbose Summary: CDFG Model
============================================================
IsTopModel: 0
ResetActiveHigh: 1
IsCombinational: 2
IsDatapathOnly: 0
HasWiredReturn: 1
HasMFsm: 0
HasVarLatency: 1
IsPipeline: 0
IsRtlPipelined: 0
IsInstanceOverlapped: 0
IsDontTouch: 0
HasImplIP: 0
IsGatedGlobalClock: 0


============================================================
+ Verbose Summary: Schedule
============================================================
* Number of FSM states : 3
* Pipeline : 0
* Dataflow Pipeline: 0

* FSM state transitions: 
1 --> 2 3 
2 --> 3 
3 --> 

* FSM state operations: 

State 1 <SV = 0> <Delay = 5.72>
ST_1 : Operation 4 [1/1] (0.00ns)   --->   "%in_s2m_len_read = read i32 @_ssdm_op_Read.ap_auto.i32, i32 %in_s2m_len"   --->   Operation 4 'read' 'in_s2m_len_read' <Predicate = true> <Delay = 0.00>
ST_1 : Operation 5 [1/1] (0.00ns)   --->   "%in_en_clrsts_read = read i1 @_ssdm_op_Read.ap_auto.i1, i1 %in_en_clrsts"   --->   Operation 5 'read' 'in_en_clrsts_read' <Predicate = true> <Delay = 0.00>
ST_1 : Operation 6 [1/1] (0.00ns)   --->   "%tmp_last_V_loc = alloca i64 1"   --->   Operation 6 'alloca' 'tmp_last_V_loc' <Predicate = true> <Delay = 0.00>
ST_1 : Operation 7 [1/1] (0.00ns)   --->   "%specinterface_ln0 = specinterface void @_ssdm_op_SpecInterface, i1 %s2m_enb_clrsts_c, void @ap_fifo_str, i32 0, i32 0, void @p_str, i32 0, i32 0, void @p_str, void @p_str, void @p_str, i32 2, i32 2, i32 16, i32 16, void @p_str, void @ScalarProp_str, i32 4294967295, i32 0"   --->   Operation 7 'specinterface' 'specinterface_ln0' <Predicate = true> <Delay = 0.00>
ST_1 : Operation 8 [1/1] (3.63ns)   --->   "%write_ln0 = write void @_ssdm_op_Write.ap_fifo.i1P0A, i1 %s2m_enb_clrsts_c, i1 %in_en_clrsts_read"   --->   Operation 8 'write' 'write_ln0' <Predicate = true> <Delay = 3.63> <CoreInst = "FIFO_SRL">   --->   Core 81 'FIFO_SRL' <Latency = 0> <II = 1> <Delay = 3.63> <Storage> <Opcode : 'read' 'write' 'nbread' 'nbwrite'> <Ports = 0> <Width = 1> <Depth = 2> <FIFO>
ST_1 : Operation 9 [1/1] (0.00ns)   --->   "%specinterface_ln0 = specinterface void @_ssdm_op_SpecInterface, i32 %s2m_len_c, void @ap_fifo_str, i32 0, i32 0, void @p_str, i32 0, i32 0, void @p_str, void @p_str, void @p_str, i32 2, i32 2, i32 16, i32 16, void @p_str, void @ScalarProp_str, i32 4294967295, i32 0"   --->   Operation 9 'specinterface' 'specinterface_ln0' <Predicate = true> <Delay = 0.00>
ST_1 : Operation 10 [1/1] (3.63ns)   --->   "%write_ln0 = write void @_ssdm_op_Write.ap_fifo.i32P0A, i32 %s2m_len_c, i32 %in_s2m_len_read"   --->   Operation 10 'write' 'write_ln0' <Predicate = true> <Delay = 3.63> <CoreInst = "FIFO_SRL">   --->   Core 81 'FIFO_SRL' <Latency = 0> <II = 1> <Delay = 3.63> <Storage> <Opcode : 'read' 'write' 'nbread' 'nbwrite'> <Ports = 0> <Width = 32> <Depth = 2> <FIFO>
ST_1 : Operation 11 [1/1] (0.00ns)   --->   "%specinterface_ln0 = specinterface void @_ssdm_op_SpecInterface, i32 %incount43, void @empty_18, i32 0, i32 0, void @empty_26, i32 0, i32 0, void @empty_26, void @empty_26, void @empty_26, i32 0, i32 0, i32 0, i32 0, void @empty_26, void @empty_26, i32 4294967295, i32 0"   --->   Operation 11 'specinterface' 'specinterface_ln0' <Predicate = true> <Delay = 0.00>
ST_1 : Operation 12 [1/1] (0.00ns)   --->   "%specinterface_ln0 = specinterface void @_ssdm_op_SpecInterface, i33 %inbuf, void @empty_18, i32 0, i32 0, void @empty_26, i32 0, i32 0, void @empty_26, void @empty_26, void @empty_26, i32 0, i32 0, i32 0, i32 0, void @empty_26, void @empty_26, i32 4294967295, i32 0"   --->   Operation 12 'specinterface' 'specinterface_ln0' <Predicate = true> <Delay = 0.00>
ST_1 : Operation 13 [1/1] (0.00ns)   --->   "%specinterface_ln0 = specinterface void @_ssdm_op_SpecInterface, i1 %inStreamTop_V_last_V, i7 %inStreamTop_V_user_V, i4 %inStreamTop_V_strb_V, i4 %inStreamTop_V_keep_V, i32 %inStreamTop_V_data_V, void @empty_16, i32 1, i32 1, void @empty_3, i32 0, i32 0, void @empty_26, void @empty_26, void @empty_26, i32 0, i32 0, i32 0, i32 0, void @empty_26, void @empty_26, i32 4294967295, i32 0"   --->   Operation 13 'specinterface' 'specinterface_ln0' <Predicate = true> <Delay = 0.00>
ST_1 : Operation 14 [1/1] (0.00ns)   --->   "%br_ln51 = br i1 %in_en_clrsts_read, void %VITIS_LOOP_52_1, void %if.else" [userdma.cpp:51]   --->   Operation 14 'br' 'br_ln51' <Predicate = true> <Delay = 0.00>
ST_1 : Operation 15 [1/1] (0.00ns)   --->   "%in_len_V_load = load i32 %in_len_V"   --->   Operation 15 'load' 'in_len_V_load' <Predicate = (!in_en_clrsts_read)> <Delay = 0.00>
ST_1 : Operation 16 [1/1] (2.55ns)   --->   "%add_ln52 = add i32 %in_len_V_load, i32 1" [userdma.cpp:52]   --->   Operation 16 'add' 'add_ln52' <Predicate = (!in_en_clrsts_read)> <Delay = 2.55> <CoreInst = "Adder">   --->   Core 1 'Adder' <Latency = 0> <II = 1> <Delay = 2.55> <FuncUnit> <Opcode : 'add' 'sub'> <InPorts = 2> <OutPorts = 1>
ST_1 : Operation 17 [1/1] (2.47ns)   --->   "%empty = icmp_ult  i32 %add_ln52, i32 %in_s2m_len_read" [userdma.cpp:52]   --->   Operation 17 'icmp' 'empty' <Predicate = (!in_en_clrsts_read)> <Delay = 2.47> <CoreInst = "Cmp">   --->   Core 9 'Cmp' <Latency = 0> <II = 1> <Delay = 2.47> <FuncUnit> <Opcode : 'icmp'> <InPorts = 2> <OutPorts = 1>
ST_1 : Operation 18 [1/1] (0.69ns)   --->   "%umax = select i1 %empty, i32 %in_s2m_len_read, i32 %add_ln52" [userdma.cpp:52]   --->   Operation 18 'select' 'umax' <Predicate = (!in_en_clrsts_read)> <Delay = 0.69> <CoreInst = "Sel">   --->   Core 73 'Sel' <Latency = 0> <II = 1> <Delay = 0.69> <FuncUnit> <Opcode : 'select'> <InPorts = 3> <OutPorts = 1>
ST_1 : Operation 19 [1/1] (0.00ns)   --->   "%empty_60 = wait i32 @_ssdm_op_Wait"   --->   Operation 19 'wait' 'empty_60' <Predicate = (!in_en_clrsts_read)> <Delay = 0.00>
ST_1 : Operation 20 [2/2] (3.50ns)   --->   "%call_ln886 = call void @getinstream_Pipeline_VITIS_LOOP_52_1, i32 %in_len_V_load, i32 %inStreamTop_V_data_V, i4 %inStreamTop_V_keep_V, i4 %inStreamTop_V_strb_V, i7 %inStreamTop_V_user_V, i1 %inStreamTop_V_last_V, i33 %inbuf, i32 %in_s2m_len_read, i32 %incount43, i1 %tmp_last_V_loc"   --->   Operation 20 'call' 'call_ln886' <Predicate = (!in_en_clrsts_read)> <Delay = 3.50> <CoreType = "Generic">   --->   Core 0 '' <Latency = 0> <II = 1> <Delay = 1.00> <Generic> <Opcode : >
ST_1 : Operation 21 [1/1] (1.58ns)   --->   "%store_ln74 = store i32 0, i32 %in_len_V" [userdma.cpp:74]   --->   Operation 21 'store' 'store_ln74' <Predicate = (in_en_clrsts_read)> <Delay = 1.58>
ST_1 : Operation 22 [1/1] (0.00ns)   --->   "%write_ln75 = write void @_ssdm_op_Write.ap_auto.i2P0A, i2 %s2m_err, i2 0" [userdma.cpp:75]   --->   Operation 22 'write' 'write_ln75' <Predicate = (in_en_clrsts_read)> <Delay = 0.00>
ST_1 : Operation 23 [1/1] (0.00ns)   --->   "%br_ln0 = br void %if.end23"   --->   Operation 23 'br' 'br_ln0' <Predicate = (in_en_clrsts_read)> <Delay = 0.00>

State 2 <SV = 1> <Delay = 5.03>
ST_2 : Operation 24 [1/1] (2.55ns)   --->   "%add_ln52_1 = add i32 %umax, i32 4294967295" [userdma.cpp:52]   --->   Operation 24 'add' 'add_ln52_1' <Predicate = true> <Delay = 2.55> <CoreInst = "Adder">   --->   Core 1 'Adder' <Latency = 0> <II = 1> <Delay = 2.55> <FuncUnit> <Opcode : 'add' 'sub'> <InPorts = 2> <OutPorts = 1>
ST_2 : Operation 25 [1/2] (0.00ns)   --->   "%call_ln886 = call void @getinstream_Pipeline_VITIS_LOOP_52_1, i32 %in_len_V_load, i32 %inStreamTop_V_data_V, i4 %inStreamTop_V_keep_V, i4 %inStreamTop_V_strb_V, i7 %inStreamTop_V_user_V, i1 %inStreamTop_V_last_V, i33 %inbuf, i32 %in_s2m_len_read, i32 %incount43, i1 %tmp_last_V_loc"   --->   Operation 25 'call' 'call_ln886' <Predicate = true> <Delay = 0.00> <CoreType = "Generic">   --->   Core 0 '' <Latency = 0> <II = 1> <Delay = 1.00> <Generic> <Opcode : >
ST_2 : Operation 26 [1/1] (0.00ns)   --->   "%in_s2m_len_cast = zext i32 %in_s2m_len_read"   --->   Operation 26 'zext' 'in_s2m_len_cast' <Predicate = true> <Delay = 0.00>
ST_2 : Operation 27 [1/1] (2.55ns)   --->   "%sub_i_i51 = add i33 %in_s2m_len_cast, i33 8589934591"   --->   Operation 27 'add' 'sub_i_i51' <Predicate = true> <Delay = 2.55> <CoreInst = "Adder">   --->   Core 1 'Adder' <Latency = 0> <II = 1> <Delay = 2.59> <FuncUnit> <Opcode : 'add' 'sub'> <InPorts = 2> <OutPorts = 1>
ST_2 : Operation 28 [1/1] (0.00ns)   --->   "%zext_ln1073 = zext i32 %add_ln52_1"   --->   Operation 28 'zext' 'zext_ln1073' <Predicate = true> <Delay = 0.00>
ST_2 : Operation 29 [1/1] (2.48ns)   --->   "%icmp_ln1073 = icmp_slt  i33 %zext_ln1073, i33 %sub_i_i51"   --->   Operation 29 'icmp' 'icmp_ln1073' <Predicate = true> <Delay = 2.48> <CoreInst = "Cmp">   --->   Core 9 'Cmp' <Latency = 0> <II = 1> <Delay = 2.48> <FuncUnit> <Opcode : 'icmp'> <InPorts = 2> <OutPorts = 1>
ST_2 : Operation 30 [1/1] (2.48ns)   --->   "%icmp_ln1065 = icmp_eq  i33 %zext_ln1073, i33 %sub_i_i51"   --->   Operation 30 'icmp' 'icmp_ln1065' <Predicate = true> <Delay = 2.48> <CoreInst = "Cmp">   --->   Core 9 'Cmp' <Latency = 0> <II = 1> <Delay = 2.48> <FuncUnit> <Opcode : 'icmp'> <InPorts = 2> <OutPorts = 1>
ST_2 : Operation 31 [1/1] (1.58ns)   --->   "%store_ln886 = store i32 %umax, i32 %in_len_V"   --->   Operation 31 'store' 'store_ln886' <Predicate = true> <Delay = 1.58>

State 3 <SV = 2> <Delay = 0.99>
ST_3 : Operation 32 [1/1] (0.00ns)   --->   "%tmp_last_V_loc_load = load i1 %tmp_last_V_loc"   --->   Operation 32 'load' 'tmp_last_V_loc_load' <Predicate = (!in_en_clrsts_read)> <Delay = 0.00>
ST_3 : Operation 33 [1/1] (0.00ns) (grouped into LUT with out node select_ln63)   --->   "%and_ln60 = and i1 %tmp_last_V_loc_load, i1 %icmp_ln1073" [userdma.cpp:60]   --->   Operation 33 'and' 'and_ln60' <Predicate = (!in_en_clrsts_read)> <Delay = 0.00> <CoreInst = "LogicGate">   --->   Core 74 'LogicGate' <Latency = 0> <II = 1> <Delay = 0.97> <FuncUnit> <Opcode : 'and' 'or' 'xor'> <InPorts = 2> <OutPorts = 1>
ST_3 : Operation 34 [1/1] (0.00ns) (grouped into LUT with out node select_ln63)   --->   "%zext_ln60 = zext i1 %and_ln60" [userdma.cpp:60]   --->   Operation 34 'zext' 'zext_ln60' <Predicate = (!in_en_clrsts_read)> <Delay = 0.00>
ST_3 : Operation 35 [1/1] (0.00ns) (grouped into LUT with out node select_ln63)   --->   "%xor_ln1069 = xor i1 %tmp_last_V_loc_load, i1 1"   --->   Operation 35 'xor' 'xor_ln1069' <Predicate = (!in_en_clrsts_read)> <Delay = 0.00> <CoreInst = "LogicGate">   --->   Core 74 'LogicGate' <Latency = 0> <II = 1> <Delay = 0.97> <FuncUnit> <Opcode : 'and' 'or' 'xor'> <InPorts = 2> <OutPorts = 1>
ST_3 : Operation 36 [1/1] (0.00ns) (grouped into LUT with out node select_ln63)   --->   "%and_ln63 = and i1 %icmp_ln1065, i1 %xor_ln1069" [userdma.cpp:63]   --->   Operation 36 'and' 'and_ln63' <Predicate = (!in_en_clrsts_read)> <Delay = 0.00> <CoreInst = "LogicGate">   --->   Core 74 'LogicGate' <Latency = 0> <II = 1> <Delay = 0.97> <FuncUnit> <Opcode : 'and' 'or' 'xor'> <InPorts = 2> <OutPorts = 1>
ST_3 : Operation 37 [1/1] (0.99ns) (out node of the LUT)   --->   "%select_ln63 = select i1 %and_ln63, i2 2, i2 %zext_ln60" [userdma.cpp:63]   --->   Operation 37 'select' 'select_ln63' <Predicate = (!in_en_clrsts_read)> <Delay = 0.99> <CoreInst = "Sel">   --->   Core 73 'Sel' <Latency = 0> <II = 1> <Delay = 0.98> <FuncUnit> <Opcode : 'select'> <InPorts = 3> <OutPorts = 1>
ST_3 : Operation 38 [1/1] (0.00ns)   --->   "%write_ln58 = write void @_ssdm_op_Write.ap_auto.i2P0A, i2 %s2m_err, i2 %select_ln63" [userdma.cpp:58]   --->   Operation 38 'write' 'write_ln58' <Predicate = (!in_en_clrsts_read)> <Delay = 0.00>
ST_3 : Operation 39 [1/1] (0.00ns)   --->   "%br_ln73 = br void %if.end23" [userdma.cpp:73]   --->   Operation 39 'br' 'br_ln73' <Predicate = (!in_en_clrsts_read)> <Delay = 0.00>
ST_3 : Operation 40 [1/1] (0.00ns)   --->   "%ret_ln77 = ret" [userdma.cpp:77]   --->   Operation 40 'ret' 'ret_ln77' <Predicate = true> <Delay = 0.00>


============================================================
+ Verbose Summary: Binding
============================================================
STG Binding: 
---------------- STG Properties BEGIN ----------------
- Is combinational: 0
- Is one-state seq: 0
- Is datapath-only: 0
- Is pipelined: 0
- Is top level: 0
Port [ Return ] is wired: 1; IO mode=ap_ctrl_hs:ce=0
Port [ inStreamTop_V_data_V]:  wired=1; compound=1; hidden=0; nouse=0; global=0; static=0; extern=0; dir=0; type=0; pingpong=0; private_global=0; IO mode=axis:ce=0
Port [ inStreamTop_V_keep_V]:  wired=1; compound=1; hidden=0; nouse=0; global=0; static=0; extern=0; dir=0; type=0; pingpong=0; private_global=0; IO mode=axis:ce=0
Port [ inStreamTop_V_strb_V]:  wired=1; compound=1; hidden=0; nouse=0; global=0; static=0; extern=0; dir=0; type=0; pingpong=0; private_global=0; IO mode=axis:ce=0
Port [ inStreamTop_V_user_V]:  wired=1; compound=1; hidden=0; nouse=0; global=0; static=0; extern=0; dir=0; type=0; pingpong=0; private_global=0; IO mode=axis:ce=0
Port [ inStreamTop_V_last_V]:  wired=1; compound=1; hidden=0; nouse=0; global=0; static=0; extern=0; dir=0; type=0; pingpong=0; private_global=0; IO mode=axis:ce=0
Port [ in_en_clrsts]:  wired=1; compound=0; hidden=0; nouse=0; global=0; static=0; extern=0; dir=0; type=0; pingpong=0; private_global=0; IO mode=ap_none:ce=0
Port [ in_s2m_len]:  wired=1; compound=0; hidden=0; nouse=0; global=0; static=0; extern=0; dir=0; type=0; pingpong=0; private_global=0; IO mode=ap_none:ce=0
Port [ s2m_err]:  wired=1; compound=0; hidden=0; nouse=0; global=0; static=0; extern=0; dir=1; type=0; pingpong=0; private_global=0; IO mode=ap_vld:ce=0
Port [ inbuf]:  wired=1; compound=1; hidden=0; nouse=0; global=0; static=0; extern=0; dir=1; type=3; pingpong=0; private_global=0; IO mode=ap_fifo:ce=0
Port [ incount43]:  wired=1; compound=1; hidden=0; nouse=0; global=0; static=0; extern=0; dir=1; type=3; pingpong=0; private_global=0; IO mode=ap_fifo:ce=0
Port [ s2m_len_c]:  wired=1; compound=1; hidden=0; nouse=0; global=0; static=0; extern=0; dir=1; type=3; pingpong=0; private_global=0; IO mode=ap_fifo:ce=0
Port [ s2m_enb_clrsts_c]:  wired=1; compound=1; hidden=0; nouse=0; global=0; static=0; extern=0; dir=1; type=3; pingpong=0; private_global=0; IO mode=ap_fifo:ce=0
Port [ in_len_V]:  wired=0; compound=0; hidden=1; nouse=0; global=1; static=1; extern=0; dir=2; type=0; pingpong=0; private_global=1; IO mode=ap_ovld:ce=0
---------------- STG Properties END ------------------

---------------- Datapath Model BEGIN ----------------

<LifeTime>
<method=bitvector/>
in_s2m_len_read     (read         ) [ 0010]
in_en_clrsts_read   (read         ) [ 0111]
tmp_last_V_loc      (alloca       ) [ 0111]
specinterface_ln0   (specinterface) [ 0000]
write_ln0           (write        ) [ 0000]
specinterface_ln0   (specinterface) [ 0000]
write_ln0           (write        ) [ 0000]
specinterface_ln0   (specinterface) [ 0000]
specinterface_ln0   (specinterface) [ 0000]
specinterface_ln0   (specinterface) [ 0000]
br_ln51             (br           ) [ 0000]
in_len_V_load       (load         ) [ 0010]
add_ln52            (add          ) [ 0000]
empty               (icmp         ) [ 0000]
umax                (select       ) [ 0010]
empty_60            (wait         ) [ 0000]
store_ln74          (store        ) [ 0000]
write_ln75          (write        ) [ 0000]
br_ln0              (br           ) [ 0000]
add_ln52_1          (add          ) [ 0000]
call_ln886          (call         ) [ 0000]
in_s2m_len_cast     (zext         ) [ 0000]
sub_i_i51           (add          ) [ 0000]
zext_ln1073         (zext         ) [ 0000]
icmp_ln1073         (icmp         ) [ 0001]
icmp_ln1065         (icmp         ) [ 0001]
store_ln886         (store        ) [ 0000]
tmp_last_V_loc_load (load         ) [ 0000]
and_ln60            (and          ) [ 0000]
zext_ln60           (zext         ) [ 0000]
xor_ln1069          (xor          ) [ 0000]
and_ln63            (and          ) [ 0000]
select_ln63         (select       ) [ 0000]
write_ln58          (write        ) [ 0000]
br_ln73             (br           ) [ 0000]
ret_ln77            (ret          ) [ 0000]
</LifeTime>

<model>

<comp_list>
<comp id="0" class="1000" name="inStreamTop_V_data_V">
<pin_list>
<pin id="1" dir="1" index="0" bw="1" slack="0"/>
</pin_list>
<bind>
<StgValue><ssdm name="inStreamTop_V_data_V"/></StgValue>
</bind>
</comp>

<comp id="2" class="1000" name="inStreamTop_V_keep_V">
<pin_list>
<pin id="3" dir="1" index="0" bw="1" slack="0"/>
</pin_list>
<bind>
<StgValue><ssdm name="inStreamTop_V_keep_V"/></StgValue>
</bind>
</comp>

<comp id="4" class="1000" name="inStreamTop_V_strb_V">
<pin_list>
<pin id="5" dir="1" index="0" bw="1" slack="0"/>
</pin_list>
<bind>
<StgValue><ssdm name="inStreamTop_V_strb_V"/></StgValue>
</bind>
</comp>

<comp id="6" class="1000" name="inStreamTop_V_user_V">
<pin_list>
<pin id="7" dir="1" index="0" bw="1" slack="0"/>
</pin_list>
<bind>
<StgValue><ssdm name="inStreamTop_V_user_V"/></StgValue>
</bind>
</comp>

<comp id="8" class="1000" name="inStreamTop_V_last_V">
<pin_list>
<pin id="9" dir="1" index="0" bw="1" slack="0"/>
</pin_list>
<bind>
<StgValue><ssdm name="inStreamTop_V_last_V"/></StgValue>
</bind>
</comp>

<comp id="10" class="1000" name="in_en_clrsts">
<pin_list>
<pin id="11" dir="1" index="0" bw="1" slack="0"/>
</pin_list>
<bind>
<StgValue><ssdm name="in_en_clrsts"/></StgValue>
</bind>
</comp>

<comp id="12" class="1000" name="in_s2m_len">
<pin_list>
<pin id="13" dir="1" index="0" bw="1" slack="0"/>
</pin_list>
<bind>
<StgValue><ssdm name="in_s2m_len"/></StgValue>
</bind>
</comp>

<comp id="14" class="1000" name="s2m_err">
<pin_list>
<pin id="15" dir="1" index="0" bw="1" slack="0"/>
</pin_list>
<bind>
<StgValue><ssdm name="s2m_err"/></StgValue>
</bind>
</comp>

<comp id="16" class="1000" name="inbuf">
<pin_list>
<pin id="17" dir="1" index="0" bw="1" slack="0"/>
</pin_list>
<bind>
<StgValue><ssdm name="inbuf"/></StgValue>
</bind>
</comp>

<comp id="18" class="1000" name="incount43">
<pin_list>
<pin id="19" dir="1" index="0" bw="1" slack="0"/>
</pin_list>
<bind>
<StgValue><ssdm name="incount43"/></StgValue>
</bind>
</comp>

<comp id="20" class="1000" name="s2m_len_c">
<pin_list>
<pin id="21" dir="1" index="0" bw="1" slack="0"/>
</pin_list>
<bind>
<StgValue><ssdm name="s2m_len_c"/></StgValue>
</bind>
</comp>

<comp id="22" class="1000" name="s2m_enb_clrsts_c">
<pin_list>
<pin id="23" dir="1" index="0" bw="1" slack="0"/>
</pin_list>
<bind>
<StgValue><ssdm name="s2m_enb_clrsts_c"/></StgValue>
</bind>
</comp>

<comp id="24" class="1000" name="in_len_V">
<pin_list>
<pin id="25" dir="1" index="0" bw="1" slack="0"/>
</pin_list>
<bind>
<StgValue><ssdm name="in_len_V"/></StgValue>
</bind>
</comp>

<comp id="26" class="1001" name="const_26">
<pin_list>
<pin id="27" dir="1" index="0" bw="1" slack="0"/>
</pin_list>
<bind>
<StgValue><ssdm name="_ssdm_op_Read.ap_auto.i32"/></StgValue>
</bind>
</comp>

<comp id="28" class="1001" name="const_28">
<pin_list>
<pin id="29" dir="1" index="0" bw="1" slack="0"/>
</pin_list>
<bind>
<StgValue><ssdm name="_ssdm_op_Read.ap_auto.i1"/></StgValue>
</bind>
</comp>

<comp id="30" class="1001" name="const_30">
<pin_list>
<pin id="31" dir="1" index="0" bw="1" slack="0"/>
</pin_list>
<bind>
<StgValue><ssdm name=""/></StgValue>
</bind>
</comp>

<comp id="32" class="1001" name="const_32">
<pin_list>
<pin id="33" dir="1" index="0" bw="1" slack="2147483647"/>
</pin_list>
<bind>
<StgValue><ssdm name="_ssdm_op_SpecInterface"/></StgValue>
</bind>
</comp>

<comp id="34" class="1001" name="const_34">
<pin_list>
<pin id="35" dir="1" index="0" bw="1" slack="2147483647"/>
</pin_list>
<bind>
<StgValue><ssdm name="ap_fifo_str"/></StgValue>
</bind>
</comp>

<comp id="36" class="1001" name="const_36">
<pin_list>
<pin id="37" dir="1" index="0" bw="1" slack="0"/>
</pin_list>
<bind>
<StgValue><ssdm name=""/></StgValue>
</bind>
</comp>

<comp id="38" class="1001" name="const_38">
<pin_list>
<pin id="39" dir="1" index="0" bw="1" slack="2147483647"/>
</pin_list>
<bind>
<StgValue><ssdm name="p_str"/></StgValue>
</bind>
</comp>

<comp id="40" class="1001" name="const_40">
<pin_list>
<pin id="41" dir="1" index="0" bw="1" slack="2147483647"/>
</pin_list>
<bind>
<StgValue><ssdm name=""/></StgValue>
</bind>
</comp>

<comp id="42" class="1001" name="const_42">
<pin_list>
<pin id="43" dir="1" index="0" bw="1" slack="2147483647"/>
</pin_list>
<bind>
<StgValue><ssdm name=""/></StgValue>
</bind>
</comp>

<comp id="44" class="1001" name="const_44">
<pin_list>
<pin id="45" dir="1" index="0" bw="1" slack="2147483647"/>
</pin_list>
<bind>
<StgValue><ssdm name="ScalarProp_str"/></StgValue>
</bind>
</comp>

<comp id="46" class="1001" name="const_46">
<pin_list>
<pin id="47" dir="1" index="0" bw="1" slack="0"/>
</pin_list>
<bind>
<StgValue><ssdm name=""/></StgValue>
</bind>
</comp>

<comp id="48" class="1001" name="const_48">
<pin_list>
<pin id="49" dir="1" index="0" bw="1" slack="0"/>
</pin_list>
<bind>
<StgValue><ssdm name="_ssdm_op_Write.ap_fifo.i1P0A"/></StgValue>
</bind>
</comp>

<comp id="50" class="1001" name="const_50">
<pin_list>
<pin id="51" dir="1" index="0" bw="1" slack="0"/>
</pin_list>
<bind>
<StgValue><ssdm name="_ssdm_op_Write.ap_fifo.i32P0A"/></StgValue>
</bind>
</comp>

<comp id="52" class="1001" name="const_52">
<pin_list>
<pin id="53" dir="1" index="0" bw="1" slack="2147483647"/>
</pin_list>
<bind>
<StgValue><ssdm name="empty_18"/></StgValue>
</bind>
</comp>

<comp id="54" class="1001" name="const_54">
<pin_list>
<pin id="55" dir="1" index="0" bw="1" slack="2147483647"/>
</pin_list>
<bind>
<StgValue><ssdm name="empty_26"/></StgValue>
</bind>
</comp>

<comp id="56" class="1001" name="const_56">
<pin_list>
<pin id="57" dir="1" index="0" bw="1" slack="2147483647"/>
</pin_list>
<bind>
<StgValue><ssdm name="empty_16"/></StgValue>
</bind>
</comp>

<comp id="58" class="1001" name="const_58">
<pin_list>
<pin id="59" dir="1" index="0" bw="1" slack="0"/>
</pin_list>
<bind>
<StgValue><ssdm name=""/></StgValue>
</bind>
</comp>

<comp id="60" class="1001" name="const_60">
<pin_list>
<pin id="61" dir="1" index="0" bw="1" slack="2147483647"/>
</pin_list>
<bind>
<StgValue><ssdm name="empty_3"/></StgValue>
</bind>
</comp>

<comp id="62" class="1001" name="const_62">
<pin_list>
<pin id="63" dir="1" index="0" bw="1" slack="2147483647"/>
</pin_list>
<bind>
<StgValue><ssdm name="_ssdm_op_Wait"/></StgValue>
</bind>
</comp>

<comp id="64" class="1001" name="const_64">
<pin_list>
<pin id="65" dir="1" index="0" bw="1" slack="0"/>
</pin_list>
<bind>
<StgValue><ssdm name="getinstream_Pipeline_VITIS_LOOP_52_1"/></StgValue>
</bind>
</comp>

<comp id="66" class="1001" name="const_66">
<pin_list>
<pin id="67" dir="1" index="0" bw="1" slack="0"/>
</pin_list>
<bind>
<StgValue><ssdm name="_ssdm_op_Write.ap_auto.i2P0A"/></StgValue>
</bind>
</comp>

<comp id="68" class="1001" name="const_68">
<pin_list>
<pin id="69" dir="1" index="0" bw="1" slack="0"/>
</pin_list>
<bind>
<StgValue><ssdm name=""/></StgValue>
</bind>
</comp>

<comp id="70" class="1001" name="const_70">
<pin_list>
<pin id="71" dir="1" index="0" bw="1" slack="0"/>
</pin_list>
<bind>
<StgValue><ssdm name=""/></StgValue>
</bind>
</comp>

<comp id="72" class="1001" name="const_72">
<pin_list>
<pin id="73" dir="1" index="0" bw="1" slack="0"/>
</pin_list>
<bind>
<StgValue><ssdm name=""/></StgValue>
</bind>
</comp>

<comp id="74" class="1001" name="const_74">
<pin_list>
<pin id="75" dir="1" index="0" bw="1" slack="0"/>
</pin_list>
<bind>
<StgValue><ssdm name=""/></StgValue>
</bind>
</comp>

<comp id="76" class="1004" name="tmp_last_V_loc_fu_76">
<pin_list>
<pin id="77" dir="0" index="0" bw="1" slack="0"/>
<pin id="78" dir="1" index="1" bw="1" slack="0"/>
</pin_list>
<bind>
<opcode="alloca(26) " fcode="alloca"/>
<opset="tmp_last_V_loc/1 "/>
</bind>
</comp>

<comp id="80" class="1004" name="in_s2m_len_read_read_fu_80">
<pin_list>
<pin id="81" dir="0" index="0" bw="32" slack="0"/>
<pin id="82" dir="0" index="1" bw="32" slack="0"/>
<pin id="83" dir="1" index="2" bw="32" slack="0"/>
</pin_list>
<bind>
<opcode="read(1150) " fcode="read"/>
<opset="in_s2m_len_read/1 "/>
</bind>
</comp>

<comp id="86" class="1004" name="in_en_clrsts_read_read_fu_86">
<pin_list>
<pin id="87" dir="0" index="0" bw="1" slack="0"/>
<pin id="88" dir="0" index="1" bw="1" slack="0"/>
<pin id="89" dir="1" index="2" bw="1" slack="0"/>
</pin_list>
<bind>
<opcode="read(1150) " fcode="read"/>
<opset="in_en_clrsts_read/1 "/>
</bind>
</comp>

<comp id="92" class="1004" name="write_ln0_write_fu_92">
<pin_list>
<pin id="93" dir="0" index="0" bw="0" slack="0"/>
<pin id="94" dir="0" index="1" bw="1" slack="0"/>
<pin id="95" dir="0" index="2" bw="1" slack="0"/>
<pin id="96" dir="1" index="3" bw="0" slack="2147483647"/>
</pin_list>
<bind>
<opcode="write(1151) " fcode="write"/>
<opset="write_ln0/1 "/>
</bind>
</comp>

<comp id="100" class="1004" name="write_ln0_write_fu_100">
<pin_list>
<pin id="101" dir="0" index="0" bw="0" slack="0"/>
<pin id="102" dir="0" index="1" bw="32" slack="0"/>
<pin id="103" dir="0" index="2" bw="32" slack="0"/>
<pin id="104" dir="1" index="3" bw="0" slack="2147483647"/>
</pin_list>
<bind>
<opcode="write(1151) " fcode="write"/>
<opset="write_ln0/1 "/>
</bind>
</comp>

<comp id="108" class="1004" name="grp_write_fu_108">
<pin_list>
<pin id="109" dir="0" index="0" bw="0" slack="0"/>
<pin id="110" dir="0" index="1" bw="2" slack="0"/>
<pin id="111" dir="0" index="2" bw="2" slack="0"/>
<pin id="112" dir="1" index="3" bw="0" slack="2147483647"/>
</pin_list>
<bind>
<opcode="write(1151) " fcode="write"/>
<opset="write_ln75/1 write_ln58/3 "/>
</bind>
</comp>

<comp id="116" class="1004" name="grp_getinstream_Pipeline_VITIS_LOOP_52_1_fu_116">
<pin_list>
<pin id="117" dir="0" index="0" bw="0" slack="0"/>
<pin id="118" dir="0" index="1" bw="32" slack="0"/>
<pin id="119" dir="0" index="2" bw="32" slack="0"/>
<pin id="120" dir="0" index="3" bw="4" slack="0"/>
<pin id="121" dir="0" index="4" bw="4" slack="0"/>
<pin id="122" dir="0" index="5" bw="7" slack="0"/>
<pin id="123" dir="0" index="6" bw="1" slack="0"/>
<pin id="124" dir="0" index="7" bw="33" slack="0"/>
<pin id="125" dir="0" index="8" bw="32" slack="0"/>
<pin id="126" dir="0" index="9" bw="32" slack="0"/>
<pin id="127" dir="0" index="10" bw="1" slack="0"/>
<pin id="128" dir="1" index="11" bw="0" slack="2147483647"/>
</pin_list>
<bind>
<opcode="call(48) " fcode="call"/>
<opset="call_ln886/1 "/>
</bind>
</comp>

<comp id="138" class="1004" name="in_len_V_load_load_fu_138">
<pin_list>
<pin id="139" dir="0" index="0" bw="32" slack="0"/>
<pin id="140" dir="1" index="1" bw="32" slack="0"/>
</pin_list>
<bind>
<opcode="load(27) " fcode="load"/>
<opset="in_len_V_load/1 "/>
</bind>
</comp>

<comp id="143" class="1004" name="add_ln52_fu_143">
<pin_list>
<pin id="144" dir="0" index="0" bw="32" slack="0"/>
<pin id="145" dir="0" index="1" bw="1" slack="0"/>
<pin id="146" dir="1" index="2" bw="32" slack="0"/>
</pin_list>
<bind>
<opcode="add(8) " fcode="add"/>
<opset="add_ln52/1 "/>
</bind>
</comp>

<comp id="149" class="1004" name="empty_fu_149">
<pin_list>
<pin id="150" dir="0" index="0" bw="32" slack="0"/>
<pin id="151" dir="0" index="1" bw="32" slack="0"/>
<pin id="152" dir="1" index="2" bw="1" slack="0"/>
</pin_list>
<bind>
<opcode="icmp(45) " fcode="icmp"/>
<opset="empty/1 "/>
</bind>
</comp>

<comp id="155" class="1004" name="umax_fu_155">
<pin_list>
<pin id="156" dir="0" index="0" bw="1" slack="0"/>
<pin id="157" dir="0" index="1" bw="32" slack="0"/>
<pin id="158" dir="0" index="2" bw="32" slack="0"/>
<pin id="159" dir="1" index="3" bw="32" slack="1"/>
</pin_list>
<bind>
<opcode="select(49) " fcode="select"/>
<opset="umax/1 "/>
</bind>
</comp>

<comp id="163" class="1004" name="store_ln74_store_fu_163">
<pin_list>
<pin id="164" dir="0" index="0" bw="1" slack="0"/>
<pin id="165" dir="0" index="1" bw="32" slack="0"/>
<pin id="166" dir="1" index="2" bw="0" slack="2147483647"/>
</pin_list>
<bind>
<opcode="store(28) " fcode="store"/>
<opset="store_ln74/1 "/>
</bind>
</comp>

<comp id="169" class="1004" name="add_ln52_1_fu_169">
<pin_list>
<pin id="170" dir="0" index="0" bw="32" slack="1"/>
<pin id="171" dir="0" index="1" bw="1" slack="0"/>
<pin id="172" dir="1" index="2" bw="32" slack="0"/>
</pin_list>
<bind>
<opcode="add(8) " fcode="add"/>
<opset="add_ln52_1/2 "/>
</bind>
</comp>

<comp id="174" class="1004" name="in_s2m_len_cast_fu_174">
<pin_list>
<pin id="175" dir="0" index="0" bw="32" slack="1"/>
<pin id="176" dir="1" index="1" bw="33" slack="0"/>
</pin_list>
<bind>
<opcode="zext(34) " fcode="zext"/>
<opset="in_s2m_len_cast/2 "/>
</bind>
</comp>

<comp id="177" class="1004" name="sub_i_i51_fu_177">
<pin_list>
<pin id="178" dir="0" index="0" bw="32" slack="0"/>
<pin id="179" dir="0" index="1" bw="1" slack="0"/>
<pin id="180" dir="1" index="2" bw="33" slack="0"/>
</pin_list>
<bind>
<opcode="add(8) " fcode="add"/>
<opset="sub_i_i51/2 "/>
</bind>
</comp>

<comp id="183" class="1004" name="zext_ln1073_fu_183">
<pin_list>
<pin id="184" dir="0" index="0" bw="32" slack="0"/>
<pin id="185" dir="1" index="1" bw="33" slack="0"/>
</pin_list>
<bind>
<opcode="zext(34) " fcode="zext"/>
<opset="zext_ln1073/2 "/>
</bind>
</comp>

<comp id="187" class="1004" name="icmp_ln1073_fu_187">
<pin_list>
<pin id="188" dir="0" index="0" bw="33" slack="0"/>
<pin id="189" dir="0" index="1" bw="33" slack="0"/>
<pin id="190" dir="1" index="2" bw="1" slack="1"/>
</pin_list>
<bind>
<opcode="icmp(45) " fcode="icmp"/>
<opset="icmp_ln1073/2 "/>
</bind>
</comp>

<comp id="193" class="1004" name="icmp_ln1065_fu_193">
<pin_list>
<pin id="194" dir="0" index="0" bw="33" slack="0"/>
<pin id="195" dir="0" index="1" bw="33" slack="0"/>
<pin id="196" dir="1" index="2" bw="1" slack="1"/>
</pin_list>
<bind>
<opcode="icmp(45) " fcode="icmp"/>
<opset="icmp_ln1065/2 "/>
</bind>
</comp>

<comp id="199" class="1004" name="store_ln886_store_fu_199">
<pin_list>
<pin id="200" dir="0" index="0" bw="32" slack="1"/>
<pin id="201" dir="0" index="1" bw="32" slack="0"/>
<pin id="202" dir="1" index="2" bw="0" slack="2147483647"/>
</pin_list>
<bind>
<opcode="store(28) " fcode="store"/>
<opset="store_ln886/2 "/>
</bind>
</comp>

<comp id="204" class="1004" name="tmp_last_V_loc_load_load_fu_204">
<pin_list>
<pin id="205" dir="0" index="0" bw="1" slack="2"/>
<pin id="206" dir="1" index="1" bw="1" slack="0"/>
</pin_list>
<bind>
<opcode="load(27) " fcode="load"/>
<opset="tmp_last_V_loc_load/3 "/>
</bind>
</comp>

<comp id="207" class="1004" name="and_ln60_fu_207">
<pin_list>
<pin id="208" dir="0" index="0" bw="1" slack="0"/>
<pin id="209" dir="0" index="1" bw="1" slack="1"/>
<pin id="210" dir="1" index="2" bw="1" slack="0"/>
</pin_list>
<bind>
<opcode="and(23) " fcode="and"/>
<opset="and_ln60/3 "/>
</bind>
</comp>

<comp id="212" class="1004" name="zext_ln60_fu_212">
<pin_list>
<pin id="213" dir="0" index="0" bw="1" slack="0"/>
<pin id="214" dir="1" index="1" bw="2" slack="0"/>
</pin_list>
<bind>
<opcode="zext(34) " fcode="zext"/>
<opset="zext_ln60/3 "/>
</bind>
</comp>

<comp id="216" class="1004" name="xor_ln1069_fu_216">
<pin_list>
<pin id="217" dir="0" index="0" bw="1" slack="0"/>
<pin id="218" dir="0" index="1" bw="1" slack="0"/>
<pin id="219" dir="1" index="2" bw="1" slack="0"/>
</pin_list>
<bind>
<opcode="xor(25) " fcode="xor"/>
<opset="xor_ln1069/3 "/>
</bind>
</comp>

<comp id="222" class="1004" name="and_ln63_fu_222">
<pin_list>
<pin id="223" dir="0" index="0" bw="1" slack="1"/>
<pin id="224" dir="0" index="1" bw="1" slack="0"/>
<pin id="225" dir="1" index="2" bw="1" slack="0"/>
</pin_list>
<bind>
<opcode="and(23) " fcode="and"/>
<opset="and_ln63/3 "/>
</bind>
</comp>

<comp id="227" class="1004" name="select_ln63_fu_227">
<pin_list>
<pin id="228" dir="0" index="0" bw="1" slack="0"/>
<pin id="229" dir="0" index="1" bw="2" slack="0"/>
<pin id="230" dir="0" index="2" bw="2" slack="0"/>
<pin id="231" dir="1" index="3" bw="2" slack="0"/>
</pin_list>
<bind>
<opcode="select(49) " fcode="select"/>
<opset="select_ln63/3 "/>
</bind>
</comp>

<comp id="236" class="1005" name="in_s2m_len_read_reg_236">
<pin_list>
<pin id="237" dir="0" index="0" bw="32" slack="1"/>
<pin id="238" dir="1" index="1" bw="32" slack="1"/>
</pin_list>
<bind>
<opset="in_s2m_len_read "/>
</bind>
</comp>

<comp id="242" class="1005" name="in_en_clrsts_read_reg_242">
<pin_list>
<pin id="243" dir="0" index="0" bw="1" slack="2"/>
<pin id="244" dir="1" index="1" bw="1" slack="2147483647"/>
</pin_list>
<bind>
<opset="in_en_clrsts_read "/>
</bind>
</comp>

<comp id="246" class="1005" name="tmp_last_V_loc_reg_246">
<pin_list>
<pin id="247" dir="0" index="0" bw="1" slack="0"/>
<pin id="248" dir="1" index="1" bw="1" slack="0"/>
</pin_list>
<bind>
<opset="tmp_last_V_loc "/>
</bind>
</comp>

<comp id="252" class="1005" name="in_len_V_load_reg_252">
<pin_list>
<pin id="253" dir="0" index="0" bw="32" slack="1"/>
<pin id="254" dir="1" index="1" bw="32" slack="1"/>
</pin_list>
<bind>
<opset="in_len_V_load "/>
</bind>
</comp>

<comp id="257" class="1005" name="umax_reg_257">
<pin_list>
<pin id="258" dir="0" index="0" bw="32" slack="1"/>
<pin id="259" dir="1" index="1" bw="32" slack="1"/>
</pin_list>
<bind>
<opset="umax "/>
</bind>
</comp>

<comp id="263" class="1005" name="icmp_ln1073_reg_263">
<pin_list>
<pin id="264" dir="0" index="0" bw="1" slack="1"/>
<pin id="265" dir="1" index="1" bw="1" slack="1"/>
</pin_list>
<bind>
<opset="icmp_ln1073 "/>
</bind>
</comp>

<comp id="268" class="1005" name="icmp_ln1065_reg_268">
<pin_list>
<pin id="269" dir="0" index="0" bw="1" slack="1"/>
<pin id="270" dir="1" index="1" bw="1" slack="1"/>
</pin_list>
<bind>
<opset="icmp_ln1065 "/>
</bind>
</comp>

</comp_list>

<net_list>
<net id="79"><net_src comp="30" pin="0"/><net_sink comp="76" pin=0"/></net>

<net id="84"><net_src comp="26" pin="0"/><net_sink comp="80" pin=0"/></net>

<net id="85"><net_src comp="12" pin="0"/><net_sink comp="80" pin=1"/></net>

<net id="90"><net_src comp="28" pin="0"/><net_sink comp="86" pin=0"/></net>

<net id="91"><net_src comp="10" pin="0"/><net_sink comp="86" pin=1"/></net>

<net id="97"><net_src comp="48" pin="0"/><net_sink comp="92" pin=0"/></net>

<net id="98"><net_src comp="22" pin="0"/><net_sink comp="92" pin=1"/></net>

<net id="99"><net_src comp="86" pin="2"/><net_sink comp="92" pin=2"/></net>

<net id="105"><net_src comp="50" pin="0"/><net_sink comp="100" pin=0"/></net>

<net id="106"><net_src comp="20" pin="0"/><net_sink comp="100" pin=1"/></net>

<net id="107"><net_src comp="80" pin="2"/><net_sink comp="100" pin=2"/></net>

<net id="113"><net_src comp="66" pin="0"/><net_sink comp="108" pin=0"/></net>

<net id="114"><net_src comp="14" pin="0"/><net_sink comp="108" pin=1"/></net>

<net id="115"><net_src comp="68" pin="0"/><net_sink comp="108" pin=2"/></net>

<net id="129"><net_src comp="64" pin="0"/><net_sink comp="116" pin=0"/></net>

<net id="130"><net_src comp="0" pin="0"/><net_sink comp="116" pin=2"/></net>

<net id="131"><net_src comp="2" pin="0"/><net_sink comp="116" pin=3"/></net>

<net id="132"><net_src comp="4" pin="0"/><net_sink comp="116" pin=4"/></net>

<net id="133"><net_src comp="6" pin="0"/><net_sink comp="116" pin=5"/></net>

<net id="134"><net_src comp="8" pin="0"/><net_sink comp="116" pin=6"/></net>

<net id="135"><net_src comp="16" pin="0"/><net_sink comp="116" pin=7"/></net>

<net id="136"><net_src comp="80" pin="2"/><net_sink comp="116" pin=8"/></net>

<net id="137"><net_src comp="18" pin="0"/><net_sink comp="116" pin=9"/></net>

<net id="141"><net_src comp="24" pin="0"/><net_sink comp="138" pin=0"/></net>

<net id="142"><net_src comp="138" pin="1"/><net_sink comp="116" pin=1"/></net>

<net id="147"><net_src comp="138" pin="1"/><net_sink comp="143" pin=0"/></net>

<net id="148"><net_src comp="58" pin="0"/><net_sink comp="143" pin=1"/></net>

<net id="153"><net_src comp="143" pin="2"/><net_sink comp="149" pin=0"/></net>

<net id="154"><net_src comp="80" pin="2"/><net_sink comp="149" pin=1"/></net>

<net id="160"><net_src comp="149" pin="2"/><net_sink comp="155" pin=0"/></net>

<net id="161"><net_src comp="80" pin="2"/><net_sink comp="155" pin=1"/></net>

<net id="162"><net_src comp="143" pin="2"/><net_sink comp="155" pin=2"/></net>

<net id="167"><net_src comp="36" pin="0"/><net_sink comp="163" pin=0"/></net>

<net id="168"><net_src comp="24" pin="0"/><net_sink comp="163" pin=1"/></net>

<net id="173"><net_src comp="46" pin="0"/><net_sink comp="169" pin=1"/></net>

<net id="181"><net_src comp="174" pin="1"/><net_sink comp="177" pin=0"/></net>

<net id="182"><net_src comp="70" pin="0"/><net_sink comp="177" pin=1"/></net>

<net id="186"><net_src comp="169" pin="2"/><net_sink comp="183" pin=0"/></net>

<net id="191"><net_src comp="183" pin="1"/><net_sink comp="187" pin=0"/></net>

<net id="192"><net_src comp="177" pin="2"/><net_sink comp="187" pin=1"/></net>

<net id="197"><net_src comp="183" pin="1"/><net_sink comp="193" pin=0"/></net>

<net id="198"><net_src comp="177" pin="2"/><net_sink comp="193" pin=1"/></net>

<net id="203"><net_src comp="24" pin="0"/><net_sink comp="199" pin=1"/></net>

<net id="211"><net_src comp="204" pin="1"/><net_sink comp="207" pin=0"/></net>

<net id="215"><net_src comp="207" pin="2"/><net_sink comp="212" pin=0"/></net>

<net id="220"><net_src comp="204" pin="1"/><net_sink comp="216" pin=0"/></net>

<net id="221"><net_src comp="72" pin="0"/><net_sink comp="216" pin=1"/></net>

<net id="226"><net_src comp="216" pin="2"/><net_sink comp="222" pin=1"/></net>

<net id="232"><net_src comp="222" pin="2"/><net_sink comp="227" pin=0"/></net>

<net id="233"><net_src comp="74" pin="0"/><net_sink comp="227" pin=1"/></net>

<net id="234"><net_src comp="212" pin="1"/><net_sink comp="227" pin=2"/></net>

<net id="235"><net_src comp="227" pin="3"/><net_sink comp="108" pin=2"/></net>

<net id="239"><net_src comp="80" pin="2"/><net_sink comp="236" pin=0"/></net>

<net id="240"><net_src comp="236" pin="1"/><net_sink comp="116" pin=8"/></net>

<net id="241"><net_src comp="236" pin="1"/><net_sink comp="174" pin=0"/></net>

<net id="245"><net_src comp="86" pin="2"/><net_sink comp="242" pin=0"/></net>

<net id="249"><net_src comp="76" pin="1"/><net_sink comp="246" pin=0"/></net>

<net id="250"><net_src comp="246" pin="1"/><net_sink comp="116" pin=10"/></net>

<net id="251"><net_src comp="246" pin="1"/><net_sink comp="204" pin=0"/></net>

<net id="255"><net_src comp="138" pin="1"/><net_sink comp="252" pin=0"/></net>

<net id="256"><net_src comp="252" pin="1"/><net_sink comp="116" pin=1"/></net>

<net id="260"><net_src comp="155" pin="3"/><net_sink comp="257" pin=0"/></net>

<net id="261"><net_src comp="257" pin="1"/><net_sink comp="169" pin=0"/></net>

<net id="262"><net_src comp="257" pin="1"/><net_sink comp="199" pin=0"/></net>

<net id="266"><net_src comp="187" pin="2"/><net_sink comp="263" pin=0"/></net>

<net id="267"><net_src comp="263" pin="1"/><net_sink comp="207" pin=1"/></net>

<net id="271"><net_src comp="193" pin="2"/><net_sink comp="268" pin=0"/></net>

<net id="272"><net_src comp="268" pin="1"/><net_sink comp="222" pin=0"/></net>

</net_list>

</model> 
---------------- Datapath Model END ------------------

* FSMD analyzer results:
  - Output states:
	Port: inStreamTop_V_data_V | {}
	Port: inStreamTop_V_keep_V | {}
	Port: inStreamTop_V_strb_V | {}
	Port: inStreamTop_V_user_V | {}
	Port: inStreamTop_V_last_V | {}
	Port: s2m_err | {1 3 }
	Port: inbuf | {1 2 }
	Port: incount43 | {1 2 }
	Port: s2m_len_c | {1 }
	Port: s2m_enb_clrsts_c | {1 }
	Port: in_len_V | {1 2 }
 - Input state : 
	Port: getinstream : inStreamTop_V_data_V | {1 2 }
	Port: getinstream : inStreamTop_V_keep_V | {1 2 }
	Port: getinstream : inStreamTop_V_strb_V | {1 2 }
	Port: getinstream : inStreamTop_V_user_V | {1 2 }
	Port: getinstream : inStreamTop_V_last_V | {1 2 }
	Port: getinstream : in_en_clrsts | {1 }
	Port: getinstream : in_s2m_len | {1 }
	Port: getinstream : s2m_err | {}
	Port: getinstream : in_len_V | {1 }
  - Chain level:
	State 1
		add_ln52 : 1
		empty : 2
		umax : 3
		call_ln886 : 1
	State 2
		sub_i_i51 : 1
		zext_ln1073 : 1
		icmp_ln1073 : 2
		icmp_ln1065 : 2
	State 3
		and_ln60 : 1
		zext_ln60 : 1
		xor_ln1069 : 1
		and_ln63 : 1
		select_ln63 : 1
		write_ln58 : 2


============================================================
+ Verbose Summary: Datapath Resource usage 
============================================================

* Functional unit list:
|----------|-------------------------------------------------|---------|---------|
| Operation|                 Functional Unit                 |    FF   |   LUT   |
|----------|-------------------------------------------------|---------|---------|
|   call   | grp_getinstream_Pipeline_VITIS_LOOP_52_1_fu_116 |   131   |   112   |
|----------|-------------------------------------------------|---------|---------|
|          |                 add_ln52_fu_143                 |    0    |    39   |
|    add   |                add_ln52_1_fu_169                |    0    |    39   |
|          |                 sub_i_i51_fu_177                |    0    |    39   |
|----------|-------------------------------------------------|---------|---------|
|          |                   empty_fu_149                  |    0    |    18   |
|   icmp   |                icmp_ln1073_fu_187               |    0    |    18   |
|          |                icmp_ln1065_fu_193               |    0    |    18   |
|----------|-------------------------------------------------|---------|---------|
|  select  |                   umax_fu_155                   |    0    |    32   |
|          |                select_ln63_fu_227               |    0    |    2    |
|----------|-------------------------------------------------|---------|---------|
|    and   |                 and_ln60_fu_207                 |    0    |    2    |
|          |                 and_ln63_fu_222                 |    0    |    2    |
|----------|-------------------------------------------------|---------|---------|
|    xor   |                xor_ln1069_fu_216                |    0    |    2    |
|----------|-------------------------------------------------|---------|---------|
|   read   |            in_s2m_len_read_read_fu_80           |    0    |    0    |
|          |           in_en_clrsts_read_read_fu_86          |    0    |    0    |
|----------|-------------------------------------------------|---------|---------|
|          |              write_ln0_write_fu_92              |    0    |    0    |
|   write  |              write_ln0_write_fu_100             |    0    |    0    |
|          |                 grp_write_fu_108                |    0    |    0    |
|----------|-------------------------------------------------|---------|---------|
|          |              in_s2m_len_cast_fu_174             |    0    |    0    |
|   zext   |                zext_ln1073_fu_183               |    0    |    0    |
|          |                 zext_ln60_fu_212                |    0    |    0    |
|----------|-------------------------------------------------|---------|---------|
|   Total  |                                                 |   131   |   323   |
|----------|-------------------------------------------------|---------|---------|

Memories:
N/A

* Register list:
+-------------------------+--------+
|                         |   FF   |
+-------------------------+--------+
|   icmp_ln1065_reg_268   |    1   |
|   icmp_ln1073_reg_263   |    1   |
|in_en_clrsts_read_reg_242|    1   |
|  in_len_V_load_reg_252  |   32   |
| in_s2m_len_read_reg_236 |   32   |
|  tmp_last_V_loc_reg_246 |    1   |
|       umax_reg_257      |   32   |
+-------------------------+--------+
|          Total          |   100  |
+-------------------------+--------+

* Multiplexer (MUX) list: 
|-------------------------------------------------|------|------|------|--------||---------||---------|
|                       Comp                      |  Pin | Size |  BW  | S x BW ||  Delay  ||   LUT   |
|-------------------------------------------------|------|------|------|--------||---------||---------|
|                 grp_write_fu_108                |  p2  |   2  |   2  |    4   ||    9    |
| grp_getinstream_Pipeline_VITIS_LOOP_52_1_fu_116 |  p1  |   2  |  32  |   64   ||    9    |
| grp_getinstream_Pipeline_VITIS_LOOP_52_1_fu_116 |  p8  |   2  |  32  |   64   ||    9    |
|-------------------------------------------------|------|------|------|--------||---------||---------|
|                      Total                      |      |      |      |   132  ||  4.764  ||    27   |
|-------------------------------------------------|------|------|------|--------||---------||---------|



* Summary:
+-----------+--------+--------+--------+
|           |  Delay |   FF   |   LUT  |
+-----------+--------+--------+--------+
|  Function |    -   |   131  |   323  |
|   Memory  |    -   |    -   |    -   |
|Multiplexer|    4   |    -   |   27   |
|  Register |    -   |   100  |    -   |
+-----------+--------+--------+--------+
|   Total   |    4   |   231  |   350  |
+-----------+--------+--------+--------+
