

================================================================
== Vitis HLS Report for 'getinstream_Pipeline_VITIS_LOOP_52_1'
================================================================
* Date:           Sun May 12 10:10:20 2024

* Version:        2022.1 (Build 3526262 on Mon Apr 18 15:47:01 MDT 2022)
* Project:        hls_userdma.prj
* Solution:       solution1 (Vivado IP Flow Target)
* Product family: zynq
* Target device:  xc7z020-clg400-1


================================================================
== Performance Estimates
================================================================
+ Timing: 
    * Summary: 
    +--------+----------+----------+------------+
    |  Clock |  Target  | Estimated| Uncertainty|
    +--------+----------+----------+------------+
    |ap_clk  |  10.00 ns|  6.613 ns|     2.70 ns|
    +--------+----------+----------+------------+

+ Latency: 
    * Summary: 
    +---------+---------+----------+----------+-----+-----+---------+
    |  Latency (cycles) |  Latency (absolute) |  Interval | Pipeline|
    |   min   |   max   |    min   |    max   | min | max |   Type  |
    +---------+---------+----------+----------+-----+-----+---------+
    |        ?|        ?|         ?|         ?|    ?|    ?|       no|
    +---------+---------+----------+----------+-----+-----+---------+

    + Detail: 
        * Instance: 
        N/A

        * Loop: 
        +-------------------+---------+---------+----------+-----------+-----------+------+----------+
        |                   |  Latency (cycles) | Iteration|  Initiation Interval  | Trip |          |
        |     Loop Name     |   min   |   max   |  Latency |  achieved |   target  | Count| Pipelined|
        +-------------------+---------+---------+----------+-----------+-----------+------+----------+
        |- VITIS_LOOP_52_1  |        ?|        ?|         2|          1|          1|     ?|       yes|
        +-------------------+---------+---------+----------+-----------+-----------+------+----------+

============================================================
+ Verbose Summary: Synthesis Manager
============================================================
InlineROM: 1
ExposeGlobal: 0
============================================================
+ Verbose Summary: CDFG Model
============================================================
IsTopModel: 0
ResetActiveHigh: 1
IsCombinational: 0
IsDatapathOnly: 0
HasWiredReturn: 1
HasMFsm: 2
HasVarLatency: 1
IsPipeline: 0
IsRtlPipelined: 0
IsInstanceOverlapped: 0
IsDontTouch: 0
HasImplIP: 0
IsGatedGlobalClock: 0

+ Individual pipeline summary: 
  * Pipeline-0: initiation interval (II) = 1, depth = 3


============================================================
+ Verbose Summary: Schedule
============================================================
* Number of FSM states : 3
* Pipeline : 1
  Pipeline-0 : II = 1, D = 3, States = { 1 2 3 }
* Dataflow Pipeline: 0

* FSM state transitions: 
1 --> 2 
2 --> 3 
3 --> 

* FSM state operations: 

State 1 <SV = 0> <Delay = 1.58>
ST_1 : Operation 5 [1/1] (0.00ns)   --->   "%count = alloca i32 1"   --->   Operation 5 'alloca' 'count' <Predicate = true> <Delay = 0.00>
ST_1 : Operation 6 [1/1] (0.00ns)   --->   "%empty = alloca i32 1"   --->   Operation 6 'alloca' 'empty' <Predicate = true> <Delay = 0.00>
ST_1 : Operation 7 [1/1] (0.00ns)   --->   "%specinterface_ln0 = specinterface void @_ssdm_op_SpecInterface, i32 %inStreamTop_V_data_V, i4 %inStreamTop_V_keep_V, i4 %inStreamTop_V_strb_V, i7 %inStreamTop_V_user_V, i1 %inStreamTop_V_last_V, void @empty_16, i32 0, i32 0, void @empty_3, i32 0, i32 0, void @empty_26, void @empty_26, void @empty_26, i32 0, i32 0, i32 0, i32 0, void @empty_26, void @empty_26, i32 4294967295, i32 0"   --->   Operation 7 'specinterface' 'specinterface_ln0' <Predicate = true> <Delay = 0.00>
ST_1 : Operation 8 [1/1] (0.00ns)   --->   "%specinterface_ln0 = specinterface void @_ssdm_op_SpecInterface, i33 %inbuf, void @empty_18, i32 0, i32 0, void @empty_26, i32 0, i32 0, void @empty_26, void @empty_26, void @empty_26, i32 0, i32 0, i32 0, i32 0, void @empty_26, void @empty_26, i32 4294967295, i32 0"   --->   Operation 8 'specinterface' 'specinterface_ln0' <Predicate = true> <Delay = 0.00>
ST_1 : Operation 9 [1/1] (0.00ns)   --->   "%specinterface_ln0 = specinterface void @_ssdm_op_SpecInterface, i32 %incount43, void @empty_18, i32 0, i32 0, void @empty_26, i32 0, i32 0, void @empty_26, void @empty_26, void @empty_26, i32 0, i32 0, i32 0, i32 0, void @empty_26, void @empty_26, i32 4294967295, i32 0"   --->   Operation 9 'specinterface' 'specinterface_ln0' <Predicate = true> <Delay = 0.00>
ST_1 : Operation 10 [1/1] (0.00ns)   --->   "%in_s2m_len_read = read i32 @_ssdm_op_Read.ap_auto.i32, i32 %in_s2m_len"   --->   Operation 10 'read' 'in_s2m_len_read' <Predicate = true> <Delay = 0.00>
ST_1 : Operation 11 [1/1] (0.00ns)   --->   "%in_len_V_load_read = read i32 @_ssdm_op_Read.ap_auto.i32, i32 %in_len_V_load"   --->   Operation 11 'read' 'in_len_V_load_read' <Predicate = true> <Delay = 0.00>
ST_1 : Operation 12 [1/1] (1.58ns)   --->   "%store_ln0 = store i32 %in_len_V_load_read, i32 %empty"   --->   Operation 12 'store' 'store_ln0' <Predicate = true> <Delay = 1.58>
ST_1 : Operation 13 [1/1] (1.58ns)   --->   "%store_ln0 = store i32 0, i32 %count"   --->   Operation 13 'store' 'store_ln0' <Predicate = true> <Delay = 1.58>
ST_1 : Operation 14 [1/1] (0.00ns)   --->   "%br_ln0 = br void %do.body"   --->   Operation 14 'br' 'br_ln0' <Predicate = true> <Delay = 0.00>

State 2 <SV = 1> <Delay = 6.61>
ST_2 : Operation 15 [1/1] (0.00ns)   --->   "%count_3 = load i32 %count" [userdma.cpp:66]   --->   Operation 15 'load' 'count_3' <Predicate = true> <Delay = 0.00>
ST_2 : Operation 16 [1/1] (0.00ns)   --->   "%p_load = load i32 %empty"   --->   Operation 16 'load' 'p_load' <Predicate = true> <Delay = 0.00>
ST_2 : Operation 17 [1/1] (0.00ns)   --->   "%specpipeline_ln53 = specpipeline void @_ssdm_op_SpecPipeline, i32 4294967295, i32 0, i32 0, i32 0, void @empty_26" [userdma.cpp:53]   --->   Operation 17 'specpipeline' 'specpipeline_ln53' <Predicate = true> <Delay = 0.00>
ST_2 : Operation 18 [1/1] (0.00ns)   --->   "%specloopname_ln47 = specloopname void @_ssdm_op_SpecLoopName, void @empty_30" [userdma.cpp:47]   --->   Operation 18 'specloopname' 'specloopname_ln47' <Predicate = true> <Delay = 0.00>
ST_2 : Operation 19 [1/1] (0.00ns)   --->   "%empty_59 = read i48 @_ssdm_op_Read.axis.volatile.i32P0A.i4P0A.i4P0A.i7P0A.i1P0A, i32 %inStreamTop_V_data_V, i4 %inStreamTop_V_keep_V, i4 %inStreamTop_V_strb_V, i7 %inStreamTop_V_user_V, i1 %inStreamTop_V_last_V"   --->   Operation 19 'read' 'empty_59' <Predicate = true> <Delay = 0.00> <CoreInst = "axis">   --->   Core 115 'axis' <Latency = 0> <II = 1> <Delay = 1.00> <Adapter> <Opcode : >
ST_2 : Operation 20 [1/1] (0.00ns)   --->   "%tmp_data_V = extractvalue i48 %empty_59"   --->   Operation 20 'extractvalue' 'tmp_data_V' <Predicate = true> <Delay = 0.00>
ST_2 : Operation 21 [1/1] (0.00ns)   --->   "%tmp_last_V = extractvalue i48 %empty_59"   --->   Operation 21 'extractvalue' 'tmp_last_V' <Predicate = true> <Delay = 0.00>
ST_2 : Operation 22 [1/1] (0.00ns)   --->   "%p_0 = bitconcatenate i33 @_ssdm_op_BitConcatenate.i33.i1.i32, i1 %tmp_last_V, i32 %tmp_data_V" [/tools/Xilinx/Vitis_HLS/2022.1/common/technology/autopilot/hls_stream_39.h:174]   --->   Operation 22 'bitconcatenate' 'p_0' <Predicate = true> <Delay = 0.00>
ST_2 : Operation 23 [1/1] (3.50ns)   --->   "%write_ln174 = write void @_ssdm_op_Write.ap_fifo.volatile.i33P0A, i33 %inbuf, i33 %p_0" [/tools/Xilinx/Vitis_HLS/2022.1/common/technology/autopilot/hls_stream_39.h:174]   --->   Operation 23 'write' 'write_ln174' <Predicate = true> <Delay = 3.50> <CoreInst = "FIFO">   --->   Core 78 'FIFO' <Latency = 0> <II = 1> <Delay = 3.50> <Storage> <Opcode : 'read' 'write' 'nbread' 'nbwrite'> <Ports = 0> <Width = 33> <Depth = 1024> <FIFO>
ST_2 : Operation 24 [1/1] (2.55ns)   --->   "%count_4 = add i32 %count_3, i32 1" [userdma.cpp:66]   --->   Operation 24 'add' 'count_4' <Predicate = true> <Delay = 2.55> <CoreInst = "Adder">   --->   Core 1 'Adder' <Latency = 0> <II = 1> <Delay = 2.55> <FuncUnit> <Opcode : 'add' 'sub'> <InPorts = 2> <OutPorts = 1>
ST_2 : Operation 25 [1/1] (2.55ns)   --->   "%add_ln886 = add i32 %p_load, i32 1"   --->   Operation 25 'add' 'add_ln886' <Predicate = true> <Delay = 2.55> <CoreInst = "Adder">   --->   Core 1 'Adder' <Latency = 0> <II = 1> <Delay = 2.55> <FuncUnit> <Opcode : 'add' 'sub'> <InPorts = 2> <OutPorts = 1>
ST_2 : Operation 26 [1/1] (0.00ns)   --->   "%tmp = partselect i28 @_ssdm_op_PartSelect.i28.i32.i32.i32, i32 %count_4, i32 4, i32 31" [userdma.cpp:68]   --->   Operation 26 'partselect' 'tmp' <Predicate = true> <Delay = 0.00>
ST_2 : Operation 27 [1/1] (2.46ns)   --->   "%icmp_ln68 = icmp_sgt  i28 %tmp, i28 0" [userdma.cpp:68]   --->   Operation 27 'icmp' 'icmp_ln68' <Predicate = true> <Delay = 2.46> <CoreInst = "Cmp">   --->   Core 9 'Cmp' <Latency = 0> <II = 1> <Delay = 2.46> <FuncUnit> <Opcode : 'icmp'> <InPorts = 2> <OutPorts = 1>
ST_2 : Operation 28 [1/1] (0.00ns)   --->   "%br_ln68 = br i1 %icmp_ln68, void %do.body.do.cond_crit_edge, void %if.then18" [userdma.cpp:68]   --->   Operation 28 'br' 'br_ln68' <Predicate = true> <Delay = 0.00>
ST_2 : Operation 29 [1/1] (1.58ns)   --->   "%store_ln68 = store i32 %count_4, i32 %count" [userdma.cpp:68]   --->   Operation 29 'store' 'store_ln68' <Predicate = (!icmp_ln68)> <Delay = 1.58>
ST_2 : Operation 30 [1/1] (0.00ns)   --->   "%br_ln68 = br void %do.cond" [userdma.cpp:68]   --->   Operation 30 'br' 'br_ln68' <Predicate = (!icmp_ln68)> <Delay = 0.00>
ST_2 : Operation 31 [1/1] (1.58ns)   --->   "%store_ln71 = store i32 0, i32 %count" [userdma.cpp:71]   --->   Operation 31 'store' 'store_ln71' <Predicate = (icmp_ln68)> <Delay = 1.58>
ST_2 : Operation 32 [1/1] (2.47ns)   --->   "%icmp_ln1073 = icmp_ult  i32 %add_ln886, i32 %in_s2m_len_read"   --->   Operation 32 'icmp' 'icmp_ln1073' <Predicate = true> <Delay = 2.47> <CoreInst = "Cmp">   --->   Core 9 'Cmp' <Latency = 0> <II = 1> <Delay = 2.47> <FuncUnit> <Opcode : 'icmp'> <InPorts = 2> <OutPorts = 1>
ST_2 : Operation 33 [1/1] (0.00ns)   --->   "%br_ln72 = br i1 %icmp_ln1073, void %do.end.exitStub, void %do.cond.do.body_crit_edge" [userdma.cpp:72]   --->   Operation 33 'br' 'br_ln72' <Predicate = true> <Delay = 0.00>
ST_2 : Operation 34 [1/1] (1.58ns)   --->   "%store_ln72 = store i32 %add_ln886, i32 %empty" [userdma.cpp:72]   --->   Operation 34 'store' 'store_ln72' <Predicate = (icmp_ln1073)> <Delay = 1.58>
ST_2 : Operation 35 [1/1] (0.00ns)   --->   "%br_ln72 = br void %do.body" [userdma.cpp:72]   --->   Operation 35 'br' 'br_ln72' <Predicate = (icmp_ln1073)> <Delay = 0.00>

State 3 <SV = 2> <Delay = 3.56>
ST_3 : Operation 36 [1/1] (3.56ns)   --->   "%write_ln174 = write void @_ssdm_op_Write.ap_fifo.volatile.i32P0A, i32 %incount43, i32 %count_4" [/tools/Xilinx/Vitis_HLS/2022.1/common/technology/autopilot/hls_stream_39.h:174]   --->   Operation 36 'write' 'write_ln174' <Predicate = (icmp_ln68)> <Delay = 3.56> <CoreInst = "FIFO">   --->   Core 78 'FIFO' <Latency = 0> <II = 1> <Delay = 3.56> <Storage> <Opcode : 'read' 'write' 'nbread' 'nbwrite'> <Ports = 0> <Width = 32> <Depth = 64> <FIFO>
ST_3 : Operation 37 [1/1] (0.00ns)   --->   "%br_ln71 = br void %do.cond" [userdma.cpp:71]   --->   Operation 37 'br' 'br_ln71' <Predicate = (icmp_ln68)> <Delay = 0.00>
ST_3 : Operation 38 [1/1] (0.00ns)   --->   "%write_ln293 = write void @_ssdm_op_Write.ap_auto.i1P0A, i1 %tmp_last_V_out, i1 %tmp_last_V"   --->   Operation 38 'write' 'write_ln293' <Predicate = (!icmp_ln1073)> <Delay = 0.00>
ST_3 : Operation 39 [1/1] (0.00ns)   --->   "%ret_ln0 = ret"   --->   Operation 39 'ret' 'ret_ln0' <Predicate = (!icmp_ln1073)> <Delay = 0.00>


============================================================
+ Verbose Summary: Timing violations
============================================================
Target clock period: 10ns, clock uncertainty: 2.7ns.

 <State 1>: 1.59ns
The critical path consists of the following:
	'alloca' operation ('empty') [12]  (0 ns)
	'store' operation ('store_ln0') of variable 'in_len_V_load_read' on local variable 'empty' [18]  (1.59 ns)

 <State 2>: 6.61ns
The critical path consists of the following:
	'load' operation ('p_load') on local variable 'empty' [23]  (0 ns)
	'add' operation ('add_ln886') [32]  (2.55 ns)
	'icmp' operation ('icmp_ln1073') [44]  (2.47 ns)
	blocking operation 1.59 ns on control path)

 <State 3>: 3.56ns
The critical path consists of the following:
	fifo write operation ('write_ln174', /tools/Xilinx/Vitis_HLS/2022.1/common/technology/autopilot/hls_stream_39.h:174) on port 'incount43' (/tools/Xilinx/Vitis_HLS/2022.1/common/technology/autopilot/hls_stream_39.h:174) [40]  (3.56 ns)


============================================================
+ Verbose Summary: Binding
============================================================
N/A
* FSMD analyzer results:
  - Output states:
 - Input state : 
  - Chain level:
	State 1
	State 2
	State 3


============================================================
+ Verbose Summary: Datapath Resource usage 
============================================================
N/A
