

================================================================
== Vitis HLS Report for 'paralleltostreamwithburst'
================================================================
* Date:           Fri May 17 03:16:51 2024

* Version:        2022.1 (Build 3526262 on Mon Apr 18 15:47:01 MDT 2022)
* Project:        hls_userdma.prj
* Solution:       solution1 (Vivado IP Flow Target)
* Product family: zynq
* Target device:  xc7z020-clg400-1


================================================================
== Performance Estimates
================================================================
+ Timing: 
    * Summary: 
    +--------+----------+----------+------------+
    |  Clock |  Target  | Estimated| Uncertainty|
    +--------+----------+----------+------------+
    |ap_clk  |  10.00 ns|  7.300 ns|     2.70 ns|
    +--------+----------+----------+------------+

+ Latency: 
    * Summary: 
    +---------+---------+----------+----------+-----+-----+---------+
    |  Latency (cycles) |  Latency (absolute) |  Interval | Pipeline|
    |   min   |   max   |    min   |    max   | min | max |   Type  |
    +---------+---------+----------+----------+-----+-----+---------+
    |        ?|        ?|         ?|         ?|    ?|    ?|       no|
    +---------+---------+----------+----------+-----+-----+---------+

    + Detail: 
        * Instance: 
        +---------------------------------------------------------------+----------------------------------------------------+---------+---------+----------+----------+-----+-----+---------+
        |                                                               |                                                    |  Latency (cycles) |  Latency (absolute) |  Interval | Pipeline|
        |                            Instance                           |                       Module                       |   min   |   max   |    min   |    max   | min | max |   Type  |
        +---------------------------------------------------------------+----------------------------------------------------+---------+---------+----------+----------+-----+-----+---------+
        |grp_paralleltostreamwithburst_Pipeline_VITIS_LOOP_94_2_fu_133  |paralleltostreamwithburst_Pipeline_VITIS_LOOP_94_2  |        ?|        ?|         ?|         ?|    ?|    ?|       no|
        +---------------------------------------------------------------+----------------------------------------------------+---------+---------+----------+----------+-----+-----+---------+

        * Loop: 
        +-------------------+---------+---------+----------+-----------+-----------+------+----------+
        |                   |  Latency (cycles) | Iteration|  Initiation Interval  | Trip |          |
        |     Loop Name     |   min   |   max   |  Latency |  achieved |   target  | Count| Pipelined|
        +-------------------+---------+---------+----------+-----------+-----------+------+----------+
        |- VITIS_LOOP_87_1  |        ?|        ?|         ?|          -|          -|     ?|        no|
        +-------------------+---------+---------+----------+-----------+-----------+------+----------+



================================================================
== Utilization Estimates
================================================================
* Summary: 
+-----------------+---------+-----+--------+-------+-----+
|       Name      | BRAM_18K| DSP |   FF   |  LUT  | URAM|
+-----------------+---------+-----+--------+-------+-----+
|DSP              |        -|    -|       -|      -|    -|
|Expression       |        -|    -|       0|    433|    -|
|FIFO             |        -|    -|       -|      -|    -|
|Instance         |        -|    -|     207|    279|    -|
|Memory           |        -|    -|       -|      -|    -|
|Multiplexer      |        -|    -|       -|    317|    -|
|Register         |        -|    -|     282|      -|    -|
+-----------------+---------+-----+--------+-------+-----+
|Total            |        0|    0|     489|   1029|    0|
+-----------------+---------+-----+--------+-------+-----+
|Available        |      280|  220|  106400|  53200|    0|
+-----------------+---------+-----+--------+-------+-----+
|Utilization (%)  |        0|    0|      ~0|      1|    0|
+-----------------+---------+-----+--------+-------+-----+

+ Detail: 
    * Instance: 
    +---------------------------------------------------------------+----------------------------------------------------+---------+----+-----+-----+-----+
    |                            Instance                           |                       Module                       | BRAM_18K| DSP|  FF | LUT | URAM|
    +---------------------------------------------------------------+----------------------------------------------------+---------+----+-----+-----+-----+
    |grp_paralleltostreamwithburst_Pipeline_VITIS_LOOP_94_2_fu_133  |paralleltostreamwithburst_Pipeline_VITIS_LOOP_94_2  |        0|   0|  207|  279|    0|
    +---------------------------------------------------------------+----------------------------------------------------+---------+----+-----+-----+-----+
    |Total                                                          |                                                    |        0|   0|  207|  279|    0|
    +---------------------------------------------------------------+----------------------------------------------------+---------+----+-----+-----+-----+

    * DSP: 
    N/A

    * Memory: 
    N/A

    * FIFO: 
    N/A

    * Expression: 
    +-------------------------+----------+----+---+----+------------+------------+
    |      Variable Name      | Operation| DSP| FF| LUT| Bitwidth P0| Bitwidth P1|
    +-------------------------+----------+----+---+----+------------+------------+
    |add_ln110_fu_280_p2      |         +|   0|  0|  71|          64|          64|
    |add_ln94_1_fu_267_p2     |         +|   0|  0|  39|          32|          32|
    |add_ln94_fu_206_p2       |         +|   0|  0|  71|          64|          64|
    |sub_fu_188_p2            |         +|   0|  0|  13|           4|           2|
    |sub_ln94_fu_254_p2       |         -|   0|  0|  39|           1|          32|
    |icmp_fu_240_p2           |      icmp|   0|  0|  16|          28|           1|
    |icmp_ln112_fu_286_p2     |      icmp|   0|  0|  18|          32|           1|
    |icmp_ln88_fu_170_p2      |      icmp|   0|  0|  18|          32|           5|
    |icmp_ln94_fu_194_p2      |      icmp|   0|  0|  18|          32|           1|
    |ap_block_state1          |        or|   0|  0|   2|           1|           1|
    |count_3_fu_176_p3        |    select|   0|  0|  32|           1|           5|
    |select_ln82_fu_152_p3    |    select|   0|  0|  32|           1|           1|
    |select_ln94_1_fu_259_p3  |    select|   0|  0|  32|           1|          32|
    |select_ln94_fu_246_p3    |    select|   0|  0|  32|           1|          32|
    +-------------------------+----------+----+---+----+------------+------------+
    |Total                    |          |   0|  0| 433|         294|         273|
    +-------------------------+----------+----+---+----+------------+------------+

    * Multiplexer: 
    +------------------------+-----+-----------+-----+-----------+
    |          Name          | LUT | Input Size| Bits| Total Bits|
    +------------------------+-----+-----------+-----+-----------+
    |ap_NS_fsm               |  113|         22|    1|         22|
    |ap_done                 |    9|          2|    1|          2|
    |count_fu_90             |    9|          2|   32|         64|
    |gmem1_blk_n_AR          |    9|          2|    1|          2|
    |idx_fu_86               |    9|          2|   64|        128|
    |m2s_enb_clrsts_c_blk_n  |    9|          2|    1|          2|
    |m_axi_gmem1_ARADDR      |   14|          3|   64|        192|
    |m_axi_gmem1_ARBURST     |    9|          2|    2|          4|
    |m_axi_gmem1_ARCACHE     |    9|          2|    4|          8|
    |m_axi_gmem1_ARID        |    9|          2|    1|          2|
    |m_axi_gmem1_ARLEN       |   14|          3|   32|         96|
    |m_axi_gmem1_ARLOCK      |    9|          2|    2|          4|
    |m_axi_gmem1_ARPROT      |    9|          2|    3|          6|
    |m_axi_gmem1_ARQOS       |    9|          2|    4|          8|
    |m_axi_gmem1_ARREGION    |    9|          2|    4|          8|
    |m_axi_gmem1_ARSIZE      |    9|          2|    3|          6|
    |m_axi_gmem1_ARUSER      |    9|          2|    1|          2|
    |m_axi_gmem1_ARVALID     |   14|          3|    1|          3|
    |m_axi_gmem1_RREADY      |    9|          2|    1|          2|
    |outbuf_write            |    9|          2|    1|          2|
    |outcount41_blk_n        |    9|          2|    1|          2|
    |real_start              |    9|          2|    1|          2|
    +------------------------+-----+-----------+-----+-----------+
    |Total                   |  317|         67|  225|        567|
    +------------------------+-----+-----------+-----+-----------+

    * Register: 
    +----------------------------------------------------------------------------+----+----+-----+-----------+
    |                                    Name                                    | FF | LUT| Bits| Const Bits|
    +----------------------------------------------------------------------------+----+----+-----+-----------+
    |ap_CS_fsm                                                                   |  21|   0|   21|          0|
    |ap_done_reg                                                                 |   1|   0|    1|          0|
    |count_2_reg_321                                                             |  32|   0|   32|          0|
    |count_3_reg_330                                                             |  32|   0|   32|          0|
    |count_fu_90                                                                 |  32|   0|   32|          0|
    |grp_paralleltostreamwithburst_Pipeline_VITIS_LOOP_94_2_fu_133_ap_start_reg  |   1|   0|    1|          0|
    |idx_fu_86                                                                   |  64|   0|   64|          0|
    |select_ln94_reg_357                                                         |  32|   0|   32|          0|
    |start_once_reg                                                              |   1|   0|    1|          0|
    |sub_reg_337                                                                 |   4|   0|    4|          0|
    |trunc_ln1_reg_346                                                           |  62|   0|   62|          0|
    +----------------------------------------------------------------------------+----+----+-----+-----------+
    |Total                                                                       | 282|   0|  282|          0|
    +----------------------------------------------------------------------------+----+----+-----+-----------+



================================================================
== Interface
================================================================
* Summary: 
+---------------------------------+-----+-----+------------+---------------------------+--------------+
|            RTL Ports            | Dir | Bits|  Protocol  |       Source Object       |    C Type    |
+---------------------------------+-----+-----+------------+---------------------------+--------------+
|ap_clk                           |   in|    1|  ap_ctrl_hs|  paralleltostreamwithburst|  return value|
|ap_rst                           |   in|    1|  ap_ctrl_hs|  paralleltostreamwithburst|  return value|
|ap_start                         |   in|    1|  ap_ctrl_hs|  paralleltostreamwithburst|  return value|
|start_full_n                     |   in|    1|  ap_ctrl_hs|  paralleltostreamwithburst|  return value|
|ap_done                          |  out|    1|  ap_ctrl_hs|  paralleltostreamwithburst|  return value|
|ap_continue                      |   in|    1|  ap_ctrl_hs|  paralleltostreamwithburst|  return value|
|ap_idle                          |  out|    1|  ap_ctrl_hs|  paralleltostreamwithburst|  return value|
|ap_ready                         |  out|    1|  ap_ctrl_hs|  paralleltostreamwithburst|  return value|
|start_out                        |  out|    1|  ap_ctrl_hs|  paralleltostreamwithburst|  return value|
|start_write                      |  out|    1|  ap_ctrl_hs|  paralleltostreamwithburst|  return value|
|m_axi_gmem1_AWVALID              |  out|    1|       m_axi|                      gmem1|       pointer|
|m_axi_gmem1_AWREADY              |   in|    1|       m_axi|                      gmem1|       pointer|
|m_axi_gmem1_AWADDR               |  out|   64|       m_axi|                      gmem1|       pointer|
|m_axi_gmem1_AWID                 |  out|    1|       m_axi|                      gmem1|       pointer|
|m_axi_gmem1_AWLEN                |  out|   32|       m_axi|                      gmem1|       pointer|
|m_axi_gmem1_AWSIZE               |  out|    3|       m_axi|                      gmem1|       pointer|
|m_axi_gmem1_AWBURST              |  out|    2|       m_axi|                      gmem1|       pointer|
|m_axi_gmem1_AWLOCK               |  out|    2|       m_axi|                      gmem1|       pointer|
|m_axi_gmem1_AWCACHE              |  out|    4|       m_axi|                      gmem1|       pointer|
|m_axi_gmem1_AWPROT               |  out|    3|       m_axi|                      gmem1|       pointer|
|m_axi_gmem1_AWQOS                |  out|    4|       m_axi|                      gmem1|       pointer|
|m_axi_gmem1_AWREGION             |  out|    4|       m_axi|                      gmem1|       pointer|
|m_axi_gmem1_AWUSER               |  out|    1|       m_axi|                      gmem1|       pointer|
|m_axi_gmem1_WVALID               |  out|    1|       m_axi|                      gmem1|       pointer|
|m_axi_gmem1_WREADY               |   in|    1|       m_axi|                      gmem1|       pointer|
|m_axi_gmem1_WDATA                |  out|   32|       m_axi|                      gmem1|       pointer|
|m_axi_gmem1_WSTRB                |  out|    4|       m_axi|                      gmem1|       pointer|
|m_axi_gmem1_WLAST                |  out|    1|       m_axi|                      gmem1|       pointer|
|m_axi_gmem1_WID                  |  out|    1|       m_axi|                      gmem1|       pointer|
|m_axi_gmem1_WUSER                |  out|    1|       m_axi|                      gmem1|       pointer|
|m_axi_gmem1_ARVALID              |  out|    1|       m_axi|                      gmem1|       pointer|
|m_axi_gmem1_ARREADY              |   in|    1|       m_axi|                      gmem1|       pointer|
|m_axi_gmem1_ARADDR               |  out|   64|       m_axi|                      gmem1|       pointer|
|m_axi_gmem1_ARID                 |  out|    1|       m_axi|                      gmem1|       pointer|
|m_axi_gmem1_ARLEN                |  out|   32|       m_axi|                      gmem1|       pointer|
|m_axi_gmem1_ARSIZE               |  out|    3|       m_axi|                      gmem1|       pointer|
|m_axi_gmem1_ARBURST              |  out|    2|       m_axi|                      gmem1|       pointer|
|m_axi_gmem1_ARLOCK               |  out|    2|       m_axi|                      gmem1|       pointer|
|m_axi_gmem1_ARCACHE              |  out|    4|       m_axi|                      gmem1|       pointer|
|m_axi_gmem1_ARPROT               |  out|    3|       m_axi|                      gmem1|       pointer|
|m_axi_gmem1_ARQOS                |  out|    4|       m_axi|                      gmem1|       pointer|
|m_axi_gmem1_ARREGION             |  out|    4|       m_axi|                      gmem1|       pointer|
|m_axi_gmem1_ARUSER               |  out|    1|       m_axi|                      gmem1|       pointer|
|m_axi_gmem1_RVALID               |   in|    1|       m_axi|                      gmem1|       pointer|
|m_axi_gmem1_RREADY               |  out|    1|       m_axi|                      gmem1|       pointer|
|m_axi_gmem1_RDATA                |   in|   32|       m_axi|                      gmem1|       pointer|
|m_axi_gmem1_RLAST                |   in|    1|       m_axi|                      gmem1|       pointer|
|m_axi_gmem1_RID                  |   in|    1|       m_axi|                      gmem1|       pointer|
|m_axi_gmem1_RFIFONUM             |   in|    7|       m_axi|                      gmem1|       pointer|
|m_axi_gmem1_RUSER                |   in|    1|       m_axi|                      gmem1|       pointer|
|m_axi_gmem1_RRESP                |   in|    2|       m_axi|                      gmem1|       pointer|
|m_axi_gmem1_BVALID               |   in|    1|       m_axi|                      gmem1|       pointer|
|m_axi_gmem1_BREADY               |  out|    1|       m_axi|                      gmem1|       pointer|
|m_axi_gmem1_BRESP                |   in|    2|       m_axi|                      gmem1|       pointer|
|m_axi_gmem1_BID                  |   in|    1|       m_axi|                      gmem1|       pointer|
|m_axi_gmem1_BUSER                |   in|    1|       m_axi|                      gmem1|       pointer|
|in_memory                        |   in|   64|     ap_none|                  in_memory|        scalar|
|in_en_clrsts                     |   in|    1|     ap_none|               in_en_clrsts|        scalar|
|in_m2s_len                       |   in|   32|     ap_none|                 in_m2s_len|        scalar|
|outbuf_din                       |  out|   40|     ap_fifo|                     outbuf|       pointer|
|outbuf_num_data_valid            |   in|    7|     ap_fifo|                     outbuf|       pointer|
|outbuf_fifo_cap                  |   in|    7|     ap_fifo|                     outbuf|       pointer|
|outbuf_full_n                    |   in|    1|     ap_fifo|                     outbuf|       pointer|
|outbuf_write                     |  out|    1|     ap_fifo|                     outbuf|       pointer|
|outcount41_din                   |  out|   32|     ap_fifo|                 outcount41|       pointer|
|outcount41_num_data_valid        |   in|    3|     ap_fifo|                 outcount41|       pointer|
|outcount41_fifo_cap              |   in|    3|     ap_fifo|                 outcount41|       pointer|
|outcount41_full_n                |   in|    1|     ap_fifo|                 outcount41|       pointer|
|outcount41_write                 |  out|    1|     ap_fifo|                 outcount41|       pointer|
|m2s_enb_clrsts_c_din             |  out|    1|     ap_fifo|           m2s_enb_clrsts_c|       pointer|
|m2s_enb_clrsts_c_num_data_valid  |   in|    2|     ap_fifo|           m2s_enb_clrsts_c|       pointer|
|m2s_enb_clrsts_c_fifo_cap        |   in|    2|     ap_fifo|           m2s_enb_clrsts_c|       pointer|
|m2s_enb_clrsts_c_full_n          |   in|    1|     ap_fifo|           m2s_enb_clrsts_c|       pointer|
|m2s_enb_clrsts_c_write           |  out|    1|     ap_fifo|           m2s_enb_clrsts_c|       pointer|
+---------------------------------+-----+-----+------------+---------------------------+--------------+

============================================================
+ Verbose Summary: Synthesis Manager
============================================================
InlineROM: 1
ExposeGlobal: 0
============================================================
+ Verbose Summary: CDFG Model
============================================================
IsTopModel: 0
ResetActiveHigh: 1
IsCombinational: 2
IsDatapathOnly: 0
HasWiredReturn: 1
HasMFsm: 0
HasVarLatency: 1
IsPipeline: 0
IsRtlPipelined: 0
IsInstanceOverlapped: 0
IsDontTouch: 0
HasImplIP: 0
IsGatedGlobalClock: 0


============================================================
+ Verbose Summary: Schedule
============================================================
* Number of FSM states : 21
* Pipeline : 0
* Dataflow Pipeline: 0

* FSM state transitions: 
1 --> 2 
2 --> 3 21 
3 --> 4 
4 --> 5 
5 --> 6 
6 --> 7 
7 --> 8 
8 --> 9 
9 --> 10 
10 --> 11 
11 --> 12 
12 --> 13 
13 --> 14 
14 --> 15 
15 --> 16 
16 --> 17 
17 --> 18 
18 --> 19 
19 --> 20 
20 --> 21 
21 --> 2 

* FSM state operations: 

State 1 <SV = 0> <Delay = 3.63>
ST_1 : Operation 22 [1/1] (0.00ns)   --->   "%idx = alloca i32 1"   --->   Operation 22 'alloca' 'idx' <Predicate = true> <Delay = 0.00>
ST_1 : Operation 23 [1/1] (0.00ns)   --->   "%count = alloca i32 1"   --->   Operation 23 'alloca' 'count' <Predicate = true> <Delay = 0.00>
ST_1 : Operation 24 [1/1] (0.00ns)   --->   "%specinterface_ln0 = specinterface void @_ssdm_op_SpecInterface, i1 %m2s_enb_clrsts_c, void @ap_fifo_str, i32 0, i32 0, void @p_str, i32 0, i32 0, void @p_str, void @p_str, void @p_str, i32 2, i32 2, i32 16, i32 16, void @p_str, void @ScalarProp_str, i32 4294967295, i32 0"   --->   Operation 24 'specinterface' 'specinterface_ln0' <Predicate = true> <Delay = 0.00>
ST_1 : Operation 25 [1/1] (0.00ns)   --->   "%in_m2s_len_read = read i32 @_ssdm_op_Read.ap_auto.i32, i32 %in_m2s_len"   --->   Operation 25 'read' 'in_m2s_len_read' <Predicate = true> <Delay = 0.00>
ST_1 : Operation 26 [1/1] (0.00ns)   --->   "%in_en_clrsts_read = read i1 @_ssdm_op_Read.ap_auto.i1, i1 %in_en_clrsts"   --->   Operation 26 'read' 'in_en_clrsts_read' <Predicate = true> <Delay = 0.00>
ST_1 : Operation 27 [1/1] (0.00ns)   --->   "%in_memory_read = read i64 @_ssdm_op_Read.ap_auto.i64, i64 %in_memory"   --->   Operation 27 'read' 'in_memory_read' <Predicate = true> <Delay = 0.00>
ST_1 : Operation 28 [1/1] (3.63ns)   --->   "%write_ln0 = write void @_ssdm_op_Write.ap_fifo.i1P0A, i1 %m2s_enb_clrsts_c, i1 %in_en_clrsts_read"   --->   Operation 28 'write' 'write_ln0' <Predicate = true> <Delay = 3.63> <CoreInst = "FIFO_SRL">   --->   Core 81 'FIFO_SRL' <Latency = 0> <II = 1> <Delay = 3.63> <Storage> <Opcode : 'read' 'write' 'nbread' 'nbwrite'> <Ports = 0> <Width = 1> <Depth = 2> <FIFO>
ST_1 : Operation 29 [1/1] (0.00ns)   --->   "%specinterface_ln0 = specinterface void @_ssdm_op_SpecInterface, i32 %outcount41, void @empty_14, i32 0, i32 0, void @empty_2, i32 0, i32 0, void @empty_2, void @empty_2, void @empty_2, i32 0, i32 0, i32 0, i32 0, void @empty_2, void @empty_2, i32 4294967295, i32 0"   --->   Operation 29 'specinterface' 'specinterface_ln0' <Predicate = true> <Delay = 0.00>
ST_1 : Operation 30 [1/1] (0.00ns)   --->   "%specinterface_ln0 = specinterface void @_ssdm_op_SpecInterface, i40 %outbuf, void @empty_14, i32 0, i32 0, void @empty_2, i32 0, i32 0, void @empty_2, void @empty_2, void @empty_2, i32 0, i32 0, i32 0, i32 0, void @empty_2, void @empty_2, i32 4294967295, i32 0"   --->   Operation 30 'specinterface' 'specinterface_ln0' <Predicate = true> <Delay = 0.00>
ST_1 : Operation 31 [1/1] (0.00ns)   --->   "%specinterface_ln0 = specinterface void @_ssdm_op_SpecInterface, i32 %gmem1, void @empty_1, i32 0, i32 0, void @empty_2, i32 10, i32 1024, void @empty_15, void @empty_4, void @empty_2, i32 4, i32 16, i32 16, i32 16, void @empty_2, void @empty_2, i32 4294967295, i32 0"   --->   Operation 31 'specinterface' 'specinterface_ln0' <Predicate = true> <Delay = 0.00>
ST_1 : Operation 32 [1/1] (0.69ns)   --->   "%select_ln82 = select i1 %in_en_clrsts_read, i32 0, i32 %in_m2s_len_read" [userdma.cpp:82]   --->   Operation 32 'select' 'select_ln82' <Predicate = true> <Delay = 0.69> <CoreInst = "Sel">   --->   Core 73 'Sel' <Latency = 0> <II = 1> <Delay = 0.69> <FuncUnit> <Opcode : 'select'> <InPorts = 3> <OutPorts = 1>
ST_1 : Operation 33 [1/1] (1.58ns)   --->   "%store_ln87 = store i32 %select_ln82, i32 %count" [userdma.cpp:87]   --->   Operation 33 'store' 'store_ln87' <Predicate = true> <Delay = 1.58>
ST_1 : Operation 34 [1/1] (1.58ns)   --->   "%store_ln87 = store i64 0, i64 %idx" [userdma.cpp:87]   --->   Operation 34 'store' 'store_ln87' <Predicate = true> <Delay = 1.58>
ST_1 : Operation 35 [1/1] (0.00ns)   --->   "%br_ln87 = br void %do.body" [userdma.cpp:87]   --->   Operation 35 'br' 'br_ln87' <Predicate = true> <Delay = 0.00>

State 2 <SV = 1> <Delay = 5.64>
ST_2 : Operation 36 [1/1] (0.00ns)   --->   "%count_2 = load i32 %count"   --->   Operation 36 'load' 'count_2' <Predicate = true> <Delay = 0.00>
ST_2 : Operation 37 [1/1] (0.00ns)   --->   "%specloopname_ln88 = specloopname void @_ssdm_op_SpecLoopName, void @empty_8" [userdma.cpp:88]   --->   Operation 37 'specloopname' 'specloopname_ln88' <Predicate = true> <Delay = 0.00>
ST_2 : Operation 38 [1/1] (2.47ns)   --->   "%icmp_ln88 = icmp_sgt  i32 %count_2, i32 16" [userdma.cpp:88]   --->   Operation 38 'icmp' 'icmp_ln88' <Predicate = true> <Delay = 2.47> <CoreInst = "Cmp">   --->   Core 9 'Cmp' <Latency = 0> <II = 1> <Delay = 2.47> <FuncUnit> <Opcode : 'icmp'> <InPorts = 2> <OutPorts = 1>
ST_2 : Operation 39 [1/1] (0.69ns)   --->   "%count_3 = select i1 %icmp_ln88, i32 16, i32 %count_2" [userdma.cpp:88]   --->   Operation 39 'select' 'count_3' <Predicate = true> <Delay = 0.69> <CoreInst = "Sel">   --->   Core 73 'Sel' <Latency = 0> <II = 1> <Delay = 0.69> <FuncUnit> <Opcode : 'select'> <InPorts = 3> <OutPorts = 1>
ST_2 : Operation 40 [1/1] (0.00ns)   --->   "%trunc_ln78 = trunc i32 %count_3" [userdma.cpp:78]   --->   Operation 40 'trunc' 'trunc_ln78' <Predicate = true> <Delay = 0.00>
ST_2 : Operation 41 [1/1] (1.73ns)   --->   "%sub = add i4 %trunc_ln78, i4 15" [userdma.cpp:78]   --->   Operation 41 'add' 'sub' <Predicate = true> <Delay = 1.73> <CoreInst = "Adder">   --->   Core 1 'Adder' <Latency = 0> <II = 1> <Delay = 1.73> <FuncUnit> <Opcode : 'add' 'sub'> <InPorts = 2> <OutPorts = 1>
ST_2 : Operation 42 [1/1] (2.47ns)   --->   "%icmp_ln94 = icmp_sgt  i32 %count_3, i32 0" [userdma.cpp:94]   --->   Operation 42 'icmp' 'icmp_ln94' <Predicate = true> <Delay = 2.47> <CoreInst = "Cmp">   --->   Core 9 'Cmp' <Latency = 0> <II = 1> <Delay = 2.47> <FuncUnit> <Opcode : 'icmp'> <InPorts = 2> <OutPorts = 1>
ST_2 : Operation 43 [1/1] (0.00ns)   --->   "%br_ln94 = br i1 %icmp_ln94, void %do.cond, void %for.body.lr.ph" [userdma.cpp:94]   --->   Operation 43 'br' 'br_ln94' <Predicate = true> <Delay = 0.00>
ST_2 : Operation 44 [1/1] (0.00ns)   --->   "%idx_load = load i64 %idx" [userdma.cpp:94]   --->   Operation 44 'load' 'idx_load' <Predicate = (icmp_ln94)> <Delay = 0.00>
ST_2 : Operation 45 [1/1] (0.00ns) (grouped into LUT with out node add_ln94)   --->   "%shl_ln94 = shl i64 %idx_load, i64 2" [userdma.cpp:94]   --->   Operation 45 'shl' 'shl_ln94' <Predicate = (icmp_ln94)> <Delay = 0.00>
ST_2 : Operation 46 [1/1] (3.52ns) (out node of the LUT)   --->   "%add_ln94 = add i64 %shl_ln94, i64 %in_memory_read" [userdma.cpp:94]   --->   Operation 46 'add' 'add_ln94' <Predicate = (icmp_ln94)> <Delay = 3.52> <CoreInst = "Adder">   --->   Core 1 'Adder' <Latency = 0> <II = 1> <Delay = 3.52> <FuncUnit> <Opcode : 'add' 'sub'> <InPorts = 2> <OutPorts = 1>
ST_2 : Operation 47 [1/1] (0.00ns)   --->   "%trunc_ln1 = partselect i62 @_ssdm_op_PartSelect.i62.i64.i32.i32, i64 %add_ln94, i32 2, i32 63" [userdma.cpp:94]   --->   Operation 47 'partselect' 'trunc_ln1' <Predicate = (icmp_ln94)> <Delay = 0.00>

State 3 <SV = 2> <Delay = 7.30>
ST_3 : Operation 48 [1/1] (0.00ns)   --->   "%sext_ln94 = sext i62 %trunc_ln1" [userdma.cpp:94]   --->   Operation 48 'sext' 'sext_ln94' <Predicate = true> <Delay = 0.00>
ST_3 : Operation 49 [1/1] (0.00ns)   --->   "%gmem1_addr = getelementptr i32 %gmem1, i64 %sext_ln94" [userdma.cpp:94]   --->   Operation 49 'getelementptr' 'gmem1_addr' <Predicate = true> <Delay = 0.00>
ST_3 : Operation 50 [16/16] (7.30ns)   --->   "%empty = readreq i1 @_ssdm_op_ReadReq.m_axi.p1i32, i64 %gmem1_addr, i32 %count_3" [userdma.cpp:94]   --->   Operation 50 'readreq' 'empty' <Predicate = true> <Delay = 7.30> <CoreInst = "m_axi">   --->   Core 113 'm_axi' <Latency = 0> <II = 1> <Delay = 1.00> <Adapter> <Opcode : 'read' 'write' 'readreq' 'writereq' 'writeresp'>

State 4 <SV = 3> <Delay = 7.30>
ST_4 : Operation 51 [15/16] (7.30ns)   --->   "%empty = readreq i1 @_ssdm_op_ReadReq.m_axi.p1i32, i64 %gmem1_addr, i32 %count_3" [userdma.cpp:94]   --->   Operation 51 'readreq' 'empty' <Predicate = true> <Delay = 7.30> <CoreInst = "m_axi">   --->   Core 113 'm_axi' <Latency = 0> <II = 1> <Delay = 1.00> <Adapter> <Opcode : 'read' 'write' 'readreq' 'writereq' 'writeresp'>

State 5 <SV = 4> <Delay = 7.30>
ST_5 : Operation 52 [14/16] (7.30ns)   --->   "%empty = readreq i1 @_ssdm_op_ReadReq.m_axi.p1i32, i64 %gmem1_addr, i32 %count_3" [userdma.cpp:94]   --->   Operation 52 'readreq' 'empty' <Predicate = true> <Delay = 7.30> <CoreInst = "m_axi">   --->   Core 113 'm_axi' <Latency = 0> <II = 1> <Delay = 1.00> <Adapter> <Opcode : 'read' 'write' 'readreq' 'writereq' 'writeresp'>

State 6 <SV = 5> <Delay = 7.30>
ST_6 : Operation 53 [13/16] (7.30ns)   --->   "%empty = readreq i1 @_ssdm_op_ReadReq.m_axi.p1i32, i64 %gmem1_addr, i32 %count_3" [userdma.cpp:94]   --->   Operation 53 'readreq' 'empty' <Predicate = true> <Delay = 7.30> <CoreInst = "m_axi">   --->   Core 113 'm_axi' <Latency = 0> <II = 1> <Delay = 1.00> <Adapter> <Opcode : 'read' 'write' 'readreq' 'writereq' 'writeresp'>

State 7 <SV = 6> <Delay = 7.30>
ST_7 : Operation 54 [12/16] (7.30ns)   --->   "%empty = readreq i1 @_ssdm_op_ReadReq.m_axi.p1i32, i64 %gmem1_addr, i32 %count_3" [userdma.cpp:94]   --->   Operation 54 'readreq' 'empty' <Predicate = true> <Delay = 7.30> <CoreInst = "m_axi">   --->   Core 113 'm_axi' <Latency = 0> <II = 1> <Delay = 1.00> <Adapter> <Opcode : 'read' 'write' 'readreq' 'writereq' 'writeresp'>

State 8 <SV = 7> <Delay = 7.30>
ST_8 : Operation 55 [11/16] (7.30ns)   --->   "%empty = readreq i1 @_ssdm_op_ReadReq.m_axi.p1i32, i64 %gmem1_addr, i32 %count_3" [userdma.cpp:94]   --->   Operation 55 'readreq' 'empty' <Predicate = true> <Delay = 7.30> <CoreInst = "m_axi">   --->   Core 113 'm_axi' <Latency = 0> <II = 1> <Delay = 1.00> <Adapter> <Opcode : 'read' 'write' 'readreq' 'writereq' 'writeresp'>

State 9 <SV = 8> <Delay = 7.30>
ST_9 : Operation 56 [10/16] (7.30ns)   --->   "%empty = readreq i1 @_ssdm_op_ReadReq.m_axi.p1i32, i64 %gmem1_addr, i32 %count_3" [userdma.cpp:94]   --->   Operation 56 'readreq' 'empty' <Predicate = true> <Delay = 7.30> <CoreInst = "m_axi">   --->   Core 113 'm_axi' <Latency = 0> <II = 1> <Delay = 1.00> <Adapter> <Opcode : 'read' 'write' 'readreq' 'writereq' 'writeresp'>

State 10 <SV = 9> <Delay = 7.30>
ST_10 : Operation 57 [9/16] (7.30ns)   --->   "%empty = readreq i1 @_ssdm_op_ReadReq.m_axi.p1i32, i64 %gmem1_addr, i32 %count_3" [userdma.cpp:94]   --->   Operation 57 'readreq' 'empty' <Predicate = true> <Delay = 7.30> <CoreInst = "m_axi">   --->   Core 113 'm_axi' <Latency = 0> <II = 1> <Delay = 1.00> <Adapter> <Opcode : 'read' 'write' 'readreq' 'writereq' 'writeresp'>

State 11 <SV = 10> <Delay = 7.30>
ST_11 : Operation 58 [8/16] (7.30ns)   --->   "%empty = readreq i1 @_ssdm_op_ReadReq.m_axi.p1i32, i64 %gmem1_addr, i32 %count_3" [userdma.cpp:94]   --->   Operation 58 'readreq' 'empty' <Predicate = true> <Delay = 7.30> <CoreInst = "m_axi">   --->   Core 113 'm_axi' <Latency = 0> <II = 1> <Delay = 1.00> <Adapter> <Opcode : 'read' 'write' 'readreq' 'writereq' 'writeresp'>

State 12 <SV = 11> <Delay = 7.30>
ST_12 : Operation 59 [7/16] (7.30ns)   --->   "%empty = readreq i1 @_ssdm_op_ReadReq.m_axi.p1i32, i64 %gmem1_addr, i32 %count_3" [userdma.cpp:94]   --->   Operation 59 'readreq' 'empty' <Predicate = true> <Delay = 7.30> <CoreInst = "m_axi">   --->   Core 113 'm_axi' <Latency = 0> <II = 1> <Delay = 1.00> <Adapter> <Opcode : 'read' 'write' 'readreq' 'writereq' 'writeresp'>

State 13 <SV = 12> <Delay = 7.30>
ST_13 : Operation 60 [6/16] (7.30ns)   --->   "%empty = readreq i1 @_ssdm_op_ReadReq.m_axi.p1i32, i64 %gmem1_addr, i32 %count_3" [userdma.cpp:94]   --->   Operation 60 'readreq' 'empty' <Predicate = true> <Delay = 7.30> <CoreInst = "m_axi">   --->   Core 113 'm_axi' <Latency = 0> <II = 1> <Delay = 1.00> <Adapter> <Opcode : 'read' 'write' 'readreq' 'writereq' 'writeresp'>

State 14 <SV = 13> <Delay = 7.30>
ST_14 : Operation 61 [5/16] (7.30ns)   --->   "%empty = readreq i1 @_ssdm_op_ReadReq.m_axi.p1i32, i64 %gmem1_addr, i32 %count_3" [userdma.cpp:94]   --->   Operation 61 'readreq' 'empty' <Predicate = true> <Delay = 7.30> <CoreInst = "m_axi">   --->   Core 113 'm_axi' <Latency = 0> <II = 1> <Delay = 1.00> <Adapter> <Opcode : 'read' 'write' 'readreq' 'writereq' 'writeresp'>

State 15 <SV = 14> <Delay = 7.30>
ST_15 : Operation 62 [4/16] (7.30ns)   --->   "%empty = readreq i1 @_ssdm_op_ReadReq.m_axi.p1i32, i64 %gmem1_addr, i32 %count_3" [userdma.cpp:94]   --->   Operation 62 'readreq' 'empty' <Predicate = true> <Delay = 7.30> <CoreInst = "m_axi">   --->   Core 113 'm_axi' <Latency = 0> <II = 1> <Delay = 1.00> <Adapter> <Opcode : 'read' 'write' 'readreq' 'writereq' 'writeresp'>

State 16 <SV = 15> <Delay = 7.30>
ST_16 : Operation 63 [3/16] (7.30ns)   --->   "%empty = readreq i1 @_ssdm_op_ReadReq.m_axi.p1i32, i64 %gmem1_addr, i32 %count_3" [userdma.cpp:94]   --->   Operation 63 'readreq' 'empty' <Predicate = true> <Delay = 7.30> <CoreInst = "m_axi">   --->   Core 113 'm_axi' <Latency = 0> <II = 1> <Delay = 1.00> <Adapter> <Opcode : 'read' 'write' 'readreq' 'writereq' 'writeresp'>

State 17 <SV = 16> <Delay = 7.30>
ST_17 : Operation 64 [2/16] (7.30ns)   --->   "%empty = readreq i1 @_ssdm_op_ReadReq.m_axi.p1i32, i64 %gmem1_addr, i32 %count_3" [userdma.cpp:94]   --->   Operation 64 'readreq' 'empty' <Predicate = true> <Delay = 7.30> <CoreInst = "m_axi">   --->   Core 113 'm_axi' <Latency = 0> <II = 1> <Delay = 1.00> <Adapter> <Opcode : 'read' 'write' 'readreq' 'writereq' 'writeresp'>

State 18 <SV = 17> <Delay = 7.30>
ST_18 : Operation 65 [1/16] (7.30ns)   --->   "%empty = readreq i1 @_ssdm_op_ReadReq.m_axi.p1i32, i64 %gmem1_addr, i32 %count_3" [userdma.cpp:94]   --->   Operation 65 'readreq' 'empty' <Predicate = true> <Delay = 7.30> <CoreInst = "m_axi">   --->   Core 113 'm_axi' <Latency = 0> <II = 1> <Delay = 1.00> <Adapter> <Opcode : 'read' 'write' 'readreq' 'writereq' 'writeresp'>

State 19 <SV = 18> <Delay = 6.69>
ST_19 : Operation 66 [1/1] (0.00ns)   --->   "%tmp = partselect i28 @_ssdm_op_PartSelect.i28.i32.i32.i32, i32 %count_2, i32 4, i32 31"   --->   Operation 66 'partselect' 'tmp' <Predicate = true> <Delay = 0.00>
ST_19 : Operation 67 [1/1] (2.46ns)   --->   "%icmp = icmp_slt  i28 %tmp, i28 1"   --->   Operation 67 'icmp' 'icmp' <Predicate = true> <Delay = 2.46> <CoreInst = "Cmp">   --->   Core 9 'Cmp' <Latency = 0> <II = 1> <Delay = 2.46> <FuncUnit> <Opcode : 'icmp'> <InPorts = 2> <OutPorts = 1>
ST_19 : Operation 68 [1/1] (0.69ns)   --->   "%select_ln94 = select i1 %icmp, i32 %count_2, i32 16" [userdma.cpp:94]   --->   Operation 68 'select' 'select_ln94' <Predicate = true> <Delay = 0.69> <CoreInst = "Sel">   --->   Core 73 'Sel' <Latency = 0> <II = 1> <Delay = 0.69> <FuncUnit> <Opcode : 'select'> <InPorts = 3> <OutPorts = 1>
ST_19 : Operation 69 [1/1] (2.55ns)   --->   "%sub_ln94 = sub i32 0, i32 %count_2" [userdma.cpp:94]   --->   Operation 69 'sub' 'sub_ln94' <Predicate = true> <Delay = 2.55> <CoreInst = "Adder">   --->   Core 1 'Adder' <Latency = 0> <II = 1> <Delay = 2.55> <FuncUnit> <Opcode : 'add' 'sub'> <InPorts = 2> <OutPorts = 1>
ST_19 : Operation 70 [1/1] (0.00ns) (grouped into LUT with out node add_ln94_1)   --->   "%select_ln94_1 = select i1 %icmp, i32 %sub_ln94, i32 4294967280" [userdma.cpp:94]   --->   Operation 70 'select' 'select_ln94_1' <Predicate = true> <Delay = 0.00> <CoreInst = "Sel">   --->   Core 73 'Sel' <Latency = 0> <II = 1> <Delay = 0.69> <FuncUnit> <Opcode : 'select'> <InPorts = 3> <OutPorts = 1>
ST_19 : Operation 71 [1/1] (2.55ns) (out node of the LUT)   --->   "%add_ln94_1 = add i32 %select_ln94_1, i32 %count_2" [userdma.cpp:94]   --->   Operation 71 'add' 'add_ln94_1' <Predicate = true> <Delay = 2.55> <CoreInst = "Adder">   --->   Core 1 'Adder' <Latency = 0> <II = 1> <Delay = 2.55> <FuncUnit> <Opcode : 'add' 'sub'> <InPorts = 2> <OutPorts = 1>
ST_19 : Operation 72 [1/1] (0.00ns)   --->   "%empty_51 = wait i32 @_ssdm_op_Wait"   --->   Operation 72 'wait' 'empty_51' <Predicate = true> <Delay = 0.00>
ST_19 : Operation 73 [2/2] (1.58ns)   --->   "%call_ln94 = call void @paralleltostreamwithburst_Pipeline_VITIS_LOOP_94_2, i32 %count_2, i32 %gmem1, i62 %trunc_ln1, i32 %select_ln94, i4 %sub, i32 %in_m2s_len_read, i40 %outbuf" [userdma.cpp:94]   --->   Operation 73 'call' 'call_ln94' <Predicate = true> <Delay = 1.58> <CoreType = "Generic">   --->   Core 0 '' <Latency = 0> <II = 1> <Delay = 1.00> <Generic> <Opcode : >
ST_19 : Operation 74 [1/1] (1.58ns)   --->   "%store_ln94 = store i32 %add_ln94_1, i32 %count" [userdma.cpp:94]   --->   Operation 74 'store' 'store_ln94' <Predicate = true> <Delay = 1.58>

State 20 <SV = 19> <Delay = 0.00>
ST_20 : Operation 75 [1/2] (0.00ns)   --->   "%call_ln94 = call void @paralleltostreamwithburst_Pipeline_VITIS_LOOP_94_2, i32 %count_2, i32 %gmem1, i62 %trunc_ln1, i32 %select_ln94, i4 %sub, i32 %in_m2s_len_read, i40 %outbuf" [userdma.cpp:94]   --->   Operation 75 'call' 'call_ln94' <Predicate = true> <Delay = 0.00> <CoreType = "Generic">   --->   Core 0 '' <Latency = 0> <II = 1> <Delay = 1.00> <Generic> <Opcode : >

State 21 <SV = 20> <Delay = 5.10>
ST_21 : Operation 76 [1/1] (0.00ns)   --->   "%empty_52 = wait i32 @_ssdm_op_Wait"   --->   Operation 76 'wait' 'empty_52' <Predicate = (icmp_ln94)> <Delay = 0.00>
ST_21 : Operation 77 [1/1] (0.00ns)   --->   "%br_ln0 = br void %do.cond"   --->   Operation 77 'br' 'br_ln0' <Predicate = (icmp_ln94)> <Delay = 0.00>
ST_21 : Operation 78 [1/1] (0.00ns)   --->   "%idx_load_2 = load i64 %idx" [userdma.cpp:110]   --->   Operation 78 'load' 'idx_load_2' <Predicate = true> <Delay = 0.00>
ST_21 : Operation 79 [1/1] (0.00ns)   --->   "%count_load = load i32 %count" [userdma.cpp:112]   --->   Operation 79 'load' 'count_load' <Predicate = true> <Delay = 0.00>
ST_21 : Operation 80 [1/1] (3.63ns)   --->   "%write_ln174 = write void @_ssdm_op_Write.ap_fifo.volatile.i32P0A, i32 %outcount41, i32 %count_3" [/tools/Xilinx/Vitis_HLS/2022.1/common/technology/autopilot/hls_stream_39.h:174]   --->   Operation 80 'write' 'write_ln174' <Predicate = true> <Delay = 3.63> <CoreInst = "FIFO_SRL">   --->   Core 81 'FIFO_SRL' <Latency = 0> <II = 1> <Delay = 3.63> <Storage> <Opcode : 'read' 'write' 'nbread' 'nbwrite'> <Ports = 0> <Width = 32> <Depth = 4> <FIFO>
ST_21 : Operation 81 [1/1] (0.00ns)   --->   "%sext_ln110 = sext i32 %count_3" [userdma.cpp:110]   --->   Operation 81 'sext' 'sext_ln110' <Predicate = true> <Delay = 0.00>
ST_21 : Operation 82 [1/1] (3.52ns)   --->   "%add_ln110 = add i64 %sext_ln110, i64 %idx_load_2" [userdma.cpp:110]   --->   Operation 82 'add' 'add_ln110' <Predicate = true> <Delay = 3.52> <CoreInst = "Adder">   --->   Core 1 'Adder' <Latency = 0> <II = 1> <Delay = 3.52> <FuncUnit> <Opcode : 'add' 'sub'> <InPorts = 2> <OutPorts = 1>
ST_21 : Operation 83 [1/1] (2.47ns)   --->   "%icmp_ln112 = icmp_eq  i32 %count_load, i32 0" [userdma.cpp:112]   --->   Operation 83 'icmp' 'icmp_ln112' <Predicate = true> <Delay = 2.47> <CoreInst = "Cmp">   --->   Core 9 'Cmp' <Latency = 0> <II = 1> <Delay = 2.47> <FuncUnit> <Opcode : 'icmp'> <InPorts = 2> <OutPorts = 1>
ST_21 : Operation 84 [1/1] (0.00ns)   --->   "%br_ln112 = br i1 %icmp_ln112, void %do.cond.do.body_crit_edge, void %do.end" [userdma.cpp:112]   --->   Operation 84 'br' 'br_ln112' <Predicate = true> <Delay = 0.00>
ST_21 : Operation 85 [1/1] (1.58ns)   --->   "%store_ln112 = store i64 %add_ln110, i64 %idx" [userdma.cpp:112]   --->   Operation 85 'store' 'store_ln112' <Predicate = (!icmp_ln112)> <Delay = 1.58>
ST_21 : Operation 86 [1/1] (0.00ns)   --->   "%br_ln112 = br void %do.body" [userdma.cpp:112]   --->   Operation 86 'br' 'br_ln112' <Predicate = (!icmp_ln112)> <Delay = 0.00>
ST_21 : Operation 87 [1/1] (0.00ns)   --->   "%ret_ln113 = ret" [userdma.cpp:113]   --->   Operation 87 'ret' 'ret_ln113' <Predicate = (icmp_ln112)> <Delay = 0.00>


============================================================
+ Verbose Summary: Binding
============================================================
STG Binding: 
---------------- STG Properties BEGIN ----------------
- Is combinational: 0
- Is one-state seq: 0
- Is datapath-only: 0
- Is pipelined: 0
- Is top level: 0
Port [ Return ] is wired: 1; IO mode=ap_ctrl_hs:ce=0
Port [ gmem1]:  wired=1; compound=1; hidden=0; nouse=0; global=0; static=0; extern=0; dir=0; type=4; pingpong=0; private_global=0; IO mode=m_axi:ce=0
Port [ in_memory]:  wired=1; compound=0; hidden=0; nouse=0; global=0; static=0; extern=0; dir=0; type=0; pingpong=0; private_global=0; IO mode=ap_none:ce=0
Port [ in_en_clrsts]:  wired=1; compound=0; hidden=0; nouse=0; global=0; static=0; extern=0; dir=0; type=0; pingpong=0; private_global=0; IO mode=ap_none:ce=0
Port [ in_m2s_len]:  wired=1; compound=0; hidden=0; nouse=0; global=0; static=0; extern=0; dir=0; type=0; pingpong=0; private_global=0; IO mode=ap_none:ce=0
Port [ outbuf]:  wired=1; compound=1; hidden=0; nouse=0; global=0; static=0; extern=0; dir=1; type=3; pingpong=0; private_global=0; IO mode=ap_fifo:ce=0
Port [ outcount41]:  wired=1; compound=1; hidden=0; nouse=0; global=0; static=0; extern=0; dir=1; type=3; pingpong=0; private_global=0; IO mode=ap_fifo:ce=0
Port [ m2s_enb_clrsts_c]:  wired=1; compound=1; hidden=0; nouse=0; global=0; static=0; extern=0; dir=1; type=3; pingpong=0; private_global=0; IO mode=ap_fifo:ce=0
---------------- STG Properties END ------------------

---------------- Datapath Model BEGIN ----------------

<LifeTime>
<method=bitvector/>
idx               (alloca       ) [ 0111111111111111111111]
count             (alloca       ) [ 0111111111111111111111]
specinterface_ln0 (specinterface) [ 0000000000000000000000]
in_m2s_len_read   (read         ) [ 0011111111111111111111]
in_en_clrsts_read (read         ) [ 0000000000000000000000]
in_memory_read    (read         ) [ 0011111111111111111111]
write_ln0         (write        ) [ 0000000000000000000000]
specinterface_ln0 (specinterface) [ 0000000000000000000000]
specinterface_ln0 (specinterface) [ 0000000000000000000000]
specinterface_ln0 (specinterface) [ 0000000000000000000000]
select_ln82       (select       ) [ 0000000000000000000000]
store_ln87        (store        ) [ 0000000000000000000000]
store_ln87        (store        ) [ 0000000000000000000000]
br_ln87           (br           ) [ 0000000000000000000000]
count_2           (load         ) [ 0001111111111111111110]
specloopname_ln88 (specloopname ) [ 0000000000000000000000]
icmp_ln88         (icmp         ) [ 0000000000000000000000]
count_3           (select       ) [ 0001111111111111111111]
trunc_ln78        (trunc        ) [ 0000000000000000000000]
sub               (add          ) [ 0001111111111111111110]
icmp_ln94         (icmp         ) [ 0011111111111111111111]
br_ln94           (br           ) [ 0000000000000000000000]
idx_load          (load         ) [ 0000000000000000000000]
shl_ln94          (shl          ) [ 0000000000000000000000]
add_ln94          (add          ) [ 0000000000000000000000]
trunc_ln1         (partselect   ) [ 0001111111111111111110]
sext_ln94         (sext         ) [ 0000000000000000000000]
gmem1_addr        (getelementptr) [ 0000111111111111111000]
empty             (readreq      ) [ 0000000000000000000000]
tmp               (partselect   ) [ 0000000000000000000000]
icmp              (icmp         ) [ 0000000000000000000000]
select_ln94       (select       ) [ 0000000000000000000010]
sub_ln94          (sub          ) [ 0000000000000000000000]
select_ln94_1     (select       ) [ 0000000000000000000000]
add_ln94_1        (add          ) [ 0000000000000000000000]
empty_51          (wait         ) [ 0000000000000000000000]
store_ln94        (store        ) [ 0000000000000000000000]
call_ln94         (call         ) [ 0000000000000000000000]
empty_52          (wait         ) [ 0000000000000000000000]
br_ln0            (br           ) [ 0000000000000000000000]
idx_load_2        (load         ) [ 0000000000000000000000]
count_load        (load         ) [ 0000000000000000000000]
write_ln174       (write        ) [ 0000000000000000000000]
sext_ln110        (sext         ) [ 0000000000000000000000]
add_ln110         (add          ) [ 0000000000000000000000]
icmp_ln112        (icmp         ) [ 0011111111111111111111]
br_ln112          (br           ) [ 0000000000000000000000]
store_ln112       (store        ) [ 0000000000000000000000]
br_ln112          (br           ) [ 0000000000000000000000]
ret_ln113         (ret          ) [ 0000000000000000000000]
</LifeTime>

<model>

<comp_list>
<comp id="0" class="1000" name="gmem1">
<pin_list>
<pin id="1" dir="1" index="0" bw="1" slack="0"/>
</pin_list>
<bind>
<StgValue><ssdm name="gmem1"/></StgValue>
</bind>
</comp>

<comp id="2" class="1000" name="in_memory">
<pin_list>
<pin id="3" dir="1" index="0" bw="1" slack="0"/>
</pin_list>
<bind>
<StgValue><ssdm name="in_memory"/></StgValue>
</bind>
</comp>

<comp id="4" class="1000" name="in_en_clrsts">
<pin_list>
<pin id="5" dir="1" index="0" bw="1" slack="0"/>
</pin_list>
<bind>
<StgValue><ssdm name="in_en_clrsts"/></StgValue>
</bind>
</comp>

<comp id="6" class="1000" name="in_m2s_len">
<pin_list>
<pin id="7" dir="1" index="0" bw="1" slack="0"/>
</pin_list>
<bind>
<StgValue><ssdm name="in_m2s_len"/></StgValue>
</bind>
</comp>

<comp id="8" class="1000" name="outbuf">
<pin_list>
<pin id="9" dir="1" index="0" bw="1" slack="0"/>
</pin_list>
<bind>
<StgValue><ssdm name="outbuf"/></StgValue>
</bind>
</comp>

<comp id="10" class="1000" name="outcount41">
<pin_list>
<pin id="11" dir="1" index="0" bw="1" slack="0"/>
</pin_list>
<bind>
<StgValue><ssdm name="outcount41"/></StgValue>
</bind>
</comp>

<comp id="12" class="1000" name="m2s_enb_clrsts_c">
<pin_list>
<pin id="13" dir="1" index="0" bw="1" slack="0"/>
</pin_list>
<bind>
<StgValue><ssdm name="m2s_enb_clrsts_c"/></StgValue>
</bind>
</comp>

<comp id="14" class="1001" name="const_14">
<pin_list>
<pin id="15" dir="1" index="0" bw="1" slack="0"/>
</pin_list>
<bind>
<StgValue><ssdm name=""/></StgValue>
</bind>
</comp>

<comp id="16" class="1001" name="const_16">
<pin_list>
<pin id="17" dir="1" index="0" bw="1" slack="2147483647"/>
</pin_list>
<bind>
<StgValue><ssdm name="_ssdm_op_SpecInterface"/></StgValue>
</bind>
</comp>

<comp id="18" class="1001" name="const_18">
<pin_list>
<pin id="19" dir="1" index="0" bw="1" slack="2147483647"/>
</pin_list>
<bind>
<StgValue><ssdm name="ap_fifo_str"/></StgValue>
</bind>
</comp>

<comp id="20" class="1001" name="const_20">
<pin_list>
<pin id="21" dir="1" index="0" bw="1" slack="0"/>
</pin_list>
<bind>
<StgValue><ssdm name=""/></StgValue>
</bind>
</comp>

<comp id="22" class="1001" name="const_22">
<pin_list>
<pin id="23" dir="1" index="0" bw="1" slack="2147483647"/>
</pin_list>
<bind>
<StgValue><ssdm name="p_str"/></StgValue>
</bind>
</comp>

<comp id="24" class="1001" name="const_24">
<pin_list>
<pin id="25" dir="1" index="0" bw="1" slack="0"/>
</pin_list>
<bind>
<StgValue><ssdm name=""/></StgValue>
</bind>
</comp>

<comp id="26" class="1001" name="const_26">
<pin_list>
<pin id="27" dir="1" index="0" bw="1" slack="0"/>
</pin_list>
<bind>
<StgValue><ssdm name=""/></StgValue>
</bind>
</comp>

<comp id="28" class="1001" name="const_28">
<pin_list>
<pin id="29" dir="1" index="0" bw="1" slack="2147483647"/>
</pin_list>
<bind>
<StgValue><ssdm name="ScalarProp_str"/></StgValue>
</bind>
</comp>

<comp id="30" class="1001" name="const_30">
<pin_list>
<pin id="31" dir="1" index="0" bw="1" slack="2147483647"/>
</pin_list>
<bind>
<StgValue><ssdm name=""/></StgValue>
</bind>
</comp>

<comp id="32" class="1001" name="const_32">
<pin_list>
<pin id="33" dir="1" index="0" bw="1" slack="0"/>
</pin_list>
<bind>
<StgValue><ssdm name="_ssdm_op_Read.ap_auto.i32"/></StgValue>
</bind>
</comp>

<comp id="34" class="1001" name="const_34">
<pin_list>
<pin id="35" dir="1" index="0" bw="1" slack="0"/>
</pin_list>
<bind>
<StgValue><ssdm name="_ssdm_op_Read.ap_auto.i1"/></StgValue>
</bind>
</comp>

<comp id="36" class="1001" name="const_36">
<pin_list>
<pin id="37" dir="1" index="0" bw="1" slack="0"/>
</pin_list>
<bind>
<StgValue><ssdm name="_ssdm_op_Read.ap_auto.i64"/></StgValue>
</bind>
</comp>

<comp id="38" class="1001" name="const_38">
<pin_list>
<pin id="39" dir="1" index="0" bw="1" slack="0"/>
</pin_list>
<bind>
<StgValue><ssdm name="_ssdm_op_Write.ap_fifo.i1P0A"/></StgValue>
</bind>
</comp>

<comp id="40" class="1001" name="const_40">
<pin_list>
<pin id="41" dir="1" index="0" bw="1" slack="2147483647"/>
</pin_list>
<bind>
<StgValue><ssdm name="empty_14"/></StgValue>
</bind>
</comp>

<comp id="42" class="1001" name="const_42">
<pin_list>
<pin id="43" dir="1" index="0" bw="1" slack="2147483647"/>
</pin_list>
<bind>
<StgValue><ssdm name="empty_2"/></StgValue>
</bind>
</comp>

<comp id="44" class="1001" name="const_44">
<pin_list>
<pin id="45" dir="1" index="0" bw="1" slack="2147483647"/>
</pin_list>
<bind>
<StgValue><ssdm name="empty_1"/></StgValue>
</bind>
</comp>

<comp id="46" class="1001" name="const_46">
<pin_list>
<pin id="47" dir="1" index="0" bw="1" slack="2147483647"/>
</pin_list>
<bind>
<StgValue><ssdm name=""/></StgValue>
</bind>
</comp>

<comp id="48" class="1001" name="const_48">
<pin_list>
<pin id="49" dir="1" index="0" bw="1" slack="2147483647"/>
</pin_list>
<bind>
<StgValue><ssdm name=""/></StgValue>
</bind>
</comp>

<comp id="50" class="1001" name="const_50">
<pin_list>
<pin id="51" dir="1" index="0" bw="1" slack="2147483647"/>
</pin_list>
<bind>
<StgValue><ssdm name="empty_15"/></StgValue>
</bind>
</comp>

<comp id="52" class="1001" name="const_52">
<pin_list>
<pin id="53" dir="1" index="0" bw="1" slack="2147483647"/>
</pin_list>
<bind>
<StgValue><ssdm name="empty_4"/></StgValue>
</bind>
</comp>

<comp id="54" class="1001" name="const_54">
<pin_list>
<pin id="55" dir="1" index="0" bw="1" slack="0"/>
</pin_list>
<bind>
<StgValue><ssdm name=""/></StgValue>
</bind>
</comp>

<comp id="56" class="1001" name="const_56">
<pin_list>
<pin id="57" dir="1" index="0" bw="1" slack="0"/>
</pin_list>
<bind>
<StgValue><ssdm name=""/></StgValue>
</bind>
</comp>

<comp id="58" class="1001" name="const_58">
<pin_list>
<pin id="59" dir="1" index="0" bw="1" slack="2147483647"/>
</pin_list>
<bind>
<StgValue><ssdm name="_ssdm_op_SpecLoopName"/></StgValue>
</bind>
</comp>

<comp id="60" class="1001" name="const_60">
<pin_list>
<pin id="61" dir="1" index="0" bw="1" slack="2147483647"/>
</pin_list>
<bind>
<StgValue><ssdm name="empty_8"/></StgValue>
</bind>
</comp>

<comp id="62" class="1001" name="const_62">
<pin_list>
<pin id="63" dir="1" index="0" bw="1" slack="0"/>
</pin_list>
<bind>
<StgValue><ssdm name=""/></StgValue>
</bind>
</comp>

<comp id="64" class="1001" name="const_64">
<pin_list>
<pin id="65" dir="1" index="0" bw="1" slack="0"/>
</pin_list>
<bind>
<StgValue><ssdm name=""/></StgValue>
</bind>
</comp>

<comp id="66" class="1001" name="const_66">
<pin_list>
<pin id="67" dir="1" index="0" bw="1" slack="0"/>
</pin_list>
<bind>
<StgValue><ssdm name="_ssdm_op_PartSelect.i62.i64.i32.i32"/></StgValue>
</bind>
</comp>

<comp id="68" class="1001" name="const_68">
<pin_list>
<pin id="69" dir="1" index="0" bw="1" slack="0"/>
</pin_list>
<bind>
<StgValue><ssdm name=""/></StgValue>
</bind>
</comp>

<comp id="70" class="1001" name="const_70">
<pin_list>
<pin id="71" dir="1" index="0" bw="1" slack="0"/>
</pin_list>
<bind>
<StgValue><ssdm name="_ssdm_op_ReadReq.m_axi.p1i32"/></StgValue>
</bind>
</comp>

<comp id="72" class="1001" name="const_72">
<pin_list>
<pin id="73" dir="1" index="0" bw="1" slack="0"/>
</pin_list>
<bind>
<StgValue><ssdm name="_ssdm_op_PartSelect.i28.i32.i32.i32"/></StgValue>
</bind>
</comp>

<comp id="74" class="1001" name="const_74">
<pin_list>
<pin id="75" dir="1" index="0" bw="1" slack="0"/>
</pin_list>
<bind>
<StgValue><ssdm name=""/></StgValue>
</bind>
</comp>

<comp id="76" class="1001" name="const_76">
<pin_list>
<pin id="77" dir="1" index="0" bw="1" slack="0"/>
</pin_list>
<bind>
<StgValue><ssdm name=""/></StgValue>
</bind>
</comp>

<comp id="78" class="1001" name="const_78">
<pin_list>
<pin id="79" dir="1" index="0" bw="1" slack="0"/>
</pin_list>
<bind>
<StgValue><ssdm name=""/></StgValue>
</bind>
</comp>

<comp id="80" class="1001" name="const_80">
<pin_list>
<pin id="81" dir="1" index="0" bw="1" slack="2147483647"/>
</pin_list>
<bind>
<StgValue><ssdm name="_ssdm_op_Wait"/></StgValue>
</bind>
</comp>

<comp id="82" class="1001" name="const_82">
<pin_list>
<pin id="83" dir="1" index="0" bw="1" slack="0"/>
</pin_list>
<bind>
<StgValue><ssdm name="paralleltostreamwithburst_Pipeline_VITIS_LOOP_94_2"/></StgValue>
</bind>
</comp>

<comp id="84" class="1001" name="const_84">
<pin_list>
<pin id="85" dir="1" index="0" bw="1" slack="0"/>
</pin_list>
<bind>
<StgValue><ssdm name="_ssdm_op_Write.ap_fifo.volatile.i32P0A"/></StgValue>
</bind>
</comp>

<comp id="86" class="1004" name="idx_fu_86">
<pin_list>
<pin id="87" dir="0" index="0" bw="1" slack="0"/>
<pin id="88" dir="1" index="1" bw="64" slack="0"/>
</pin_list>
<bind>
<opcode="alloca(26) " fcode="alloca"/>
<opset="idx/1 "/>
</bind>
</comp>

<comp id="90" class="1004" name="count_fu_90">
<pin_list>
<pin id="91" dir="0" index="0" bw="1" slack="0"/>
<pin id="92" dir="1" index="1" bw="32" slack="0"/>
</pin_list>
<bind>
<opcode="alloca(26) " fcode="alloca"/>
<opset="count/1 "/>
</bind>
</comp>

<comp id="94" class="1004" name="in_m2s_len_read_read_fu_94">
<pin_list>
<pin id="95" dir="0" index="0" bw="32" slack="0"/>
<pin id="96" dir="0" index="1" bw="32" slack="0"/>
<pin id="97" dir="1" index="2" bw="32" slack="0"/>
</pin_list>
<bind>
<opcode="read(1150) " fcode="read"/>
<opset="in_m2s_len_read/1 "/>
</bind>
</comp>

<comp id="100" class="1004" name="in_en_clrsts_read_read_fu_100">
<pin_list>
<pin id="101" dir="0" index="0" bw="1" slack="0"/>
<pin id="102" dir="0" index="1" bw="1" slack="0"/>
<pin id="103" dir="1" index="2" bw="1" slack="0"/>
</pin_list>
<bind>
<opcode="read(1150) " fcode="read"/>
<opset="in_en_clrsts_read/1 "/>
</bind>
</comp>

<comp id="106" class="1004" name="in_memory_read_read_fu_106">
<pin_list>
<pin id="107" dir="0" index="0" bw="64" slack="0"/>
<pin id="108" dir="0" index="1" bw="64" slack="0"/>
<pin id="109" dir="1" index="2" bw="64" slack="1"/>
</pin_list>
<bind>
<opcode="read(1150) " fcode="read"/>
<opset="in_memory_read/1 "/>
</bind>
</comp>

<comp id="112" class="1004" name="write_ln0_write_fu_112">
<pin_list>
<pin id="113" dir="0" index="0" bw="0" slack="0"/>
<pin id="114" dir="0" index="1" bw="1" slack="0"/>
<pin id="115" dir="0" index="2" bw="1" slack="0"/>
<pin id="116" dir="1" index="3" bw="0" slack="2147483647"/>
</pin_list>
<bind>
<opcode="write(1151) " fcode="write"/>
<opset="write_ln0/1 "/>
</bind>
</comp>

<comp id="120" class="1004" name="grp_readreq_fu_120">
<pin_list>
<pin id="121" dir="0" index="0" bw="1" slack="0"/>
<pin id="122" dir="0" index="1" bw="32" slack="0"/>
<pin id="123" dir="0" index="2" bw="32" slack="1"/>
<pin id="124" dir="1" index="3" bw="1" slack="2147483647"/>
</pin_list>
<bind>
<opcode="readreq(1154) " fcode="readreq"/>
<opset="empty/3 "/>
</bind>
</comp>

<comp id="126" class="1004" name="write_ln174_write_fu_126">
<pin_list>
<pin id="127" dir="0" index="0" bw="0" slack="0"/>
<pin id="128" dir="0" index="1" bw="32" slack="0"/>
<pin id="129" dir="0" index="2" bw="32" slack="19"/>
<pin id="130" dir="1" index="3" bw="0" slack="2147483647"/>
</pin_list>
<bind>
<opcode="write(1151) " fcode="write"/>
<opset="write_ln174/21 "/>
</bind>
</comp>

<comp id="133" class="1004" name="grp_paralleltostreamwithburst_Pipeline_VITIS_LOOP_94_2_fu_133">
<pin_list>
<pin id="134" dir="0" index="0" bw="0" slack="0"/>
<pin id="135" dir="0" index="1" bw="32" slack="17"/>
<pin id="136" dir="0" index="2" bw="32" slack="0"/>
<pin id="137" dir="0" index="3" bw="62" slack="17"/>
<pin id="138" dir="0" index="4" bw="32" slack="0"/>
<pin id="139" dir="0" index="5" bw="4" slack="17"/>
<pin id="140" dir="0" index="6" bw="32" slack="18"/>
<pin id="141" dir="0" index="7" bw="40" slack="0"/>
<pin id="142" dir="1" index="8" bw="0" slack="2147483647"/>
</pin_list>
<bind>
<opcode="call(48) " fcode="call"/>
<opset="call_ln94/19 "/>
</bind>
</comp>

<comp id="146" class="1004" name="grp_load_fu_146">
<pin_list>
<pin id="147" dir="0" index="0" bw="32" slack="1"/>
<pin id="148" dir="1" index="1" bw="32" slack="0"/>
</pin_list>
<bind>
<opcode="load(27) " fcode="load"/>
<opset="count_2/2 count_load/21 "/>
</bind>
</comp>

<comp id="149" class="1004" name="grp_load_fu_149">
<pin_list>
<pin id="150" dir="0" index="0" bw="64" slack="1"/>
<pin id="151" dir="1" index="1" bw="64" slack="0"/>
</pin_list>
<bind>
<opcode="load(27) " fcode="load"/>
<opset="idx_load/2 idx_load_2/21 "/>
</bind>
</comp>

<comp id="152" class="1004" name="select_ln82_fu_152">
<pin_list>
<pin id="153" dir="0" index="0" bw="1" slack="0"/>
<pin id="154" dir="0" index="1" bw="32" slack="0"/>
<pin id="155" dir="0" index="2" bw="32" slack="0"/>
<pin id="156" dir="1" index="3" bw="32" slack="0"/>
</pin_list>
<bind>
<opcode="select(49) " fcode="select"/>
<opset="select_ln82/1 "/>
</bind>
</comp>

<comp id="160" class="1004" name="store_ln87_store_fu_160">
<pin_list>
<pin id="161" dir="0" index="0" bw="32" slack="0"/>
<pin id="162" dir="0" index="1" bw="32" slack="0"/>
<pin id="163" dir="1" index="2" bw="0" slack="2147483647"/>
</pin_list>
<bind>
<opcode="store(28) " fcode="store"/>
<opset="store_ln87/1 "/>
</bind>
</comp>

<comp id="165" class="1004" name="store_ln87_store_fu_165">
<pin_list>
<pin id="166" dir="0" index="0" bw="1" slack="0"/>
<pin id="167" dir="0" index="1" bw="64" slack="0"/>
<pin id="168" dir="1" index="2" bw="0" slack="2147483647"/>
</pin_list>
<bind>
<opcode="store(28) " fcode="store"/>
<opset="store_ln87/1 "/>
</bind>
</comp>

<comp id="170" class="1004" name="icmp_ln88_fu_170">
<pin_list>
<pin id="171" dir="0" index="0" bw="32" slack="0"/>
<pin id="172" dir="0" index="1" bw="32" slack="0"/>
<pin id="173" dir="1" index="2" bw="1" slack="0"/>
</pin_list>
<bind>
<opcode="icmp(45) " fcode="icmp"/>
<opset="icmp_ln88/2 "/>
</bind>
</comp>

<comp id="176" class="1004" name="count_3_fu_176">
<pin_list>
<pin id="177" dir="0" index="0" bw="1" slack="0"/>
<pin id="178" dir="0" index="1" bw="32" slack="0"/>
<pin id="179" dir="0" index="2" bw="32" slack="0"/>
<pin id="180" dir="1" index="3" bw="32" slack="0"/>
</pin_list>
<bind>
<opcode="select(49) " fcode="select"/>
<opset="count_3/2 "/>
</bind>
</comp>

<comp id="184" class="1004" name="trunc_ln78_fu_184">
<pin_list>
<pin id="185" dir="0" index="0" bw="32" slack="0"/>
<pin id="186" dir="1" index="1" bw="4" slack="0"/>
</pin_list>
<bind>
<opcode="trunc(33) " fcode="trunc"/>
<opset="trunc_ln78/2 "/>
</bind>
</comp>

<comp id="188" class="1004" name="sub_fu_188">
<pin_list>
<pin id="189" dir="0" index="0" bw="4" slack="0"/>
<pin id="190" dir="0" index="1" bw="1" slack="0"/>
<pin id="191" dir="1" index="2" bw="4" slack="17"/>
</pin_list>
<bind>
<opcode="add(8) " fcode="add"/>
<opset="sub/2 "/>
</bind>
</comp>

<comp id="194" class="1004" name="icmp_ln94_fu_194">
<pin_list>
<pin id="195" dir="0" index="0" bw="32" slack="0"/>
<pin id="196" dir="0" index="1" bw="32" slack="0"/>
<pin id="197" dir="1" index="2" bw="1" slack="19"/>
</pin_list>
<bind>
<opcode="icmp(45) " fcode="icmp"/>
<opset="icmp_ln94/2 "/>
</bind>
</comp>

<comp id="200" class="1004" name="shl_ln94_fu_200">
<pin_list>
<pin id="201" dir="0" index="0" bw="64" slack="0"/>
<pin id="202" dir="0" index="1" bw="3" slack="0"/>
<pin id="203" dir="1" index="2" bw="64" slack="0"/>
</pin_list>
<bind>
<opcode="shl(20) " fcode="shl"/>
<opset="shl_ln94/2 "/>
</bind>
</comp>

<comp id="206" class="1004" name="add_ln94_fu_206">
<pin_list>
<pin id="207" dir="0" index="0" bw="64" slack="0"/>
<pin id="208" dir="0" index="1" bw="64" slack="1"/>
<pin id="209" dir="1" index="2" bw="64" slack="0"/>
</pin_list>
<bind>
<opcode="add(8) " fcode="add"/>
<opset="add_ln94/2 "/>
</bind>
</comp>

<comp id="211" class="1004" name="trunc_ln1_fu_211">
<pin_list>
<pin id="212" dir="0" index="0" bw="62" slack="0"/>
<pin id="213" dir="0" index="1" bw="64" slack="0"/>
<pin id="214" dir="0" index="2" bw="3" slack="0"/>
<pin id="215" dir="0" index="3" bw="7" slack="0"/>
<pin id="216" dir="1" index="4" bw="62" slack="1"/>
</pin_list>
<bind>
<opcode="partselect(1002) " fcode="partselect"/>
<opset="trunc_ln1/2 "/>
</bind>
</comp>

<comp id="221" class="1004" name="sext_ln94_fu_221">
<pin_list>
<pin id="222" dir="0" index="0" bw="62" slack="1"/>
<pin id="223" dir="1" index="1" bw="64" slack="0"/>
</pin_list>
<bind>
<opcode="sext(35) " fcode="sext"/>
<opset="sext_ln94/3 "/>
</bind>
</comp>

<comp id="224" class="1004" name="gmem1_addr_fu_224">
<pin_list>
<pin id="225" dir="0" index="0" bw="64" slack="0"/>
<pin id="226" dir="0" index="1" bw="64" slack="0"/>
<pin id="227" dir="1" index="2" bw="64" slack="0"/>
</pin_list>
<bind>
<opcode="getelementptr(29) " fcode="getelementptr"/>
<opset="gmem1_addr/3 "/>
</bind>
</comp>

<comp id="231" class="1004" name="tmp_fu_231">
<pin_list>
<pin id="232" dir="0" index="0" bw="28" slack="0"/>
<pin id="233" dir="0" index="1" bw="32" slack="17"/>
<pin id="234" dir="0" index="2" bw="4" slack="0"/>
<pin id="235" dir="0" index="3" bw="6" slack="0"/>
<pin id="236" dir="1" index="4" bw="28" slack="0"/>
</pin_list>
<bind>
<opcode="partselect(1002) " fcode="partselect"/>
<opset="tmp/19 "/>
</bind>
</comp>

<comp id="240" class="1004" name="icmp_fu_240">
<pin_list>
<pin id="241" dir="0" index="0" bw="28" slack="0"/>
<pin id="242" dir="0" index="1" bw="28" slack="0"/>
<pin id="243" dir="1" index="2" bw="1" slack="0"/>
</pin_list>
<bind>
<opcode="icmp(45) " fcode="icmp"/>
<opset="icmp/19 "/>
</bind>
</comp>

<comp id="246" class="1004" name="select_ln94_fu_246">
<pin_list>
<pin id="247" dir="0" index="0" bw="1" slack="0"/>
<pin id="248" dir="0" index="1" bw="32" slack="17"/>
<pin id="249" dir="0" index="2" bw="32" slack="0"/>
<pin id="250" dir="1" index="3" bw="32" slack="0"/>
</pin_list>
<bind>
<opcode="select(49) " fcode="select"/>
<opset="select_ln94/19 "/>
</bind>
</comp>

<comp id="254" class="1004" name="sub_ln94_fu_254">
<pin_list>
<pin id="255" dir="0" index="0" bw="1" slack="0"/>
<pin id="256" dir="0" index="1" bw="32" slack="17"/>
<pin id="257" dir="1" index="2" bw="32" slack="0"/>
</pin_list>
<bind>
<opcode="sub(10) " fcode="sub"/>
<opset="sub_ln94/19 "/>
</bind>
</comp>

<comp id="259" class="1004" name="select_ln94_1_fu_259">
<pin_list>
<pin id="260" dir="0" index="0" bw="1" slack="0"/>
<pin id="261" dir="0" index="1" bw="32" slack="0"/>
<pin id="262" dir="0" index="2" bw="32" slack="0"/>
<pin id="263" dir="1" index="3" bw="32" slack="0"/>
</pin_list>
<bind>
<opcode="select(49) " fcode="select"/>
<opset="select_ln94_1/19 "/>
</bind>
</comp>

<comp id="267" class="1004" name="add_ln94_1_fu_267">
<pin_list>
<pin id="268" dir="0" index="0" bw="32" slack="0"/>
<pin id="269" dir="0" index="1" bw="32" slack="17"/>
<pin id="270" dir="1" index="2" bw="32" slack="0"/>
</pin_list>
<bind>
<opcode="add(8) " fcode="add"/>
<opset="add_ln94_1/19 "/>
</bind>
</comp>

<comp id="272" class="1004" name="store_ln94_store_fu_272">
<pin_list>
<pin id="273" dir="0" index="0" bw="32" slack="0"/>
<pin id="274" dir="0" index="1" bw="32" slack="18"/>
<pin id="275" dir="1" index="2" bw="0" slack="2147483647"/>
</pin_list>
<bind>
<opcode="store(28) " fcode="store"/>
<opset="store_ln94/19 "/>
</bind>
</comp>

<comp id="277" class="1004" name="sext_ln110_fu_277">
<pin_list>
<pin id="278" dir="0" index="0" bw="32" slack="19"/>
<pin id="279" dir="1" index="1" bw="64" slack="0"/>
</pin_list>
<bind>
<opcode="sext(35) " fcode="sext"/>
<opset="sext_ln110/21 "/>
</bind>
</comp>

<comp id="280" class="1004" name="add_ln110_fu_280">
<pin_list>
<pin id="281" dir="0" index="0" bw="32" slack="0"/>
<pin id="282" dir="0" index="1" bw="64" slack="0"/>
<pin id="283" dir="1" index="2" bw="64" slack="0"/>
</pin_list>
<bind>
<opcode="add(8) " fcode="add"/>
<opset="add_ln110/21 "/>
</bind>
</comp>

<comp id="286" class="1004" name="icmp_ln112_fu_286">
<pin_list>
<pin id="287" dir="0" index="0" bw="32" slack="0"/>
<pin id="288" dir="0" index="1" bw="32" slack="0"/>
<pin id="289" dir="1" index="2" bw="1" slack="2147483647"/>
</pin_list>
<bind>
<opcode="icmp(45) " fcode="icmp"/>
<opset="icmp_ln112/21 "/>
</bind>
</comp>

<comp id="292" class="1004" name="store_ln112_store_fu_292">
<pin_list>
<pin id="293" dir="0" index="0" bw="64" slack="0"/>
<pin id="294" dir="0" index="1" bw="64" slack="20"/>
<pin id="295" dir="1" index="2" bw="0" slack="2147483647"/>
</pin_list>
<bind>
<opcode="store(28) " fcode="store"/>
<opset="store_ln112/21 "/>
</bind>
</comp>

<comp id="297" class="1005" name="idx_reg_297">
<pin_list>
<pin id="298" dir="0" index="0" bw="64" slack="0"/>
<pin id="299" dir="1" index="1" bw="64" slack="0"/>
</pin_list>
<bind>
<opset="idx "/>
</bind>
</comp>

<comp id="304" class="1005" name="count_reg_304">
<pin_list>
<pin id="305" dir="0" index="0" bw="32" slack="0"/>
<pin id="306" dir="1" index="1" bw="32" slack="0"/>
</pin_list>
<bind>
<opset="count "/>
</bind>
</comp>

<comp id="311" class="1005" name="in_m2s_len_read_reg_311">
<pin_list>
<pin id="312" dir="0" index="0" bw="32" slack="18"/>
<pin id="313" dir="1" index="1" bw="32" slack="18"/>
</pin_list>
<bind>
<opset="in_m2s_len_read "/>
</bind>
</comp>

<comp id="316" class="1005" name="in_memory_read_reg_316">
<pin_list>
<pin id="317" dir="0" index="0" bw="64" slack="1"/>
<pin id="318" dir="1" index="1" bw="64" slack="1"/>
</pin_list>
<bind>
<opset="in_memory_read "/>
</bind>
</comp>

<comp id="321" class="1005" name="count_2_reg_321">
<pin_list>
<pin id="322" dir="0" index="0" bw="32" slack="17"/>
<pin id="323" dir="1" index="1" bw="32" slack="17"/>
</pin_list>
<bind>
<opset="count_2 "/>
</bind>
</comp>

<comp id="330" class="1005" name="count_3_reg_330">
<pin_list>
<pin id="331" dir="0" index="0" bw="32" slack="1"/>
<pin id="332" dir="1" index="1" bw="32" slack="1"/>
</pin_list>
<bind>
<opset="count_3 "/>
</bind>
</comp>

<comp id="337" class="1005" name="sub_reg_337">
<pin_list>
<pin id="338" dir="0" index="0" bw="4" slack="17"/>
<pin id="339" dir="1" index="1" bw="4" slack="17"/>
</pin_list>
<bind>
<opset="sub "/>
</bind>
</comp>

<comp id="342" class="1005" name="icmp_ln94_reg_342">
<pin_list>
<pin id="343" dir="0" index="0" bw="1" slack="19"/>
<pin id="344" dir="1" index="1" bw="1" slack="2147483647"/>
</pin_list>
<bind>
<opset="icmp_ln94 "/>
</bind>
</comp>

<comp id="346" class="1005" name="trunc_ln1_reg_346">
<pin_list>
<pin id="347" dir="0" index="0" bw="62" slack="1"/>
<pin id="348" dir="1" index="1" bw="62" slack="1"/>
</pin_list>
<bind>
<opset="trunc_ln1 "/>
</bind>
</comp>

<comp id="352" class="1005" name="gmem1_addr_reg_352">
<pin_list>
<pin id="353" dir="0" index="0" bw="32" slack="1"/>
<pin id="354" dir="1" index="1" bw="32" slack="1"/>
</pin_list>
<bind>
<opset="gmem1_addr "/>
</bind>
</comp>

<comp id="357" class="1005" name="select_ln94_reg_357">
<pin_list>
<pin id="358" dir="0" index="0" bw="32" slack="1"/>
<pin id="359" dir="1" index="1" bw="32" slack="1"/>
</pin_list>
<bind>
<opset="select_ln94 "/>
</bind>
</comp>

</comp_list>

<net_list>
<net id="89"><net_src comp="14" pin="0"/><net_sink comp="86" pin=0"/></net>

<net id="93"><net_src comp="14" pin="0"/><net_sink comp="90" pin=0"/></net>

<net id="98"><net_src comp="32" pin="0"/><net_sink comp="94" pin=0"/></net>

<net id="99"><net_src comp="6" pin="0"/><net_sink comp="94" pin=1"/></net>

<net id="104"><net_src comp="34" pin="0"/><net_sink comp="100" pin=0"/></net>

<net id="105"><net_src comp="4" pin="0"/><net_sink comp="100" pin=1"/></net>

<net id="110"><net_src comp="36" pin="0"/><net_sink comp="106" pin=0"/></net>

<net id="111"><net_src comp="2" pin="0"/><net_sink comp="106" pin=1"/></net>

<net id="117"><net_src comp="38" pin="0"/><net_sink comp="112" pin=0"/></net>

<net id="118"><net_src comp="12" pin="0"/><net_sink comp="112" pin=1"/></net>

<net id="119"><net_src comp="100" pin="2"/><net_sink comp="112" pin=2"/></net>

<net id="125"><net_src comp="70" pin="0"/><net_sink comp="120" pin=0"/></net>

<net id="131"><net_src comp="84" pin="0"/><net_sink comp="126" pin=0"/></net>

<net id="132"><net_src comp="10" pin="0"/><net_sink comp="126" pin=1"/></net>

<net id="143"><net_src comp="82" pin="0"/><net_sink comp="133" pin=0"/></net>

<net id="144"><net_src comp="0" pin="0"/><net_sink comp="133" pin=2"/></net>

<net id="145"><net_src comp="8" pin="0"/><net_sink comp="133" pin=7"/></net>

<net id="157"><net_src comp="100" pin="2"/><net_sink comp="152" pin=0"/></net>

<net id="158"><net_src comp="20" pin="0"/><net_sink comp="152" pin=1"/></net>

<net id="159"><net_src comp="94" pin="2"/><net_sink comp="152" pin=2"/></net>

<net id="164"><net_src comp="152" pin="3"/><net_sink comp="160" pin=0"/></net>

<net id="169"><net_src comp="56" pin="0"/><net_sink comp="165" pin=0"/></net>

<net id="174"><net_src comp="146" pin="1"/><net_sink comp="170" pin=0"/></net>

<net id="175"><net_src comp="26" pin="0"/><net_sink comp="170" pin=1"/></net>

<net id="181"><net_src comp="170" pin="2"/><net_sink comp="176" pin=0"/></net>

<net id="182"><net_src comp="26" pin="0"/><net_sink comp="176" pin=1"/></net>

<net id="183"><net_src comp="146" pin="1"/><net_sink comp="176" pin=2"/></net>

<net id="187"><net_src comp="176" pin="3"/><net_sink comp="184" pin=0"/></net>

<net id="192"><net_src comp="184" pin="1"/><net_sink comp="188" pin=0"/></net>

<net id="193"><net_src comp="62" pin="0"/><net_sink comp="188" pin=1"/></net>

<net id="198"><net_src comp="176" pin="3"/><net_sink comp="194" pin=0"/></net>

<net id="199"><net_src comp="20" pin="0"/><net_sink comp="194" pin=1"/></net>

<net id="204"><net_src comp="149" pin="1"/><net_sink comp="200" pin=0"/></net>

<net id="205"><net_src comp="64" pin="0"/><net_sink comp="200" pin=1"/></net>

<net id="210"><net_src comp="200" pin="2"/><net_sink comp="206" pin=0"/></net>

<net id="217"><net_src comp="66" pin="0"/><net_sink comp="211" pin=0"/></net>

<net id="218"><net_src comp="206" pin="2"/><net_sink comp="211" pin=1"/></net>

<net id="219"><net_src comp="24" pin="0"/><net_sink comp="211" pin=2"/></net>

<net id="220"><net_src comp="68" pin="0"/><net_sink comp="211" pin=3"/></net>

<net id="228"><net_src comp="0" pin="0"/><net_sink comp="224" pin=0"/></net>

<net id="229"><net_src comp="221" pin="1"/><net_sink comp="224" pin=1"/></net>

<net id="230"><net_src comp="224" pin="2"/><net_sink comp="120" pin=1"/></net>

<net id="237"><net_src comp="72" pin="0"/><net_sink comp="231" pin=0"/></net>

<net id="238"><net_src comp="54" pin="0"/><net_sink comp="231" pin=2"/></net>

<net id="239"><net_src comp="74" pin="0"/><net_sink comp="231" pin=3"/></net>

<net id="244"><net_src comp="231" pin="4"/><net_sink comp="240" pin=0"/></net>

<net id="245"><net_src comp="76" pin="0"/><net_sink comp="240" pin=1"/></net>

<net id="251"><net_src comp="240" pin="2"/><net_sink comp="246" pin=0"/></net>

<net id="252"><net_src comp="26" pin="0"/><net_sink comp="246" pin=2"/></net>

<net id="253"><net_src comp="246" pin="3"/><net_sink comp="133" pin=4"/></net>

<net id="258"><net_src comp="20" pin="0"/><net_sink comp="254" pin=0"/></net>

<net id="264"><net_src comp="240" pin="2"/><net_sink comp="259" pin=0"/></net>

<net id="265"><net_src comp="254" pin="2"/><net_sink comp="259" pin=1"/></net>

<net id="266"><net_src comp="78" pin="0"/><net_sink comp="259" pin=2"/></net>

<net id="271"><net_src comp="259" pin="3"/><net_sink comp="267" pin=0"/></net>

<net id="276"><net_src comp="267" pin="2"/><net_sink comp="272" pin=0"/></net>

<net id="284"><net_src comp="277" pin="1"/><net_sink comp="280" pin=0"/></net>

<net id="285"><net_src comp="149" pin="1"/><net_sink comp="280" pin=1"/></net>

<net id="290"><net_src comp="146" pin="1"/><net_sink comp="286" pin=0"/></net>

<net id="291"><net_src comp="20" pin="0"/><net_sink comp="286" pin=1"/></net>

<net id="296"><net_src comp="280" pin="2"/><net_sink comp="292" pin=0"/></net>

<net id="300"><net_src comp="86" pin="1"/><net_sink comp="297" pin=0"/></net>

<net id="301"><net_src comp="297" pin="1"/><net_sink comp="165" pin=1"/></net>

<net id="302"><net_src comp="297" pin="1"/><net_sink comp="149" pin=0"/></net>

<net id="303"><net_src comp="297" pin="1"/><net_sink comp="292" pin=1"/></net>

<net id="307"><net_src comp="90" pin="1"/><net_sink comp="304" pin=0"/></net>

<net id="308"><net_src comp="304" pin="1"/><net_sink comp="160" pin=1"/></net>

<net id="309"><net_src comp="304" pin="1"/><net_sink comp="146" pin=0"/></net>

<net id="310"><net_src comp="304" pin="1"/><net_sink comp="272" pin=1"/></net>

<net id="314"><net_src comp="94" pin="2"/><net_sink comp="311" pin=0"/></net>

<net id="315"><net_src comp="311" pin="1"/><net_sink comp="133" pin=6"/></net>

<net id="319"><net_src comp="106" pin="2"/><net_sink comp="316" pin=0"/></net>

<net id="320"><net_src comp="316" pin="1"/><net_sink comp="206" pin=1"/></net>

<net id="324"><net_src comp="146" pin="1"/><net_sink comp="321" pin=0"/></net>

<net id="325"><net_src comp="321" pin="1"/><net_sink comp="231" pin=1"/></net>

<net id="326"><net_src comp="321" pin="1"/><net_sink comp="246" pin=1"/></net>

<net id="327"><net_src comp="321" pin="1"/><net_sink comp="254" pin=1"/></net>

<net id="328"><net_src comp="321" pin="1"/><net_sink comp="267" pin=1"/></net>

<net id="329"><net_src comp="321" pin="1"/><net_sink comp="133" pin=1"/></net>

<net id="333"><net_src comp="176" pin="3"/><net_sink comp="330" pin=0"/></net>

<net id="334"><net_src comp="330" pin="1"/><net_sink comp="120" pin=2"/></net>

<net id="335"><net_src comp="330" pin="1"/><net_sink comp="126" pin=2"/></net>

<net id="336"><net_src comp="330" pin="1"/><net_sink comp="277" pin=0"/></net>

<net id="340"><net_src comp="188" pin="2"/><net_sink comp="337" pin=0"/></net>

<net id="341"><net_src comp="337" pin="1"/><net_sink comp="133" pin=5"/></net>

<net id="345"><net_src comp="194" pin="2"/><net_sink comp="342" pin=0"/></net>

<net id="349"><net_src comp="211" pin="4"/><net_sink comp="346" pin=0"/></net>

<net id="350"><net_src comp="346" pin="1"/><net_sink comp="221" pin=0"/></net>

<net id="351"><net_src comp="346" pin="1"/><net_sink comp="133" pin=3"/></net>

<net id="355"><net_src comp="224" pin="2"/><net_sink comp="352" pin=0"/></net>

<net id="356"><net_src comp="352" pin="1"/><net_sink comp="120" pin=1"/></net>

<net id="360"><net_src comp="246" pin="3"/><net_sink comp="357" pin=0"/></net>

<net id="361"><net_src comp="357" pin="1"/><net_sink comp="133" pin=4"/></net>

</net_list>

</model> 
---------------- Datapath Model END ------------------

* FSMD analyzer results:
  - Output states:
	Port: gmem1 | {}
	Port: outbuf | {19 20 }
	Port: outcount41 | {21 }
	Port: m2s_enb_clrsts_c | {1 }
 - Input state : 
	Port: paralleltostreamwithburst : gmem1 | {3 4 5 6 7 8 9 10 11 12 13 14 15 16 17 18 19 20 }
	Port: paralleltostreamwithburst : in_memory | {1 }
	Port: paralleltostreamwithburst : in_en_clrsts | {1 }
	Port: paralleltostreamwithburst : in_m2s_len | {1 }
  - Chain level:
	State 1
		store_ln87 : 1
		store_ln87 : 1
	State 2
		icmp_ln88 : 1
		count_3 : 2
		trunc_ln78 : 3
		sub : 4
		icmp_ln94 : 3
		br_ln94 : 4
		shl_ln94 : 1
		add_ln94 : 1
		trunc_ln1 : 2
	State 3
		gmem1_addr : 1
		empty : 2
	State 4
	State 5
	State 6
	State 7
	State 8
	State 9
	State 10
	State 11
	State 12
	State 13
	State 14
	State 15
	State 16
	State 17
	State 18
	State 19
		icmp : 1
		select_ln94 : 2
		select_ln94_1 : 2
		add_ln94_1 : 3
		call_ln94 : 3
		store_ln94 : 4
	State 20
	State 21
		add_ln110 : 1
		icmp_ln112 : 1
		br_ln112 : 2
		store_ln112 : 2


============================================================
+ Verbose Summary: Datapath Resource usage 
============================================================

* Functional unit list:
|----------|---------------------------------------------------------------|---------|---------|
| Operation|                        Functional Unit                        |    FF   |   LUT   |
|----------|---------------------------------------------------------------|---------|---------|
|   call   | grp_paralleltostreamwithburst_Pipeline_VITIS_LOOP_94_2_fu_133 |   355   |   209   |
|----------|---------------------------------------------------------------|---------|---------|
|          |                           sub_fu_188                          |    0    |    13   |
|    add   |                        add_ln94_fu_206                        |    0    |    71   |
|          |                       add_ln94_1_fu_267                       |    0    |    39   |
|          |                        add_ln110_fu_280                       |    0    |    71   |
|----------|---------------------------------------------------------------|---------|---------|
|          |                       select_ln82_fu_152                      |    0    |    32   |
|  select  |                         count_3_fu_176                        |    0    |    32   |
|          |                       select_ln94_fu_246                      |    0    |    32   |
|          |                      select_ln94_1_fu_259                     |    0    |    32   |
|----------|---------------------------------------------------------------|---------|---------|
|          |                        icmp_ln88_fu_170                       |    0    |    18   |
|   icmp   |                        icmp_ln94_fu_194                       |    0    |    18   |
|          |                          icmp_fu_240                          |    0    |    16   |
|          |                       icmp_ln112_fu_286                       |    0    |    18   |
|----------|---------------------------------------------------------------|---------|---------|
|    sub   |                        sub_ln94_fu_254                        |    0    |    39   |
|----------|---------------------------------------------------------------|---------|---------|
|          |                   in_m2s_len_read_read_fu_94                  |    0    |    0    |
|   read   |                 in_en_clrsts_read_read_fu_100                 |    0    |    0    |
|          |                   in_memory_read_read_fu_106                  |    0    |    0    |
|----------|---------------------------------------------------------------|---------|---------|
|   write  |                     write_ln0_write_fu_112                    |    0    |    0    |
|          |                    write_ln174_write_fu_126                   |    0    |    0    |
|----------|---------------------------------------------------------------|---------|---------|
|  readreq |                       grp_readreq_fu_120                      |    0    |    0    |
|----------|---------------------------------------------------------------|---------|---------|
|   trunc  |                       trunc_ln78_fu_184                       |    0    |    0    |
|----------|---------------------------------------------------------------|---------|---------|
|    shl   |                        shl_ln94_fu_200                        |    0    |    0    |
|----------|---------------------------------------------------------------|---------|---------|
|partselect|                        trunc_ln1_fu_211                       |    0    |    0    |
|          |                           tmp_fu_231                          |    0    |    0    |
|----------|---------------------------------------------------------------|---------|---------|
|   sext   |                        sext_ln94_fu_221                       |    0    |    0    |
|          |                       sext_ln110_fu_277                       |    0    |    0    |
|----------|---------------------------------------------------------------|---------|---------|
|   Total  |                                                               |   355   |   640   |
|----------|---------------------------------------------------------------|---------|---------|

Memories:
N/A

* Register list:
+-----------------------+--------+
|                       |   FF   |
+-----------------------+--------+
|    count_2_reg_321    |   32   |
|    count_3_reg_330    |   32   |
|     count_reg_304     |   32   |
|   gmem1_addr_reg_352  |   32   |
|   icmp_ln94_reg_342   |    1   |
|      idx_reg_297      |   64   |
|in_m2s_len_read_reg_311|   32   |
| in_memory_read_reg_316|   64   |
|  select_ln94_reg_357  |   32   |
|      sub_reg_337      |    4   |
|   trunc_ln1_reg_346   |   62   |
+-----------------------+--------+
|         Total         |   387  |
+-----------------------+--------+

* Multiplexer (MUX) list: 
|---------------------------------------------------------------|------|------|------|--------||---------||---------|
|                              Comp                             |  Pin | Size |  BW  | S x BW ||  Delay  ||   LUT   |
|---------------------------------------------------------------|------|------|------|--------||---------||---------|
|                       grp_readreq_fu_120                      |  p1  |   2  |  32  |   64   ||    9    |
| grp_paralleltostreamwithburst_Pipeline_VITIS_LOOP_94_2_fu_133 |  p4  |   2  |  32  |   64   ||    9    |
|---------------------------------------------------------------|------|------|------|--------||---------||---------|
|                             Total                             |      |      |      |   128  ||  3.176  ||    18   |
|---------------------------------------------------------------|------|------|------|--------||---------||---------|



* Summary:
+-----------+--------+--------+--------+
|           |  Delay |   FF   |   LUT  |
+-----------+--------+--------+--------+
|  Function |    -   |   355  |   640  |
|   Memory  |    -   |    -   |    -   |
|Multiplexer|    3   |    -   |   18   |
|  Register |    -   |   387  |    -   |
+-----------+--------+--------+--------+
|   Total   |    3   |   742  |   658  |
+-----------+--------+--------+--------+
