

================================================================
== Vitis HLS Report for 'sendoutstream'
================================================================
* Date:           Fri May 17 03:16:52 2024

* Version:        2022.1 (Build 3526262 on Mon Apr 18 15:47:01 MDT 2022)
* Project:        hls_userdma.prj
* Solution:       solution1 (Vivado IP Flow Target)
* Product family: zynq
* Target device:  xc7z020-clg400-1


================================================================
== Performance Estimates
================================================================
+ Timing: 
    * Summary: 
    +--------+----------+----------+------------+
    |  Clock |  Target  | Estimated| Uncertainty|
    +--------+----------+----------+------------+
    |ap_clk  |  10.00 ns|  4.110 ns|     2.70 ns|
    +--------+----------+----------+------------+

+ Latency: 
    * Summary: 
    +---------+---------+----------+----------+-----+-----+---------+
    |  Latency (cycles) |  Latency (absolute) |  Interval | Pipeline|
    |   min   |   max   |    min   |    max   | min | max |   Type  |
    +---------+---------+----------+----------+-----+-----+---------+
    |        ?|        ?|         ?|         ?|    ?|    ?|       no|
    +---------+---------+----------+----------+-----+-----+---------+

    + Detail: 
        * Instance: 
        +---------------------------------------------------+-----------------------------------------+---------+---------+----------+----------+-----+-----+---------+
        |                                                   |                                         |  Latency (cycles) |  Latency (absolute) |  Interval | Pipeline|
        |                      Instance                     |                  Module                 |   min   |   max   |    min   |    max   | min | max |   Type  |
        +---------------------------------------------------+-----------------------------------------+---------+---------+----------+----------+-----+-----+---------+
        |grp_sendoutstream_Pipeline_VITIS_LOOP_125_2_fu_89  |sendoutstream_Pipeline_VITIS_LOOP_125_2  |        ?|        ?|         ?|         ?|    ?|    ?|       no|
        +---------------------------------------------------+-----------------------------------------+---------+---------+----------+----------+-----+-----+---------+

        * Loop: 
        +--------------------+---------+---------+----------+-----------+-----------+------+----------+
        |                    |  Latency (cycles) | Iteration|  Initiation Interval  | Trip |          |
        |      Loop Name     |   min   |   max   |  Latency |  achieved |   target  | Count| Pipelined|
        +--------------------+---------+---------+----------+-----------+-----------+------+----------+
        |- VITIS_LOOP_122_1  |        ?|        ?|         ?|          -|          -|     ?|        no|
        +--------------------+---------+---------+----------+-----------+-----------+------+----------+



================================================================
== Utilization Estimates
================================================================
* Summary: 
+-----------------+---------+-----+--------+-------+-----+
|       Name      | BRAM_18K| DSP |   FF   |  LUT  | URAM|
+-----------------+---------+-----+--------+-------+-----+
|DSP              |        -|    -|       -|      -|    -|
|Expression       |        -|    -|       0|      6|    -|
|FIFO             |        -|    -|       -|      -|    -|
|Instance         |        -|    -|      39|    143|    -|
|Memory           |        -|    -|       -|      -|    -|
|Multiplexer      |        -|    -|       -|     76|    -|
|Register         |        -|    -|      43|      -|    -|
+-----------------+---------+-----+--------+-------+-----+
|Total            |        0|    0|      82|    225|    0|
+-----------------+---------+-----+--------+-------+-----+
|Available        |      280|  220|  106400|  53200|    0|
+-----------------+---------+-----+--------+-------+-----+
|Utilization (%)  |        0|    0|      ~0|     ~0|    0|
+-----------------+---------+-----+--------+-------+-----+

+ Detail: 
    * Instance: 
    +---------------------------------------------------+-----------------------------------------+---------+----+----+-----+-----+
    |                      Instance                     |                  Module                 | BRAM_18K| DSP| FF | LUT | URAM|
    +---------------------------------------------------+-----------------------------------------+---------+----+----+-----+-----+
    |grp_sendoutstream_Pipeline_VITIS_LOOP_125_2_fu_89  |sendoutstream_Pipeline_VITIS_LOOP_125_2  |        0|   0|  39|  143|    0|
    +---------------------------------------------------+-----------------------------------------+---------+----+----+-----+-----+
    |Total                                              |                                         |        0|   0|  39|  143|    0|
    +---------------------------------------------------+-----------------------------------------+---------+----+----+-----+-----+

    * DSP: 
    N/A

    * Memory: 
    N/A

    * FIFO: 
    N/A

    * Expression: 
    +-----------------------------------------------------------------------+----------+----+---+----+------------+------------+
    |                             Variable Name                             | Operation| DSP| FF| LUT| Bitwidth P0| Bitwidth P1|
    +-----------------------------------------------------------------------+----------+----+---+----+------------+------------+
    |grp_sendoutstream_Pipeline_VITIS_LOOP_125_2_fu_89_outStreamTop_TREADY  |       and|   0|  0|   2|           1|           1|
    |ap_block_state1                                                        |        or|   0|  0|   2|           1|           1|
    |xor_ln135_fu_120_p2                                                    |       xor|   0|  0|   2|           1|           2|
    +-----------------------------------------------------------------------+----------+----+---+----+------------+------------+
    |Total                                                                  |          |   0|  0|   6|           3|           4|
    +-----------------------------------------------------------------------+----------+----+---+----+------------+------------+

    * Multiplexer: 
    +--------------------+----+-----------+-----+-----------+
    |        Name        | LUT| Input Size| Bits| Total Bits|
    +--------------------+----+-----------+-----+-----------+
    |ap_NS_fsm           |  31|          6|    1|          6|
    |ap_done             |   9|          2|    1|          2|
    |in_en_clrsts_blk_n  |   9|          2|    1|          2|
    |m2s_buf_sts         |   9|          2|    1|          2|
    |outbuf_read         |   9|          2|    1|          2|
    |outcount41_blk_n    |   9|          2|    1|          2|
    +--------------------+----+-----------+-----+-----------+
    |Total               |  76|         16|    6|         16|
    +--------------------+----+-----------+-----+-----------+

    * Register: 
    +----------------------------------------------------------------+----+----+-----+-----------+
    |                              Name                              | FF | LUT| Bits| Const Bits|
    +----------------------------------------------------------------+----+----+-----+-----------+
    |ap_CS_fsm                                                       |   5|   0|    5|          0|
    |ap_done_reg                                                     |   1|   0|    1|          0|
    |grp_sendoutstream_Pipeline_VITIS_LOOP_125_2_fu_89_ap_start_reg  |   1|   0|    1|          0|
    |in_en_clrsts_read_reg_138                                       |   1|   0|    1|          0|
    |m2s_buf_sts_preg                                                |   1|   0|    1|          0|
    |out_val_last_V_fu_62                                            |   1|   0|    1|          0|
    |p_phi_loc_fu_66                                                 |   1|   0|    1|          0|
    |tmp_reg_143                                                     |  32|   0|   32|          0|
    +----------------------------------------------------------------+----+----+-----+-----------+
    |Total                                                           |  43|   0|   43|          0|
    +----------------------------------------------------------------+----+----+-----+-----------+



================================================================
== Interface
================================================================
* Summary: 
+-----------------------------+-----+-----+------------+-----------------------+--------------+
|          RTL Ports          | Dir | Bits|  Protocol  |     Source Object     |    C Type    |
+-----------------------------+-----+-----+------------+-----------------------+--------------+
|ap_clk                       |   in|    1|  ap_ctrl_hs|          sendoutstream|  return value|
|ap_rst                       |   in|    1|  ap_ctrl_hs|          sendoutstream|  return value|
|ap_start                     |   in|    1|  ap_ctrl_hs|          sendoutstream|  return value|
|ap_done                      |  out|    1|  ap_ctrl_hs|          sendoutstream|  return value|
|ap_continue                  |   in|    1|  ap_ctrl_hs|          sendoutstream|  return value|
|ap_idle                      |  out|    1|  ap_ctrl_hs|          sendoutstream|  return value|
|ap_ready                     |  out|    1|  ap_ctrl_hs|          sendoutstream|  return value|
|outbuf_dout                  |   in|   40|     ap_fifo|                 outbuf|       pointer|
|outbuf_num_data_valid        |   in|    7|     ap_fifo|                 outbuf|       pointer|
|outbuf_fifo_cap              |   in|    7|     ap_fifo|                 outbuf|       pointer|
|outbuf_empty_n               |   in|    1|     ap_fifo|                 outbuf|       pointer|
|outbuf_read                  |  out|    1|     ap_fifo|                 outbuf|       pointer|
|outcount41_dout              |   in|   32|     ap_fifo|             outcount41|       pointer|
|outcount41_num_data_valid    |   in|    3|     ap_fifo|             outcount41|       pointer|
|outcount41_fifo_cap          |   in|    3|     ap_fifo|             outcount41|       pointer|
|outcount41_empty_n           |   in|    1|     ap_fifo|             outcount41|       pointer|
|outcount41_read              |  out|    1|     ap_fifo|             outcount41|       pointer|
|in_en_clrsts_dout            |   in|    1|     ap_fifo|           in_en_clrsts|       pointer|
|in_en_clrsts_num_data_valid  |   in|    2|     ap_fifo|           in_en_clrsts|       pointer|
|in_en_clrsts_fifo_cap        |   in|    2|     ap_fifo|           in_en_clrsts|       pointer|
|in_en_clrsts_empty_n         |   in|    1|     ap_fifo|           in_en_clrsts|       pointer|
|in_en_clrsts_read            |  out|    1|     ap_fifo|           in_en_clrsts|       pointer|
|m2s_buf_sts                  |  out|    1|      ap_vld|            m2s_buf_sts|       pointer|
|m2s_buf_sts_ap_vld           |  out|    1|      ap_vld|            m2s_buf_sts|       pointer|
|outStreamTop_TDATA           |  out|   32|        axis|  outStreamTop_V_data_V|       pointer|
|outStreamTop_TVALID          |  out|    1|        axis|  outStreamTop_V_last_V|       pointer|
|outStreamTop_TREADY          |   in|    1|        axis|  outStreamTop_V_last_V|       pointer|
|outStreamTop_TLAST           |  out|    1|        axis|  outStreamTop_V_last_V|       pointer|
|outStreamTop_TKEEP           |  out|    4|        axis|  outStreamTop_V_keep_V|       pointer|
|outStreamTop_TSTRB           |  out|    4|        axis|  outStreamTop_V_strb_V|       pointer|
|outStreamTop_TUSER           |  out|    7|        axis|  outStreamTop_V_user_V|       pointer|
+-----------------------------+-----+-----+------------+-----------------------+--------------+

============================================================
+ Verbose Summary: Synthesis Manager
============================================================
InlineROM: 1
ExposeGlobal: 0
============================================================
+ Verbose Summary: CDFG Model
============================================================
IsTopModel: 0
ResetActiveHigh: 1
IsCombinational: 2
IsDatapathOnly: 0
HasWiredReturn: 1
HasMFsm: 0
HasVarLatency: 1
IsPipeline: 0
IsRtlPipelined: 0
IsInstanceOverlapped: 0
IsDontTouch: 0
HasImplIP: 0
IsGatedGlobalClock: 0


============================================================
+ Verbose Summary: Schedule
============================================================
* Number of FSM states : 5
* Pipeline : 0
* Dataflow Pipeline: 0

* FSM state transitions: 
1 --> 2 
2 --> 3 
3 --> 4 
4 --> 5 
5 --> 2 

* FSM state operations: 

State 1 <SV = 0> <Delay = 3.63>
ST_1 : Operation 6 [1/1] (0.00ns)   --->   "%out_val_last_V = alloca i32 1"   --->   Operation 6 'alloca' 'out_val_last_V' <Predicate = true> <Delay = 0.00>
ST_1 : Operation 7 [1/1] (0.00ns)   --->   "%p_phi_loc = alloca i64 1"   --->   Operation 7 'alloca' 'p_phi_loc' <Predicate = true> <Delay = 0.00>
ST_1 : Operation 8 [1/1] (0.00ns)   --->   "%specinterface_ln0 = specinterface void @_ssdm_op_SpecInterface, i1 %in_en_clrsts, void @ap_fifo_str, i32 0, i32 0, void @p_str, i32 0, i32 0, void @p_str, void @p_str, void @p_str, i32 2, i32 2, i32 16, i32 16, void @p_str, void @ScalarProp_str, i32 4294967295, i32 0"   --->   Operation 8 'specinterface' 'specinterface_ln0' <Predicate = true> <Delay = 0.00>
ST_1 : Operation 9 [1/1] (3.63ns)   --->   "%in_en_clrsts_read = read i1 @_ssdm_op_Read.ap_fifo.i1P0A, i1 %in_en_clrsts"   --->   Operation 9 'read' 'in_en_clrsts_read' <Predicate = true> <Delay = 3.63> <CoreInst = "FIFO_SRL">   --->   Core 81 'FIFO_SRL' <Latency = 0> <II = 1> <Delay = 3.63> <Storage> <Opcode : 'read' 'write' 'nbread' 'nbwrite'> <Ports = 0> <Width = 1> <Depth = 2> <FIFO>
ST_1 : Operation 10 [1/1] (0.00ns)   --->   "%specinterface_ln0 = specinterface void @_ssdm_op_SpecInterface, i32 %outcount41, void @empty_14, i32 0, i32 0, void @empty_2, i32 0, i32 0, void @empty_2, void @empty_2, void @empty_2, i32 0, i32 0, i32 0, i32 0, void @empty_2, void @empty_2, i32 4294967295, i32 0"   --->   Operation 10 'specinterface' 'specinterface_ln0' <Predicate = true> <Delay = 0.00>
ST_1 : Operation 11 [1/1] (0.00ns)   --->   "%specinterface_ln0 = specinterface void @_ssdm_op_SpecInterface, i40 %outbuf, void @empty_14, i32 0, i32 0, void @empty_2, i32 0, i32 0, void @empty_2, void @empty_2, void @empty_2, i32 0, i32 0, i32 0, i32 0, void @empty_2, void @empty_2, i32 4294967295, i32 0"   --->   Operation 11 'specinterface' 'specinterface_ln0' <Predicate = true> <Delay = 0.00>
ST_1 : Operation 12 [1/1] (0.00ns)   --->   "%specinterface_ln0 = specinterface void @_ssdm_op_SpecInterface, i1 %outStreamTop_V_last_V, i7 %outStreamTop_V_user_V, i4 %outStreamTop_V_strb_V, i4 %outStreamTop_V_keep_V, i32 %outStreamTop_V_data_V, void @empty_26, i32 1, i32 1, void @empty_25, i32 0, i32 0, void @empty_2, void @empty_2, void @empty_2, i32 0, i32 0, i32 0, i32 0, void @empty_2, void @empty_2, i32 4294967295, i32 0"   --->   Operation 12 'specinterface' 'specinterface_ln0' <Predicate = true> <Delay = 0.00>
ST_1 : Operation 13 [1/1] (0.00ns)   --->   "%br_ln122 = br void %VITIS_LOOP_125_2" [userdma.cpp:122]   --->   Operation 13 'br' 'br_ln122' <Predicate = true> <Delay = 0.00>

State 2 <SV = 1> <Delay = 3.63>
ST_2 : Operation 14 [1/1] (3.63ns)   --->   "%tmp = read i32 @_ssdm_op_Read.ap_fifo.volatile.i32P0A, i32 %outcount41" [/tools/Xilinx/Vitis_HLS/2022.1/common/technology/autopilot/hls_stream_39.h:145]   --->   Operation 14 'read' 'tmp' <Predicate = true> <Delay = 3.63> <CoreInst = "FIFO_SRL">   --->   Core 81 'FIFO_SRL' <Latency = 0> <II = 1> <Delay = 3.63> <Storage> <Opcode : 'read' 'write' 'nbread' 'nbwrite'> <Ports = 0> <Width = 32> <Depth = 4> <FIFO>

State 3 <SV = 2> <Delay = 1.58>
ST_3 : Operation 15 [1/1] (0.00ns)   --->   "%out_val_last_V_load = load i1 %out_val_last_V"   --->   Operation 15 'load' 'out_val_last_V_load' <Predicate = true> <Delay = 0.00>
ST_3 : Operation 16 [1/1] (0.00ns)   --->   "%empty = wait i32 @_ssdm_op_Wait"   --->   Operation 16 'wait' 'empty' <Predicate = true> <Delay = 0.00>
ST_3 : Operation 17 [2/2] (1.58ns)   --->   "%call_ln145 = call void @sendoutstream_Pipeline_VITIS_LOOP_125_2, i1 %out_val_last_V_load, i32 %tmp, i40 %outbuf, i32 %outStreamTop_V_data_V, i4 %outStreamTop_V_keep_V, i4 %outStreamTop_V_strb_V, i7 %outStreamTop_V_user_V, i1 %outStreamTop_V_last_V, i1 %p_phi_loc" [/tools/Xilinx/Vitis_HLS/2022.1/common/technology/autopilot/hls_stream_39.h:145]   --->   Operation 17 'call' 'call_ln145' <Predicate = true> <Delay = 1.58> <CoreType = "Generic">   --->   Core 0 '' <Latency = 0> <II = 1> <Delay = 1.00> <Generic> <Opcode : >

State 4 <SV = 3> <Delay = 3.56>
ST_4 : Operation 18 [1/2] (3.56ns)   --->   "%call_ln145 = call void @sendoutstream_Pipeline_VITIS_LOOP_125_2, i1 %out_val_last_V_load, i32 %tmp, i40 %outbuf, i32 %outStreamTop_V_data_V, i4 %outStreamTop_V_keep_V, i4 %outStreamTop_V_strb_V, i7 %outStreamTop_V_user_V, i1 %outStreamTop_V_last_V, i1 %p_phi_loc" [/tools/Xilinx/Vitis_HLS/2022.1/common/technology/autopilot/hls_stream_39.h:145]   --->   Operation 18 'call' 'call_ln145' <Predicate = true> <Delay = 3.56> <CoreType = "Generic">   --->   Core 0 '' <Latency = 0> <II = 1> <Delay = 1.00> <Generic> <Opcode : >

State 5 <SV = 4> <Delay = 0.97>
ST_5 : Operation 19 [1/1] (0.00ns)   --->   "%specloopname_ln120 = specloopname void @_ssdm_op_SpecLoopName, void @empty_17" [userdma.cpp:120]   --->   Operation 19 'specloopname' 'specloopname_ln120' <Predicate = true> <Delay = 0.00>
ST_5 : Operation 20 [1/1] (0.00ns)   --->   "%p_phi_loc_load = load i1 %p_phi_loc"   --->   Operation 20 'load' 'p_phi_loc_load' <Predicate = true> <Delay = 0.00>
ST_5 : Operation 21 [1/1] (0.00ns)   --->   "%store_ln133 = store i1 %p_phi_loc_load, i1 %out_val_last_V" [userdma.cpp:133]   --->   Operation 21 'store' 'store_ln133' <Predicate = true> <Delay = 0.00>
ST_5 : Operation 22 [1/1] (0.00ns)   --->   "%br_ln133 = br i1 %p_phi_loc_load, void %VITIS_LOOP_125_2, void %do.end" [userdma.cpp:133]   --->   Operation 22 'br' 'br_ln133' <Predicate = true> <Delay = 0.00>
ST_5 : Operation 23 [1/1] (0.97ns)   --->   "%xor_ln135 = xor i1 %in_en_clrsts_read, i1 1" [userdma.cpp:135]   --->   Operation 23 'xor' 'xor_ln135' <Predicate = (p_phi_loc_load)> <Delay = 0.97> <CoreInst = "LogicGate">   --->   Core 74 'LogicGate' <Latency = 0> <II = 1> <Delay = 0.97> <FuncUnit> <Opcode : 'and' 'or' 'xor'> <InPorts = 2> <OutPorts = 1>
ST_5 : Operation 24 [1/1] (0.00ns)   --->   "%write_ln135 = write void @_ssdm_op_Write.ap_auto.i1P0A, i1 %m2s_buf_sts, i1 %xor_ln135" [userdma.cpp:135]   --->   Operation 24 'write' 'write_ln135' <Predicate = (p_phi_loc_load)> <Delay = 0.00>
ST_5 : Operation 25 [1/1] (0.00ns)   --->   "%ret_ln137 = ret" [userdma.cpp:137]   --->   Operation 25 'ret' 'ret_ln137' <Predicate = (p_phi_loc_load)> <Delay = 0.00>


============================================================
+ Verbose Summary: Binding
============================================================
STG Binding: 
---------------- STG Properties BEGIN ----------------
- Is combinational: 0
- Is one-state seq: 0
- Is datapath-only: 0
- Is pipelined: 0
- Is top level: 0
Port [ Return ] is wired: 1; IO mode=ap_ctrl_hs:ce=0
Port [ outbuf]:  wired=1; compound=1; hidden=0; nouse=0; global=0; static=0; extern=0; dir=0; type=3; pingpong=0; private_global=0; IO mode=ap_fifo:ce=0
Port [ outcount41]:  wired=1; compound=1; hidden=0; nouse=0; global=0; static=0; extern=0; dir=0; type=3; pingpong=0; private_global=0; IO mode=ap_fifo:ce=0
Port [ in_en_clrsts]:  wired=1; compound=1; hidden=0; nouse=0; global=0; static=0; extern=0; dir=0; type=3; pingpong=0; private_global=0; IO mode=ap_fifo:ce=0
Port [ m2s_buf_sts]:  wired=1; compound=0; hidden=0; nouse=0; global=0; static=0; extern=0; dir=1; type=0; pingpong=0; private_global=0; IO mode=ap_vld:ce=0
Port [ outStreamTop_V_data_V]:  wired=1; compound=1; hidden=0; nouse=0; global=0; static=0; extern=0; dir=1; type=0; pingpong=0; private_global=0; IO mode=axis:ce=0
Port [ outStreamTop_V_keep_V]:  wired=1; compound=1; hidden=0; nouse=0; global=0; static=0; extern=0; dir=1; type=0; pingpong=0; private_global=0; IO mode=axis:ce=0
Port [ outStreamTop_V_strb_V]:  wired=1; compound=1; hidden=0; nouse=0; global=0; static=0; extern=0; dir=1; type=0; pingpong=0; private_global=0; IO mode=axis:ce=0
Port [ outStreamTop_V_user_V]:  wired=1; compound=1; hidden=0; nouse=0; global=0; static=0; extern=0; dir=1; type=0; pingpong=0; private_global=0; IO mode=axis:ce=0
Port [ outStreamTop_V_last_V]:  wired=1; compound=1; hidden=0; nouse=0; global=0; static=0; extern=0; dir=1; type=0; pingpong=0; private_global=0; IO mode=axis:ce=0
---------------- STG Properties END ------------------

---------------- Datapath Model BEGIN ----------------

<LifeTime>
<method=bitvector/>
out_val_last_V      (alloca       ) [ 001111]
p_phi_loc           (alloca       ) [ 001111]
specinterface_ln0   (specinterface) [ 000000]
in_en_clrsts_read   (read         ) [ 001111]
specinterface_ln0   (specinterface) [ 000000]
specinterface_ln0   (specinterface) [ 000000]
specinterface_ln0   (specinterface) [ 000000]
br_ln122            (br           ) [ 000000]
tmp                 (read         ) [ 000110]
out_val_last_V_load (load         ) [ 000010]
empty               (wait         ) [ 000000]
call_ln145          (call         ) [ 000000]
specloopname_ln120  (specloopname ) [ 000000]
p_phi_loc_load      (load         ) [ 001111]
store_ln133         (store        ) [ 000000]
br_ln133            (br           ) [ 000000]
xor_ln135           (xor          ) [ 000000]
write_ln135         (write        ) [ 000000]
ret_ln137           (ret          ) [ 000000]
</LifeTime>

<model>

<comp_list>
<comp id="0" class="1000" name="outbuf">
<pin_list>
<pin id="1" dir="1" index="0" bw="1" slack="0"/>
</pin_list>
<bind>
<StgValue><ssdm name="outbuf"/></StgValue>
</bind>
</comp>

<comp id="2" class="1000" name="outcount41">
<pin_list>
<pin id="3" dir="1" index="0" bw="1" slack="0"/>
</pin_list>
<bind>
<StgValue><ssdm name="outcount41"/></StgValue>
</bind>
</comp>

<comp id="4" class="1000" name="in_en_clrsts">
<pin_list>
<pin id="5" dir="1" index="0" bw="1" slack="0"/>
</pin_list>
<bind>
<StgValue><ssdm name="in_en_clrsts"/></StgValue>
</bind>
</comp>

<comp id="6" class="1000" name="m2s_buf_sts">
<pin_list>
<pin id="7" dir="1" index="0" bw="1" slack="0"/>
</pin_list>
<bind>
<StgValue><ssdm name="m2s_buf_sts"/></StgValue>
</bind>
</comp>

<comp id="8" class="1000" name="outStreamTop_V_data_V">
<pin_list>
<pin id="9" dir="1" index="0" bw="1" slack="0"/>
</pin_list>
<bind>
<StgValue><ssdm name="outStreamTop_V_data_V"/></StgValue>
</bind>
</comp>

<comp id="10" class="1000" name="outStreamTop_V_keep_V">
<pin_list>
<pin id="11" dir="1" index="0" bw="1" slack="0"/>
</pin_list>
<bind>
<StgValue><ssdm name="outStreamTop_V_keep_V"/></StgValue>
</bind>
</comp>

<comp id="12" class="1000" name="outStreamTop_V_strb_V">
<pin_list>
<pin id="13" dir="1" index="0" bw="1" slack="0"/>
</pin_list>
<bind>
<StgValue><ssdm name="outStreamTop_V_strb_V"/></StgValue>
</bind>
</comp>

<comp id="14" class="1000" name="outStreamTop_V_user_V">
<pin_list>
<pin id="15" dir="1" index="0" bw="1" slack="0"/>
</pin_list>
<bind>
<StgValue><ssdm name="outStreamTop_V_user_V"/></StgValue>
</bind>
</comp>

<comp id="16" class="1000" name="outStreamTop_V_last_V">
<pin_list>
<pin id="17" dir="1" index="0" bw="1" slack="0"/>
</pin_list>
<bind>
<StgValue><ssdm name="outStreamTop_V_last_V"/></StgValue>
</bind>
</comp>

<comp id="18" class="1001" name="const_18">
<pin_list>
<pin id="19" dir="1" index="0" bw="1" slack="0"/>
</pin_list>
<bind>
<StgValue><ssdm name=""/></StgValue>
</bind>
</comp>

<comp id="20" class="1001" name="const_20">
<pin_list>
<pin id="21" dir="1" index="0" bw="1" slack="0"/>
</pin_list>
<bind>
<StgValue><ssdm name=""/></StgValue>
</bind>
</comp>

<comp id="22" class="1001" name="const_22">
<pin_list>
<pin id="23" dir="1" index="0" bw="1" slack="2147483647"/>
</pin_list>
<bind>
<StgValue><ssdm name="_ssdm_op_SpecInterface"/></StgValue>
</bind>
</comp>

<comp id="24" class="1001" name="const_24">
<pin_list>
<pin id="25" dir="1" index="0" bw="1" slack="2147483647"/>
</pin_list>
<bind>
<StgValue><ssdm name="ap_fifo_str"/></StgValue>
</bind>
</comp>

<comp id="26" class="1001" name="const_26">
<pin_list>
<pin id="27" dir="1" index="0" bw="1" slack="2147483647"/>
</pin_list>
<bind>
<StgValue><ssdm name=""/></StgValue>
</bind>
</comp>

<comp id="28" class="1001" name="const_28">
<pin_list>
<pin id="29" dir="1" index="0" bw="1" slack="2147483647"/>
</pin_list>
<bind>
<StgValue><ssdm name="p_str"/></StgValue>
</bind>
</comp>

<comp id="30" class="1001" name="const_30">
<pin_list>
<pin id="31" dir="1" index="0" bw="1" slack="2147483647"/>
</pin_list>
<bind>
<StgValue><ssdm name=""/></StgValue>
</bind>
</comp>

<comp id="32" class="1001" name="const_32">
<pin_list>
<pin id="33" dir="1" index="0" bw="1" slack="2147483647"/>
</pin_list>
<bind>
<StgValue><ssdm name=""/></StgValue>
</bind>
</comp>

<comp id="34" class="1001" name="const_34">
<pin_list>
<pin id="35" dir="1" index="0" bw="1" slack="2147483647"/>
</pin_list>
<bind>
<StgValue><ssdm name="ScalarProp_str"/></StgValue>
</bind>
</comp>

<comp id="36" class="1001" name="const_36">
<pin_list>
<pin id="37" dir="1" index="0" bw="1" slack="2147483647"/>
</pin_list>
<bind>
<StgValue><ssdm name=""/></StgValue>
</bind>
</comp>

<comp id="38" class="1001" name="const_38">
<pin_list>
<pin id="39" dir="1" index="0" bw="1" slack="0"/>
</pin_list>
<bind>
<StgValue><ssdm name="_ssdm_op_Read.ap_fifo.i1P0A"/></StgValue>
</bind>
</comp>

<comp id="40" class="1001" name="const_40">
<pin_list>
<pin id="41" dir="1" index="0" bw="1" slack="2147483647"/>
</pin_list>
<bind>
<StgValue><ssdm name="empty_14"/></StgValue>
</bind>
</comp>

<comp id="42" class="1001" name="const_42">
<pin_list>
<pin id="43" dir="1" index="0" bw="1" slack="2147483647"/>
</pin_list>
<bind>
<StgValue><ssdm name="empty_2"/></StgValue>
</bind>
</comp>

<comp id="44" class="1001" name="const_44">
<pin_list>
<pin id="45" dir="1" index="0" bw="1" slack="2147483647"/>
</pin_list>
<bind>
<StgValue><ssdm name="empty_26"/></StgValue>
</bind>
</comp>

<comp id="46" class="1001" name="const_46">
<pin_list>
<pin id="47" dir="1" index="0" bw="1" slack="2147483647"/>
</pin_list>
<bind>
<StgValue><ssdm name="empty_25"/></StgValue>
</bind>
</comp>

<comp id="48" class="1001" name="const_48">
<pin_list>
<pin id="49" dir="1" index="0" bw="1" slack="0"/>
</pin_list>
<bind>
<StgValue><ssdm name="_ssdm_op_Read.ap_fifo.volatile.i32P0A"/></StgValue>
</bind>
</comp>

<comp id="50" class="1001" name="const_50">
<pin_list>
<pin id="51" dir="1" index="0" bw="1" slack="2147483647"/>
</pin_list>
<bind>
<StgValue><ssdm name="_ssdm_op_Wait"/></StgValue>
</bind>
</comp>

<comp id="52" class="1001" name="const_52">
<pin_list>
<pin id="53" dir="1" index="0" bw="1" slack="0"/>
</pin_list>
<bind>
<StgValue><ssdm name="sendoutstream_Pipeline_VITIS_LOOP_125_2"/></StgValue>
</bind>
</comp>

<comp id="54" class="1001" name="const_54">
<pin_list>
<pin id="55" dir="1" index="0" bw="1" slack="2147483647"/>
</pin_list>
<bind>
<StgValue><ssdm name="_ssdm_op_SpecLoopName"/></StgValue>
</bind>
</comp>

<comp id="56" class="1001" name="const_56">
<pin_list>
<pin id="57" dir="1" index="0" bw="1" slack="2147483647"/>
</pin_list>
<bind>
<StgValue><ssdm name="empty_17"/></StgValue>
</bind>
</comp>

<comp id="58" class="1001" name="const_58">
<pin_list>
<pin id="59" dir="1" index="0" bw="1" slack="0"/>
</pin_list>
<bind>
<StgValue><ssdm name=""/></StgValue>
</bind>
</comp>

<comp id="60" class="1001" name="const_60">
<pin_list>
<pin id="61" dir="1" index="0" bw="1" slack="0"/>
</pin_list>
<bind>
<StgValue><ssdm name="_ssdm_op_Write.ap_auto.i1P0A"/></StgValue>
</bind>
</comp>

<comp id="62" class="1004" name="out_val_last_V_fu_62">
<pin_list>
<pin id="63" dir="0" index="0" bw="1" slack="0"/>
<pin id="64" dir="1" index="1" bw="1" slack="2"/>
</pin_list>
<bind>
<opcode="alloca(26) " fcode="alloca"/>
<opset="out_val_last_V/1 "/>
</bind>
</comp>

<comp id="66" class="1004" name="p_phi_loc_fu_66">
<pin_list>
<pin id="67" dir="0" index="0" bw="1" slack="0"/>
<pin id="68" dir="1" index="1" bw="1" slack="2"/>
</pin_list>
<bind>
<opcode="alloca(26) " fcode="alloca"/>
<opset="p_phi_loc/1 "/>
</bind>
</comp>

<comp id="70" class="1004" name="in_en_clrsts_read_read_fu_70">
<pin_list>
<pin id="71" dir="0" index="0" bw="1" slack="0"/>
<pin id="72" dir="0" index="1" bw="1" slack="0"/>
<pin id="73" dir="1" index="2" bw="1" slack="4"/>
</pin_list>
<bind>
<opcode="read(1150) " fcode="read"/>
<opset="in_en_clrsts_read/1 "/>
</bind>
</comp>

<comp id="76" class="1004" name="tmp_read_fu_76">
<pin_list>
<pin id="77" dir="0" index="0" bw="32" slack="0"/>
<pin id="78" dir="0" index="1" bw="32" slack="0"/>
<pin id="79" dir="1" index="2" bw="32" slack="1"/>
</pin_list>
<bind>
<opcode="read(1150) " fcode="read"/>
<opset="tmp/2 "/>
</bind>
</comp>

<comp id="82" class="1004" name="write_ln135_write_fu_82">
<pin_list>
<pin id="83" dir="0" index="0" bw="0" slack="0"/>
<pin id="84" dir="0" index="1" bw="1" slack="0"/>
<pin id="85" dir="0" index="2" bw="1" slack="0"/>
<pin id="86" dir="1" index="3" bw="0" slack="2147483647"/>
</pin_list>
<bind>
<opcode="write(1151) " fcode="write"/>
<opset="write_ln135/5 "/>
</bind>
</comp>

<comp id="89" class="1004" name="grp_sendoutstream_Pipeline_VITIS_LOOP_125_2_fu_89">
<pin_list>
<pin id="90" dir="0" index="0" bw="0" slack="0"/>
<pin id="91" dir="0" index="1" bw="1" slack="0"/>
<pin id="92" dir="0" index="2" bw="32" slack="1"/>
<pin id="93" dir="0" index="3" bw="40" slack="0"/>
<pin id="94" dir="0" index="4" bw="32" slack="0"/>
<pin id="95" dir="0" index="5" bw="4" slack="0"/>
<pin id="96" dir="0" index="6" bw="4" slack="0"/>
<pin id="97" dir="0" index="7" bw="7" slack="0"/>
<pin id="98" dir="0" index="8" bw="1" slack="0"/>
<pin id="99" dir="0" index="9" bw="1" slack="2"/>
<pin id="100" dir="1" index="10" bw="0" slack="2147483647"/>
</pin_list>
<bind>
<opcode="call(48) " fcode="call"/>
<opset="call_ln145/3 "/>
</bind>
</comp>

<comp id="108" class="1004" name="out_val_last_V_load_load_fu_108">
<pin_list>
<pin id="109" dir="0" index="0" bw="1" slack="2"/>
<pin id="110" dir="1" index="1" bw="1" slack="0"/>
</pin_list>
<bind>
<opcode="load(27) " fcode="load"/>
<opset="out_val_last_V_load/3 "/>
</bind>
</comp>

<comp id="112" class="1004" name="p_phi_loc_load_load_fu_112">
<pin_list>
<pin id="113" dir="0" index="0" bw="1" slack="4"/>
<pin id="114" dir="1" index="1" bw="1" slack="0"/>
</pin_list>
<bind>
<opcode="load(27) " fcode="load"/>
<opset="p_phi_loc_load/5 "/>
</bind>
</comp>

<comp id="115" class="1004" name="store_ln133_store_fu_115">
<pin_list>
<pin id="116" dir="0" index="0" bw="1" slack="0"/>
<pin id="117" dir="0" index="1" bw="1" slack="4"/>
<pin id="118" dir="1" index="2" bw="0" slack="2147483647"/>
</pin_list>
<bind>
<opcode="store(28) " fcode="store"/>
<opset="store_ln133/5 "/>
</bind>
</comp>

<comp id="120" class="1004" name="xor_ln135_fu_120">
<pin_list>
<pin id="121" dir="0" index="0" bw="1" slack="4"/>
<pin id="122" dir="0" index="1" bw="1" slack="0"/>
<pin id="123" dir="1" index="2" bw="1" slack="0"/>
</pin_list>
<bind>
<opcode="xor(25) " fcode="xor"/>
<opset="xor_ln135/5 "/>
</bind>
</comp>

<comp id="126" class="1005" name="out_val_last_V_reg_126">
<pin_list>
<pin id="127" dir="0" index="0" bw="1" slack="2"/>
<pin id="128" dir="1" index="1" bw="1" slack="2"/>
</pin_list>
<bind>
<opset="out_val_last_V "/>
</bind>
</comp>

<comp id="132" class="1005" name="p_phi_loc_reg_132">
<pin_list>
<pin id="133" dir="0" index="0" bw="1" slack="2"/>
<pin id="134" dir="1" index="1" bw="1" slack="2"/>
</pin_list>
<bind>
<opset="p_phi_loc "/>
</bind>
</comp>

<comp id="138" class="1005" name="in_en_clrsts_read_reg_138">
<pin_list>
<pin id="139" dir="0" index="0" bw="1" slack="4"/>
<pin id="140" dir="1" index="1" bw="1" slack="4"/>
</pin_list>
<bind>
<opset="in_en_clrsts_read "/>
</bind>
</comp>

<comp id="143" class="1005" name="tmp_reg_143">
<pin_list>
<pin id="144" dir="0" index="0" bw="32" slack="1"/>
<pin id="145" dir="1" index="1" bw="32" slack="1"/>
</pin_list>
<bind>
<opset="tmp "/>
</bind>
</comp>

</comp_list>

<net_list>
<net id="65"><net_src comp="18" pin="0"/><net_sink comp="62" pin=0"/></net>

<net id="69"><net_src comp="20" pin="0"/><net_sink comp="66" pin=0"/></net>

<net id="74"><net_src comp="38" pin="0"/><net_sink comp="70" pin=0"/></net>

<net id="75"><net_src comp="4" pin="0"/><net_sink comp="70" pin=1"/></net>

<net id="80"><net_src comp="48" pin="0"/><net_sink comp="76" pin=0"/></net>

<net id="81"><net_src comp="2" pin="0"/><net_sink comp="76" pin=1"/></net>

<net id="87"><net_src comp="60" pin="0"/><net_sink comp="82" pin=0"/></net>

<net id="88"><net_src comp="6" pin="0"/><net_sink comp="82" pin=1"/></net>

<net id="101"><net_src comp="52" pin="0"/><net_sink comp="89" pin=0"/></net>

<net id="102"><net_src comp="0" pin="0"/><net_sink comp="89" pin=3"/></net>

<net id="103"><net_src comp="8" pin="0"/><net_sink comp="89" pin=4"/></net>

<net id="104"><net_src comp="10" pin="0"/><net_sink comp="89" pin=5"/></net>

<net id="105"><net_src comp="12" pin="0"/><net_sink comp="89" pin=6"/></net>

<net id="106"><net_src comp="14" pin="0"/><net_sink comp="89" pin=7"/></net>

<net id="107"><net_src comp="16" pin="0"/><net_sink comp="89" pin=8"/></net>

<net id="111"><net_src comp="108" pin="1"/><net_sink comp="89" pin=1"/></net>

<net id="119"><net_src comp="112" pin="1"/><net_sink comp="115" pin=0"/></net>

<net id="124"><net_src comp="58" pin="0"/><net_sink comp="120" pin=1"/></net>

<net id="125"><net_src comp="120" pin="2"/><net_sink comp="82" pin=2"/></net>

<net id="129"><net_src comp="62" pin="1"/><net_sink comp="126" pin=0"/></net>

<net id="130"><net_src comp="126" pin="1"/><net_sink comp="108" pin=0"/></net>

<net id="131"><net_src comp="126" pin="1"/><net_sink comp="115" pin=1"/></net>

<net id="135"><net_src comp="66" pin="1"/><net_sink comp="132" pin=0"/></net>

<net id="136"><net_src comp="132" pin="1"/><net_sink comp="89" pin=9"/></net>

<net id="137"><net_src comp="132" pin="1"/><net_sink comp="112" pin=0"/></net>

<net id="141"><net_src comp="70" pin="2"/><net_sink comp="138" pin=0"/></net>

<net id="142"><net_src comp="138" pin="1"/><net_sink comp="120" pin=0"/></net>

<net id="146"><net_src comp="76" pin="2"/><net_sink comp="143" pin=0"/></net>

<net id="147"><net_src comp="143" pin="1"/><net_sink comp="89" pin=2"/></net>

</net_list>

</model> 
---------------- Datapath Model END ------------------

* FSMD analyzer results:
  - Output states:
	Port: m2s_buf_sts | {5 }
	Port: outStreamTop_V_data_V | {3 4 }
	Port: outStreamTop_V_keep_V | {3 4 }
	Port: outStreamTop_V_strb_V | {3 4 }
	Port: outStreamTop_V_user_V | {3 4 }
	Port: outStreamTop_V_last_V | {3 4 }
 - Input state : 
	Port: sendoutstream : outbuf | {3 4 }
	Port: sendoutstream : outcount41 | {2 }
	Port: sendoutstream : in_en_clrsts | {1 }
	Port: sendoutstream : m2s_buf_sts | {}
	Port: sendoutstream : outStreamTop_V_data_V | {}
	Port: sendoutstream : outStreamTop_V_keep_V | {}
	Port: sendoutstream : outStreamTop_V_strb_V | {}
	Port: sendoutstream : outStreamTop_V_user_V | {}
	Port: sendoutstream : outStreamTop_V_last_V | {}
  - Chain level:
	State 1
	State 2
	State 3
		call_ln145 : 1
	State 4
	State 5
		store_ln133 : 1
		br_ln133 : 1


============================================================
+ Verbose Summary: Datapath Resource usage 
============================================================

* Functional unit list:
|----------|---------------------------------------------------|---------|---------|
| Operation|                  Functional Unit                  |    FF   |   LUT   |
|----------|---------------------------------------------------|---------|---------|
|   call   | grp_sendoutstream_Pipeline_VITIS_LOOP_125_2_fu_89 |    67   |    56   |
|----------|---------------------------------------------------|---------|---------|
|    xor   |                  xor_ln135_fu_120                 |    0    |    2    |
|----------|---------------------------------------------------|---------|---------|
|   read   |            in_en_clrsts_read_read_fu_70           |    0    |    0    |
|          |                   tmp_read_fu_76                  |    0    |    0    |
|----------|---------------------------------------------------|---------|---------|
|   write  |              write_ln135_write_fu_82              |    0    |    0    |
|----------|---------------------------------------------------|---------|---------|
|   Total  |                                                   |    67   |    58   |
|----------|---------------------------------------------------|---------|---------|

Memories:
N/A

* Register list:
+-------------------------+--------+
|                         |   FF   |
+-------------------------+--------+
|in_en_clrsts_read_reg_138|    1   |
|  out_val_last_V_reg_126 |    1   |
|    p_phi_loc_reg_132    |    1   |
|       tmp_reg_143       |   32   |
+-------------------------+--------+
|          Total          |   35   |
+-------------------------+--------+

* Multiplexer (MUX) list: 
|--------|------|------|------|--------|
|  Comp  |  Pin | Size |  BW  | S x BW |
|--------|------|------|------|--------|
|  Total |      |      |      |    0   |
|--------|------|------|------|--------|



* Summary:
+-----------+--------+--------+
|           |   FF   |   LUT  |
+-----------+--------+--------+
|  Function |   67   |   58   |
|   Memory  |    -   |    -   |
|Multiplexer|    -   |    -   |
|  Register |   35   |    -   |
+-----------+--------+--------+
|   Total   |   102  |   58   |
+-----------+--------+--------+
